
ROM used:   616/4096 (15%)
            616/4096 (15%) including unused fragments

            0.4 Average locations per line
            5.3 Average locations per statement

RAM used:   27/383 (7%) at main() level
            51/383 (13%) worst case

Stack used: 4 worst case (4 in main + 0 for interrupts)
Stack size: 16

Lines Stmts  %   Files
----- ----- ---  -----
  119    33  28  Ejercicio4_TP2.c
  965     0   0  ..\..\..\..\..\..\..\Program Files (x86)\PICC\Devices\16F1827.h
    5     0   0  Ejercicio4_TP2.h
  456    84  72  ..\..\..\..\..\..\..\Program Files (x86)\PICC\Drivers\lcd.c
----- -----
 1545   117 Total

Page ROM  %  RAM    Vol Diff  Functions:
---- --- --- ---    --- ----  ----------
0     21   3    1             @delay_ms1
 Inline         3    596  5.9  lcd_read_byte
0      6   1    0     59  4.2  lcd_read_nibble
0     15   2    1    179  3.3  lcd_send_nibble
0     66  11    3    460  4.7  lcd_send_byte
0     64  10    6    814  7.2  lcd_init
0     18   3    4    208  6.3  lcd_gotoxy
0     44   7    1    354  4.7  lcd_putc
0     63  10    0     82  1.8  MAIN
0      3   0    0    344  1.4  @const775
0     75  12    3             @PSTRINGC7_747
0     26   4    0     86  1.3  Init_GPIO
 Inline         3    412  5.3  read_keypad
0     32   5    6    323  5.0  @WRITEBITA
0     26   4    5             @READBITA
 Inline         2             @MUL88
0    154  25    0    204  4.4  maquina
 Inline         0             @cinit1

Program metrics:
    Functions               13
    Statements              117
    Comments                298
    Volume (V)              6841
    Difficulty (D)          54.6
    Effort to implement (E) 373353
    Time to implement (T)   5 hours, 46 minutes
    Est Delivered Bugs (B)  2
    Cyclomatic Complexity   19
    Maintainability (MI)    148

 Segment     Used  Free
-----------  ----  ----
00000-00002     3  0  
00003-007FF   613  1432  
00800-00FFF     0  2048  



