
ROM used:   688/4096 (17%)
            688/4096 (17%) including unused fragments

            0.4 Average locations per line
            4.9 Average locations per statement

RAM used:   18/383 (5%) at main() level
            41/383 (11%) worst case

Stack used: 3 worst case (3 in main + 0 for interrupts)
Stack size: 16

Lines Stmts  %   Files
----- ----- ---  -----
  133    39  28  Ejercicio4.c
    5     0   0  Ejercicio4.h
  965     0   0  ..\..\..\..\..\..\Program Files (x86)\PICC\Devices\16F1827.h
  456   100  72  ..\..\..\..\..\..\Program Files (x86)\PICC\Drivers\lcd.c
----- -----
 1559   139 Total

Page ROM  %  RAM    Vol Diff  Functions:
---- --- --- ---    --- ----  ----------
0     22   3    1             @delay_ms1
 Inline         3    760  4.5  lcd_read_byte
0     49   7    2    262  3.7  lcd_read_nibble
0     55   8    1    399  2.4  lcd_send_nibble
0     97  14    3    415  3.7  lcd_send_byte
0     73  11    6    852  6.2  lcd_init
0     18   3    4    208  6.3  lcd_gotoxy
 Inline         1    354  4.7  lcd_putc
0     45   7    0     50  1.3  MAIN
0     13   2    0     48  1.1  Init_GPIO
0      5   1    0    535  5.7  @const773
0      4   1    0             @const776
 Inline         4    948  6.7  getKey
0     32   5    6    412  5.3  @WRITEBITA
0     25   4    5    181  4.3  @READBITA
 Inline         2    181  4.3  @MUL88
0    247  36    0    181  4.3  maquina
 Inline         0    204  4.4  @cinit1

Program metrics:
    Functions               16
    Statements              139
    Comments                298
    Volume (V)              10049
    Difficulty (D)          70.4
    Effort to implement (E) 707485
    Time to implement (T)   10 hours, 55 minutes
    Est Delivered Bugs (B)  3
    Cyclomatic Complexity   31
    Maintainability (MI)    122

 Segment     Used  Free
-----------  ----  ----
00000-00002     3  0  
00003-007FF   685  1360  
00800-00FFF     0  2048  



