
ROM used:   479/4096 (12%)
            479/4096 (12%) including unused fragments

            0.4 Average locations per line
            8.0 Average locations per statement

RAM used:   7/383 (2%) at main() level
            25/383 (7%) worst case

Stack used: 1 worst case (1 in main + 0 for interrupts)
Stack size: 16

Lines Stmts  %   Files
----- ----- ---  -----
  151    60 100  TP_Final_Grupo11.c
    5     0   0  TP_Final_Grupo11.h
  965     0   0  ..\..\..\..\..\..\..\Program Files (x86)\PICC\Devices\16F1827.h
----- -----
 1121    60 Total

Page ROM  %  RAM    Vol Diff  Functions:
---- --- --- ---    --- ----  ----------
0     22   5    1             @delay_ms1
0     38   8    1             @PUTCHAR_1_
0     11   2    0             @const728
0     13   3    0             @const734
0     50  10    1    179  3.7  main
0     60  13    0    514  2.9  decharabin
0     10   2    0     54  1.2  Init_GPIO
0     27   6    0     92  1.3  Init_Keypad
0      5   1    0             @const746
0      4   1    0             @const749
0    179  37    4    948  6.7  getKey
0     32   7    6             @WRITEBITA
0     25   5    5             @READBITA
 Inline         2             @MUL88
 Inline         0             @cinit1

Program metrics:
    Functions               5
    Statements              60
    Comments                195
    Volume (V)              2412
    Difficulty (D)          15.2
    Effort to implement (E) 36592
    Time to implement (T)   34 minutes
    Est Delivered Bugs (B)  0
    Cyclomatic Complexity   15
    Maintainability (MI)    86

 Segment     Used  Free
-----------  ----  ----
00000-00002     3  0  
00003-007FF   476  1569  
00800-00FFF     0  2048  



