CCS PCM C Compiler, Version 5.093, 4770               16-oct.-25 14:19

               Filename:   C:\Users\MPF\Desktop\Git\Electr-nica-Digital-2\Guia 3\Ejercicio 5\TP#3_Ejercicio5.lst

               ROM used:   788 words (19%)
                           Largest free fragment is 2048
               RAM used:   19 (5%) at main() level
                           50 (13%) worst case
               Stack used: 6 locations (5 in main + 1 for interrupts)
               Stack size: 16

0000:  MOVLP  00
0001:  GOTO   26E
0002:  NOP
*
0004:  CLRF   03
0005:  MOVLP  00
0006:  MOVLB  00
0007:  MOVF   77,W
0008:  MOVWF  20
0009:  MOVF   78,W
000A:  MOVWF  21
000B:  MOVF   79,W
000C:  MOVWF  22
000D:  MOVF   7A,W
000E:  MOVWF  23
000F:  BTFSS  0B.5
0010:  GOTO   013
0011:  BTFSC  0B.2
0012:  GOTO   01C
0013:  MOVF   20,W
0014:  MOVWF  77
0015:  MOVF   21,W
0016:  MOVWF  78
0017:  MOVF   22,W
0018:  MOVWF  79
0019:  MOVF   23,W
001A:  MOVWF  7A
001B:  RETFIE
001C:  MOVLP  00
001D:  GOTO   01E
.................... #include <TP#3_Ejercicio5.h>
.................... #include <16F1827.h>
.................... //////////// Standard Header file for the PIC16F1827 device ////////////////
.................... ///////////////////////////////////////////////////////////////////////////
.................... ////        (C) Copyright 1996, 2014 Custom Computer Services          ////
.................... //// This source code may only be used by licensed users of the CCS C  ////
.................... //// compiler.  This source code may only be distributed to other      ////
.................... //// licensed users of the CCS C compiler.  No other use, reproduction ////
.................... //// or distribution is permitted without written permission.          ////
.................... //// Derivative programs created using this software in object code    ////
.................... //// form are not restricted in any way.                               ////
.................... ///////////////////////////////////////////////////////////////////////////
.................... #device PIC16F1827
*
0209:  MOVF   05,W
020A:  MOVWF  37
020B:  MOVF   04,W
020C:  MOVWF  36
020D:  SWAPF  2F,W
020E:  IORLW  F0
020F:  MOVWF  32
0210:  ADDWF  32,F
0211:  ADDLW  E2
0212:  MOVWF  33
0213:  ADDLW  32
0214:  MOVWF  35
0215:  MOVF   2F,W
0216:  ANDLW  0F
0217:  ADDWF  33,F
0218:  ADDWF  33,F
0219:  ADDWF  35,F
021A:  ADDLW  E9
021B:  MOVWF  34
021C:  ADDWF  34,F
021D:  ADDWF  34,F
021E:  SWAPF  2E,W
021F:  ANDLW  0F
0220:  ADDWF  34,F
0221:  ADDWF  35,F
0222:  RLF    34,F
0223:  RLF    35,F
0224:  COMF   35,F
0225:  RLF    35,F
0226:  MOVF   2E,W
0227:  ANDLW  0F
0228:  ADDWF  35,F
0229:  RLF    32,F
022A:  MOVLW  07
022B:  MOVWF  31
022C:  MOVLW  0A
022D:  ADDWF  35,F
022E:  DECF   34,F
022F:  BTFSS  03.0
0230:  GOTO   22D
0231:  ADDWF  34,F
0232:  DECF   33,F
0233:  BTFSS  03.0
0234:  GOTO   231
0235:  ADDWF  33,F
0236:  DECF   32,F
0237:  BTFSS  03.0
0238:  GOTO   235
0239:  ADDWF  32,F
023A:  DECF   31,F
023B:  BTFSS  03.0
023C:  GOTO   239
023D:  MOVLW  20
023E:  MOVWF  05
023F:  MOVLW  11
0240:  MOVWF  04
0241:  MOVLW  07
0242:  ANDWF  36,W
0243:  BCF    36.6
0244:  ADDWF  04,F
0245:  MOVLW  00
0246:  ADDWFC 05,F
0247:  MOVF   04,W
0248:  SUBLW  15
0249:  BTFSS  03.2
024A:  GOTO   24F
024B:  MOVF   05,W
024C:  SUBLW  20
024D:  BTFSC  03.2
024E:  BSF    36.6
024F:  MOVF   00,W
0250:  MOVWF  77
0251:  BTFSS  03.2
0252:  GOTO   25B
0253:  BTFSC  36.6
0254:  GOTO   25B
0255:  BTFSC  36.4
0256:  GOTO   26A
0257:  BTFSC  36.3
0258:  GOTO   25B
0259:  MOVLW  20
025A:  GOTO   25E
025B:  BSF    36.3
025C:  BCF    36.4
025D:  MOVLW  30
025E:  ADDWF  77,F
025F:  MOVF   05,W
0260:  MOVWF  2F
0261:  MOVF   04,W
0262:  MOVWF  2E
0263:  MOVF   77,W
0264:  MOVWF  38
0265:  CALL   183
0266:  MOVF   2F,W
0267:  MOVWF  05
0268:  MOVF   2E,W
0269:  MOVWF  04
026A:  ADDFSR 01,FSR0
026B:  BTFSS  36.6
026C:  GOTO   247
026D:  RETURN
.................... 
.................... #list
.................... 
.................... #device ADC=10
.................... #use delay(internal=4MHz)
*
003C:  MOVLW  20
003D:  MOVWF  05
003E:  MOVLW  19
003F:  MOVWF  04
0040:  MOVF   00,W
0041:  BTFSC  03.2
0042:  GOTO   051
0043:  MOVLW  01
0044:  MOVWF  78
0045:  CLRF   77
0046:  DECFSZ 77,F
0047:  GOTO   046
0048:  DECFSZ 78,F
0049:  GOTO   045
004A:  MOVLW  4A
004B:  MOVWF  77
004C:  DECFSZ 77,F
004D:  GOTO   04C
004E:  GOTO   04F
004F:  DECFSZ 00,F
0050:  GOTO   043
0051:  RETURN
.................... 
.................... 
.................... 
.................... #fuses INTRC_IO   // Oscilador interno con pines RA6 y RA7 como GPIO
.................... #fuses NOMCLR     // Desactivo el MCLR
.................... #fuses NOWDT      // Desactivo el watchdog
.................... 
.................... /*****************************************************************************
....................  * LCD
....................  ****************************************************************************/
.................... 
.................... #define LCD_ENABLE_PIN  PIN_B0
.................... #define LCD_RS_PIN      PIN_B2
.................... #define LCD_RW_PIN      PIN_A2 // CONECTADO A GND SI NO LO USAMOS
.................... #define LCD_DATA4       PIN_B3
.................... #define LCD_DATA5       PIN_B5
.................... #define LCD_DATA6       PIN_B6
.................... #define LCD_DATA7       PIN_B7
.................... 
.................... #include <lcd.c>
.................... ///////////////////////////////////////////////////////////////////////////////
.................... ////                             LCD.C                                     ////
.................... ////                 Driver for common LCD modules                         ////
.................... ////                                                                       ////
.................... ////  lcd_init()   Must be called before any other function.               ////
.................... ////                                                                       ////
.................... ////  lcd_putc(c)  Will display c on the next position of the LCD.         ////
.................... ////                 \a  Set cursor position to upper left                 ////
.................... ////                 \f  Clear display, set cursor to upper left           ////
.................... ////                 \n  Go to start of second line                        ////
.................... ////                 \b  Move back one position                            ////
.................... ////              If LCD_EXTENDED_NEWLINE is defined, the \n character     ////
.................... ////              will erase all remanining characters on the current      ////
.................... ////              line, and move the cursor to the beginning of the next   ////
.................... ////              line.                                                    ////
.................... ////              If LCD_EXTENDED_NEWLINE is defined, the \r character     ////
.................... ////              will move the cursor to the start of the current         ////
.................... ////              line.                                                    ////
.................... ////                                                                       ////
.................... ////  lcd_gotoxy(x,y) Set write position on LCD (upper left is 1,1)        ////
.................... ////                                                                       ////
.................... ////  lcd_getc(x,y)   Returns character at position x,y on LCD             ////
.................... ////                                                                       ////
.................... ////  lcd_cursor_on(int1 on)   Turn the cursor on (on=TRUE) or off         ////
.................... ////              (on=FALSE).                                              ////
.................... ////                                                                       ////
.................... ////  lcd_set_cgram_char(w, *p)   Write a custom character to the CGRAM.   ////
.................... ////                                                                       ////
.................... ////                                                                       ////
.................... ////  CONFIGURATION                                                        ////
.................... ////  The LCD can be configured in one of two ways: a.) port access or     ////
.................... ////  b.) pin access.  Port access requires the entire 7 bit interface     ////
.................... ////  connected to one GPIO port, and the data bits (D4:D7 of the LCD)     ////
.................... ////  connected to sequential pins on the GPIO.  Pin access                ////
.................... ////  has no requirements, all 7 bits of the control interface can         ////
.................... ////  can be connected to any GPIO using several ports.                    ////
.................... ////                                                                       ////
.................... ////  To use port access, #define LCD_DATA_PORT to the SFR location of     ////
.................... ////  of the GPIO port that holds the interface, -AND- edit LCD_PIN_MAP    ////
.................... ////  of this file to configure the pin order.  If you are using a         ////
.................... ////  baseline PIC (PCB), then LCD_OUTPUT_MAP and LCD_INPUT_MAP also must  ////
.................... ////  be defined.                                                          ////
.................... ////                                                                       ////
.................... ////  Example of port access:                                              ////
.................... ////     #define LCD_DATA_PORT getenv("SFR:PORTD")                         ////
.................... ////                                                                       ////
.................... ////  To use pin access, the following pins must be defined:               ////
.................... ////     LCD_ENABLE_PIN                                                    ////
.................... ////     LCD_RS_PIN                                                        ////
.................... ////     LCD_RW_PIN                                                        ////
.................... ////     LCD_DATA4                                                         ////
.................... ////     LCD_DATA5                                                         ////
.................... ////     LCD_DATA6                                                         ////
.................... ////     LCD_DATA7                                                         ////
.................... ////                                                                       ////
.................... ////  Example of pin access:                                               ////
.................... ////     #define LCD_ENABLE_PIN  PIN_E0                                    ////
.................... ////     #define LCD_RS_PIN      PIN_E1                                    ////
.................... ////     #define LCD_RW_PIN      PIN_E2                                    ////
.................... ////     #define LCD_DATA4       PIN_D4                                    ////
.................... ////     #define LCD_DATA5       PIN_D5                                    ////
.................... ////     #define LCD_DATA6       PIN_D6                                    ////
.................... ////     #define LCD_DATA7       PIN_D7                                    ////
.................... ////                                                                       ////
.................... ///////////////////////////////////////////////////////////////////////////////
.................... ////        (C) Copyright 1996,2010 Custom Computer Services           ////
.................... //// This source code may only be used by licensed users of the CCS C  ////
.................... //// compiler.  This source code may only be distributed to other      ////
.................... //// licensed users of the CCS C compiler.  No other use, reproduction ////
.................... //// or distribution is permitted without written permission.          ////
.................... //// Derivative programs created using this software in object code    ////
.................... //// form are not restricted in any way.                               ////
.................... ///////////////////////////////////////////////////////////////////////////
.................... 
.................... #ifndef __LCD_C__
.................... #define __LCD_C__
.................... 
.................... // define the pinout.
.................... // only required if port access is being used.
.................... typedef struct  
.................... {                            // This structure is overlayed
....................    int1 enable;           // on to an I/O port to gain
....................    int1 rs;               // access to the LCD pins.
....................    int1 rw;               // The bits are allocated from
....................    int1 unused;           // low order up.  ENABLE will
....................    unsigned int     data : 4;         // be LSB pin of that port.
....................   #if defined(__PCD__)       // The port used will be LCD_DATA_PORT.
....................    unsigned int    reserved: 8;
....................   #endif
.................... } LCD_PIN_MAP;
.................... 
.................... // this is to improve compatability with previous LCD drivers that accepted
.................... // a define labeled 'use_portb_lcd' that configured the LCD onto port B.
.................... #if ((defined(use_portb_lcd)) && (use_portb_lcd==TRUE))
....................  #define LCD_DATA_PORT getenv("SFR:PORTB")
.................... #endif
.................... 
.................... #if defined(__PCB__)
....................    // these definitions only need to be modified for baseline PICs.
....................    // all other PICs use LCD_PIN_MAP or individual LCD_xxx pin definitions.
.................... /*                                    EN, RS,   RW,   UNUSED,  DATA  */
....................  const LCD_PIN_MAP LCD_OUTPUT_MAP =  {0,  0,    0,    0,       0};
....................  const LCD_PIN_MAP LCD_INPUT_MAP =   {0,  0,    0,    0,       0xF};
.................... #endif
.................... 
.................... ////////////////////// END CONFIGURATION ///////////////////////////////////
.................... 
.................... #ifndef LCD_ENABLE_PIN
....................    #define lcd_output_enable(x) lcdlat.enable=x
....................    #define lcd_enable_tris()   lcdtris.enable=0
.................... #else
....................    #define lcd_output_enable(x) output_bit(LCD_ENABLE_PIN, x)
....................    #define lcd_enable_tris()  output_drive(LCD_ENABLE_PIN)
.................... #endif
.................... 
.................... #ifndef LCD_RS_PIN
....................    #define lcd_output_rs(x) lcdlat.rs=x
....................    #define lcd_rs_tris()   lcdtris.rs=0
.................... #else
....................    #define lcd_output_rs(x) output_bit(LCD_RS_PIN, x)
....................    #define lcd_rs_tris()  output_drive(LCD_RS_PIN)
.................... #endif
.................... 
.................... #ifndef LCD_RW_PIN
....................    #define lcd_output_rw(x) lcdlat.rw=x
....................    #define lcd_rw_tris()   lcdtris.rw=0
.................... #else
....................    #define lcd_output_rw(x) output_bit(LCD_RW_PIN, x)
....................    #define lcd_rw_tris()  output_drive(LCD_RW_PIN)
.................... #endif
.................... 
.................... // original version of this library incorrectly labeled LCD_DATA0 as LCD_DATA4,
.................... // LCD_DATA1 as LCD_DATA5, and so on.  this block of code makes the driver
.................... // compatible with any code written for the original library
.................... #if (defined(LCD_DATA0) && defined(LCD_DATA1) && defined(LCD_DATA2) && defined(LCD_DATA3) && !defined(LCD_DATA4) && !defined(LCD_DATA5) && !defined(LCD_DATA6) && !defined(LCD_DATA7))
....................    #define  LCD_DATA4    LCD_DATA0
....................    #define  LCD_DATA5    LCD_DATA1
....................    #define  LCD_DATA6    LCD_DATA2
....................    #define  LCD_DATA7    LCD_DATA3
.................... #endif
.................... 
.................... #ifndef LCD_DATA4
.................... #ifndef LCD_DATA_PORT
....................    #if defined(__PCB__)
....................       #define LCD_DATA_PORT      0x06     //portb
....................       #define set_tris_lcd(x)   set_tris_b(x)
....................    #else
....................      #if defined(PIN_D0)
....................       #define LCD_DATA_PORT      getenv("SFR:PORTD")     //portd
....................      #else
....................       #define LCD_DATA_PORT      getenv("SFR:PORTB")     //portb
....................      #endif
....................    #endif   
.................... #endif
.................... 
.................... #if defined(__PCB__)
....................    LCD_PIN_MAP lcd, lcdlat;
....................    #byte lcd = LCD_DATA_PORT
....................    #byte lcdlat = LCD_DATA_PORT
.................... #elif defined(__PCM__)
....................    LCD_PIN_MAP lcd, lcdlat, lcdtris;
....................    #byte lcd = LCD_DATA_PORT
....................    #byte lcdlat = LCD_DATA_PORT
....................    #byte lcdtris = LCD_DATA_PORT+0x80
.................... #elif defined(__PCH__)
....................    LCD_PIN_MAP lcd, lcdlat, lcdtris;
....................    #byte lcd = LCD_DATA_PORT
....................    #byte lcdlat = LCD_DATA_PORT+9
....................    #byte lcdtris = LCD_DATA_PORT+0x12
.................... #elif defined(__PCD__)
....................    LCD_PIN_MAP lcd, lcdlat, lcdtris;
....................    #word lcd = LCD_DATA_PORT
....................    #word lcdlat = LCD_DATA_PORT+2
....................    #word lcdtris = LCD_DATA_PORT-0x02
.................... #endif
.................... #endif   //LCD_DATA4 not defined
.................... 
.................... #ifndef LCD_TYPE
....................    #define LCD_TYPE 2           // 0=5x7, 1=5x10, 2=2 lines
.................... #endif
.................... 
.................... #ifndef LCD_LINE_TWO
....................    #define LCD_LINE_TWO 0x40    // LCD RAM address for the second line
.................... #endif
.................... 
.................... #ifndef LCD_LINE_LENGTH
....................    #define LCD_LINE_LENGTH 20
.................... #endif
.................... 
.................... unsigned int8 lcd_read_nibble(void);
.................... 
.................... unsigned int8 lcd_read_byte(void)
.................... {
....................    unsigned int8 low,high;
.................... 
....................  #if defined(__PCB__)
....................    set_tris_lcd(LCD_INPUT_MAP);
....................  #else
....................   #if (defined(LCD_DATA4) && defined(LCD_DATA5) && defined(LCD_DATA6) && defined(LCD_DATA7))
....................    output_float(LCD_DATA4);
*
00C2:  BSF    0D.3
....................    output_float(LCD_DATA5);
00C3:  BSF    0D.5
....................    output_float(LCD_DATA6);
00C4:  BSF    0D.6
....................    output_float(LCD_DATA7);
00C5:  BSF    0D.7
....................   #else
....................    lcdtris.data = 0xF;
....................   #endif
....................  #endif
....................         
....................    lcd_output_rw(1);
00C6:  MOVLB  02
00C7:  BSF    0C.2
00C8:  MOVLB  01
00C9:  BCF    0C.2
....................    delay_cycles(1);
00CA:  NOP
....................    lcd_output_enable(1);
00CB:  MOVLB  02
00CC:  BSF    0D.0
00CD:  MOVLB  01
00CE:  BCF    0D.0
....................    delay_cycles(1);
00CF:  NOP
....................    high = lcd_read_nibble();
00D0:  MOVLB  00
00D1:  CALL   089
00D2:  MOVF   78,W
00D3:  MOVWF  40
....................       
....................    lcd_output_enable(0);
00D4:  MOVLB  02
00D5:  BCF    0D.0
00D6:  MOVLB  01
00D7:  BCF    0D.0
....................    delay_cycles(1);
00D8:  NOP
....................    lcd_output_enable(1);
00D9:  MOVLB  02
00DA:  BSF    0D.0
00DB:  MOVLB  01
00DC:  BCF    0D.0
....................    delay_us(1);
00DD:  NOP
....................    low = lcd_read_nibble();
00DE:  MOVLB  00
00DF:  CALL   089
00E0:  MOVF   78,W
00E1:  MOVWF  3F
....................       
....................    lcd_output_enable(0);
00E2:  MOVLB  02
00E3:  BCF    0D.0
00E4:  MOVLB  01
00E5:  BCF    0D.0
.................... 
....................  #if defined(__PCB__)
....................    set_tris_lcd(LCD_OUTPUT_MAP);
....................  #else
....................   #if (defined(LCD_DATA4) && defined(LCD_DATA5) && defined(LCD_DATA6) && defined(LCD_DATA7))
....................    output_drive(LCD_DATA4);
00E6:  BCF    0D.3
....................    output_drive(LCD_DATA5);
00E7:  BCF    0D.5
....................    output_drive(LCD_DATA6);
00E8:  BCF    0D.6
....................    output_drive(LCD_DATA7);
00E9:  BCF    0D.7
....................   #else
....................    lcdtris.data = 0x0;
....................   #endif
....................  #endif
.................... 
....................    return( (high<<4) | low);
00EA:  MOVLB  00
00EB:  SWAPF  40,W
00EC:  MOVWF  77
00ED:  MOVLW  F0
00EE:  ANDWF  77,F
00EF:  MOVF   77,W
00F0:  IORWF  3F,W
00F1:  MOVWF  78
.................... }
.................... 
.................... unsigned int8 lcd_read_nibble(void)
.................... {
....................   #if (defined(LCD_DATA4) && defined(LCD_DATA5) && defined(LCD_DATA6) && defined(LCD_DATA7))
*
0089:  CLRF   41
....................    unsigned int8 n = 0x00;
.................... 
....................    /* Read the data port */
....................    n |= input(LCD_DATA4);
008A:  MOVLB  01
008B:  BSF    0D.3
008C:  MOVLW  00
008D:  MOVLB  00
008E:  BTFSC  0D.3
008F:  MOVLW  01
0090:  IORWF  41,F
....................    n |= input(LCD_DATA5) << 1;
0091:  MOVLB  01
0092:  BSF    0D.5
0093:  MOVLW  00
0094:  MOVLB  00
0095:  BTFSC  0D.5
0096:  MOVLW  01
0097:  MOVWF  77
0098:  BCF    03.0
0099:  RLF    77,F
009A:  MOVF   77,W
009B:  IORWF  41,F
....................    n |= input(LCD_DATA6) << 2;
009C:  MOVLB  01
009D:  BSF    0D.6
009E:  MOVLW  00
009F:  MOVLB  00
00A0:  BTFSC  0D.6
00A1:  MOVLW  01
00A2:  MOVWF  77
00A3:  RLF    77,F
00A4:  RLF    77,F
00A5:  MOVLW  FC
00A6:  ANDWF  77,F
00A7:  MOVF   77,W
00A8:  IORWF  41,F
....................    n |= input(LCD_DATA7) << 3;
00A9:  MOVLB  01
00AA:  BSF    0D.7
00AB:  MOVLW  00
00AC:  MOVLB  00
00AD:  BTFSC  0D.7
00AE:  MOVLW  01
00AF:  MOVWF  77
00B0:  RLF    77,F
00B1:  RLF    77,F
00B2:  RLF    77,F
00B3:  MOVLW  F8
00B4:  ANDWF  77,F
00B5:  MOVF   77,W
00B6:  IORWF  41,F
....................    
....................    return(n);
00B7:  MOVF   41,W
00B8:  MOVWF  78
....................   #else
00B9:  RETURN
....................    return(lcd.data);
....................   #endif
.................... }
.................... 
.................... void lcd_send_nibble(unsigned int8 n)
.................... {
....................   #if (defined(LCD_DATA4) && defined(LCD_DATA5) && defined(LCD_DATA6) && defined(LCD_DATA7))
....................    /* Write to the data port */
....................    output_bit(LCD_DATA4, bit_test(n, 0));
*
0052:  BTFSC  40.0
0053:  GOTO   058
0054:  MOVLB  02
0055:  BCF    0D.3
0056:  GOTO   05A
0057:  MOVLB  00
0058:  MOVLB  02
0059:  BSF    0D.3
005A:  MOVLB  01
005B:  BCF    0D.3
....................    output_bit(LCD_DATA5, bit_test(n, 1));
005C:  MOVLB  00
005D:  BTFSC  40.1
005E:  GOTO   063
005F:  MOVLB  02
0060:  BCF    0D.5
0061:  GOTO   065
0062:  MOVLB  00
0063:  MOVLB  02
0064:  BSF    0D.5
0065:  MOVLB  01
0066:  BCF    0D.5
....................    output_bit(LCD_DATA6, bit_test(n, 2));
0067:  MOVLB  00
0068:  BTFSC  40.2
0069:  GOTO   06E
006A:  MOVLB  02
006B:  BCF    0D.6
006C:  GOTO   070
006D:  MOVLB  00
006E:  MOVLB  02
006F:  BSF    0D.6
0070:  MOVLB  01
0071:  BCF    0D.6
....................    output_bit(LCD_DATA7, bit_test(n, 3));
0072:  MOVLB  00
0073:  BTFSC  40.3
0074:  GOTO   079
0075:  MOVLB  02
0076:  BCF    0D.7
0077:  GOTO   07B
0078:  MOVLB  00
0079:  MOVLB  02
007A:  BSF    0D.7
007B:  MOVLB  01
007C:  BCF    0D.7
....................   #else      
....................    lcdlat.data = n;
....................   #endif
....................       
....................    delay_cycles(1);
007D:  NOP
....................    lcd_output_enable(1);
007E:  MOVLB  02
007F:  BSF    0D.0
0080:  MOVLB  01
0081:  BCF    0D.0
....................    delay_us(2);
0082:  GOTO   083
....................    lcd_output_enable(0);
0083:  MOVLB  02
0084:  BCF    0D.0
0085:  MOVLB  01
0086:  BCF    0D.0
0087:  MOVLB  00
0088:  RETURN
.................... }
.................... 
.................... void lcd_send_byte(unsigned int8 address, unsigned int8 n)
.................... {
....................   #if defined(__PCB__)
....................    set_tris_lcd(LCD_OUTPUT_MAP);
....................   #else
....................    lcd_enable_tris();
*
00BA:  MOVLB  01
00BB:  BCF    0D.0
....................    lcd_rs_tris();
00BC:  BCF    0D.2
....................    lcd_rw_tris();
00BD:  BCF    0C.2
....................   #endif
.................... 
....................    lcd_output_rs(0);
00BE:  MOVLB  02
00BF:  BCF    0D.2
00C0:  MOVLB  01
00C1:  BCF    0D.2
....................    while ( bit_test(lcd_read_byte(),7) ) ;
*
00F2:  MOVF   78,W
00F3:  MOVWF  3F
00F4:  BTFSS  3F.7
00F5:  GOTO   0F8
00F6:  MOVLB  01
00F7:  GOTO   0C2
....................    lcd_output_rs(address);
00F8:  MOVF   3D,F
00F9:  BTFSS  03.2
00FA:  GOTO   0FF
00FB:  MOVLB  02
00FC:  BCF    0D.2
00FD:  GOTO   101
00FE:  MOVLB  00
00FF:  MOVLB  02
0100:  BSF    0D.2
0101:  MOVLB  01
0102:  BCF    0D.2
....................    delay_cycles(1);
0103:  NOP
....................    lcd_output_rw(0);
0104:  MOVLB  02
0105:  BCF    0C.2
0106:  MOVLB  01
0107:  BCF    0C.2
....................    delay_cycles(1);
0108:  NOP
....................    lcd_output_enable(0);
0109:  MOVLB  02
010A:  BCF    0D.0
010B:  MOVLB  01
010C:  BCF    0D.0
....................    lcd_send_nibble(n >> 4);
010D:  MOVLB  00
010E:  SWAPF  3E,W
010F:  MOVWF  3F
0110:  MOVLW  0F
0111:  ANDWF  3F,F
0112:  MOVF   3F,W
0113:  MOVWF  40
0114:  CALL   052
....................    lcd_send_nibble(n & 0xf);
0115:  MOVF   3E,W
0116:  ANDLW  0F
0117:  MOVWF  3F
0118:  MOVWF  40
0119:  CALL   052
011A:  RETURN
.................... }
.................... 
.................... #if defined(LCD_EXTENDED_NEWLINE)
.................... unsigned int8 g_LcdX, g_LcdY;
.................... #endif
.................... 
.................... void lcd_init(void) 
.................... {
....................    unsigned int8 i;
....................    unsigned int8 LCD_INIT_STRING[4] = {0x20 | (LCD_TYPE << 2), 0xc, 1, 6};
011B:  MOVLW  28
011C:  MOVWF  2F
011D:  MOVLW  0C
011E:  MOVWF  30
011F:  MOVLW  01
0120:  MOVWF  31
0121:  MOVLW  06
0122:  MOVWF  32
....................                              // These bytes need to be sent to the LCD
....................                              // to start it up.
....................    
.................... 
....................    lcd_output_enable(0);
0123:  MOVLB  02
0124:  BCF    0D.0
0125:  MOVLB  01
0126:  BCF    0D.0
....................    lcd_output_rs(0);
0127:  MOVLB  02
0128:  BCF    0D.2
0129:  MOVLB  01
012A:  BCF    0D.2
....................    lcd_output_rw(0);
012B:  MOVLB  02
012C:  BCF    0C.2
012D:  MOVLB  01
012E:  BCF    0C.2
.................... 
....................  #if defined(__PCB__)
....................    set_tris_lcd(LCD_OUTPUT_MAP);
....................  #else
....................   #if (defined(LCD_DATA4) && defined(LCD_DATA5) && defined(LCD_DATA6) && defined(LCD_DATA7))
....................    output_drive(LCD_DATA4);
012F:  BCF    0D.3
....................    output_drive(LCD_DATA5);
0130:  BCF    0D.5
....................    output_drive(LCD_DATA6);
0131:  BCF    0D.6
....................    output_drive(LCD_DATA7);
0132:  BCF    0D.7
....................   #else
....................    lcdtris.data = 0x0;
....................   #endif
....................    lcd_enable_tris();
0133:  BCF    0D.0
....................    lcd_rs_tris();
0134:  BCF    0D.2
....................    lcd_rw_tris();
0135:  BCF    0C.2
....................  #endif
....................     
....................    delay_ms(15);
0136:  MOVLW  0F
0137:  MOVLB  00
0138:  MOVWF  39
0139:  CALL   03C
....................    for(i=1;i<=3;++i)
013A:  MOVLW  01
013B:  MOVWF  2E
013C:  MOVF   2E,W
013D:  SUBLW  03
013E:  BTFSS  03.0
013F:  GOTO   148
....................    {
....................        lcd_send_nibble(3);
0140:  MOVLW  03
0141:  MOVWF  40
0142:  CALL   052
....................        delay_ms(5);
0143:  MOVLW  05
0144:  MOVWF  39
0145:  CALL   03C
0146:  INCF   2E,F
0147:  GOTO   13C
....................    }
....................    
....................    lcd_send_nibble(2);
0148:  MOVLW  02
0149:  MOVWF  40
014A:  CALL   052
....................    delay_ms(5);
014B:  MOVLW  05
014C:  MOVWF  39
014D:  CALL   03C
....................    for(i=0;i<=3;++i)
014E:  CLRF   2E
014F:  MOVF   2E,W
0150:  SUBLW  03
0151:  BTFSS  03.0
0152:  GOTO   162
....................       lcd_send_byte(0,LCD_INIT_STRING[i]);
0153:  MOVLW  0F
0154:  ADDWF  2E,W
0155:  MOVWF  04
0156:  MOVLW  20
0157:  MOVWF  05
0158:  BTFSC  03.0
0159:  INCF   05,F
015A:  MOVF   00,W
015B:  MOVWF  33
015C:  CLRF   3D
015D:  MOVF   33,W
015E:  MOVWF  3E
015F:  CALL   0BA
.................... 
....................   #if defined(LCD_EXTENDED_NEWLINE)
0160:  INCF   2E,F
0161:  GOTO   14F
0162:  MOVLP  00
0163:  GOTO   293 (RETURN)
....................    g_LcdX = 0;
....................    g_LcdY = 0;
....................   #endif
.................... }
.................... 
.................... void lcd_gotoxy(unsigned int8 x, unsigned int8 y)
.................... {
....................    unsigned int8 address;
....................    
....................    if(y!=1)
*
0171:  DECFSZ 3A,W
0172:  GOTO   174
0173:  GOTO   177
....................       address=LCD_LINE_TWO;
0174:  MOVLW  40
0175:  MOVWF  3B
0176:  GOTO   178
....................    else
....................       address=0;
0177:  CLRF   3B
....................      
....................    address+=x-1;
0178:  MOVLW  01
0179:  SUBWF  39,W
017A:  ADDWF  3B,F
....................    lcd_send_byte(0,0x80|address);
017B:  MOVF   3B,W
017C:  IORLW  80
017D:  MOVWF  3C
017E:  CLRF   3D
017F:  MOVF   3C,W
0180:  MOVWF  3E
0181:  CALL   0BA
.................... 
....................   #if defined(LCD_EXTENDED_NEWLINE)
0182:  RETURN
....................    g_LcdX = x - 1;
....................    g_LcdY = y - 1;
....................   #endif
.................... }
.................... 
.................... void lcd_putc(char c)
.................... {
....................    switch (c)
0183:  MOVF   38,W
0184:  XORLW  07
0185:  BTFSC  03.2
0186:  GOTO   191
0187:  XORLW  0B
0188:  BTFSC  03.2
0189:  GOTO   196
018A:  XORLW  06
018B:  BTFSC  03.2
018C:  GOTO   19E
018D:  XORLW  02
018E:  BTFSC  03.2
018F:  GOTO   1A4
0190:  GOTO   1A9
....................    {
....................       case '\a'   :  lcd_gotoxy(1,1);     break;
0191:  MOVLW  01
0192:  MOVWF  39
0193:  MOVWF  3A
0194:  CALL   171
0195:  GOTO   1AE
.................... 
....................       case '\f'   :  lcd_send_byte(0,1);
0196:  CLRF   3D
0197:  MOVLW  01
0198:  MOVWF  3E
0199:  CALL   0BA
....................                      delay_ms(2);
019A:  MOVLW  02
019B:  MOVWF  39
019C:  CALL   03C
....................                     #if defined(LCD_EXTENDED_NEWLINE)
....................                      g_LcdX = 0;
....................                      g_LcdY = 0;
....................                     #endif
....................                      break;
019D:  GOTO   1AE
.................... 
....................      #if defined(LCD_EXTENDED_NEWLINE)
....................       case '\r'   :  lcd_gotoxy(1, g_LcdY+1);   break;
....................       case '\n'   :
....................          while (g_LcdX++ < LCD_LINE_LENGTH)
....................          {
....................             lcd_send_byte(1, ' ');
....................          }
....................          lcd_gotoxy(1, g_LcdY+2);
....................          break;
....................      #else
....................       case '\n'   : lcd_gotoxy(1,2);        break;
019E:  MOVLW  01
019F:  MOVWF  39
01A0:  MOVLW  02
01A1:  MOVWF  3A
01A2:  CALL   171
01A3:  GOTO   1AE
....................      #endif
....................      
....................       case '\b'   : lcd_send_byte(0,0x10);  break;
01A4:  CLRF   3D
01A5:  MOVLW  10
01A6:  MOVWF  3E
01A7:  CALL   0BA
01A8:  GOTO   1AE
....................      
....................      #if defined(LCD_EXTENDED_NEWLINE)
....................       default     : 
....................          if (g_LcdX < LCD_LINE_LENGTH)
....................          {
....................             lcd_send_byte(1, c);
....................             g_LcdX++;
....................          }
....................          break;
....................      #else
....................       default     : lcd_send_byte(1,c);     break;
01A9:  MOVLW  01
01AA:  MOVWF  3D
01AB:  MOVF   38,W
01AC:  MOVWF  3E
01AD:  CALL   0BA
....................      #endif
....................    }
01AE:  RETURN
.................... }
....................  
.................... char lcd_getc(unsigned int8 x, unsigned int8 y)
.................... {
....................    char value;
.................... 
....................    lcd_gotoxy(x,y);
....................    while ( bit_test(lcd_read_byte(),7) ); // wait until busy flag is low
....................    lcd_output_rs(1);
....................    value = lcd_read_byte();
....................    lcd_output_rs(0);
....................    
....................    return(value);
.................... }
.................... 
.................... // write a custom character to the ram
.................... // which is 0-7 and specifies which character array we are modifying.
.................... // ptr points to an array of 8 bytes, where each byte is the next row of
.................... //    pixels.  only bits 0-4 are used.  the last row is the cursor row, and
.................... //    usually you will want to leave this byte 0x00.
.................... void lcd_set_cgram_char(unsigned int8 which, unsigned int8 *ptr)
.................... {
....................    unsigned int i;
.................... 
....................    which <<= 3;
....................    which &= 0x38;
.................... 
....................    lcd_send_byte(0, 0x40 | which);  //set cgram address
.................... 
....................    for(i=0; i<8; i++)
....................    {
....................       lcd_send_byte(1, *ptr++);
....................    }
....................   
....................    #if defined(LCD_EXTENDED_NEWLINE)
....................     lcd_gotoxy(g_LcdX+1, g_LcdY+1);  //set ddram address
....................    #endif
.................... }
.................... 
.................... void lcd_cursor_on(int1 on)
.................... {
....................    if (on)
....................    {
....................       lcd_send_byte(0,0x0F);           //turn LCD cursor ON
....................    }
....................    else
....................    {
....................       lcd_send_byte(0,0x0C);           //turn LCD cursor OFF
....................    }
.................... }
.................... 
.................... #endif
.................... 
.................... 
.................... /*****************************************************************************
....................  * I2C
....................  ****************************************************************************/
.................... #define MAX128_ADDR_W 0x52 // Direccion I2C del MAX128 (Write)
.................... #define MAX128_ADDR_R 0x53 // Direccion I2C del MAX128 (Read)
.................... 
.................... #use i2c(MASTER, SCL=PIN_B4, SDA=PIN_B1, FAST=400) // Configuración I2C
01AF:  MOVLB  04
01B0:  BCF    15.7
01B1:  MOVLB  00
01B2:  BCF    11.3
01B3:  MOVF   31,W
01B4:  MOVLB  04
01B5:  MOVWF  11
01B6:  MOVLW  02
01B7:  BTFSC  15.7
01B8:  GOTO   1C0
01B9:  MOVLB  00
01BA:  BTFSS  11.3
01BB:  GOTO   1BA
01BC:  MOVLW  00
01BD:  MOVLB  04
01BE:  BTFSC  16.6
01BF:  MOVLW  01
01C0:  MOVWF  78
01C1:  MOVLB  00
01C2:  RETURN
01C3:  MOVLB  04
01C4:  BCF    15.6
01C5:  BSF    16.3
01C6:  BTFSC  16.3
01C7:  GOTO   1C6
01C8:  BTFSC  77.0
01C9:  BCF    16.5
01CA:  BTFSS  77.0
01CB:  BSF    16.5
01CC:  BSF    16.4
01CD:  BTFSC  16.4
01CE:  GOTO   1CD
01CF:  MOVF   11,W
01D0:  MOVWF  78
01D1:  MOVLB  00
01D2:  RETURN
.................... 
.................... /*****************************************************************************
....................  * Funciones de Inicializacion de Perifericos
....................  ****************************************************************************/
.................... 
.................... void InitTimer0(void);
.................... void Init_GPIO(void);
.................... int16 leer_max128_channel(int channel);
.................... 
.................... 
.................... /*****************************************************************************
.................... * Variables globales
.................... ****************************************************************************/
.................... 
.................... /* ADC */
.................... int16 resultado_adc = 0;
.................... int16 dx_val = 0;
.................... int16 dy_val = 0;
.................... int16 dz_val = 0;
.................... 
.................... /* TIMER 0 */
.................... int contador_ms = 0;
.................... int flag_segundo = 0;
.................... 
.................... /*****************************************************************************
.................... * Interrupciones
.................... ****************************************************************************/
.................... 
.................... #INT_TIMER0 // ACA ESCRIBO QUÉ DEBO HACER EN CADA INTERRUPCIÓN
.................... void Timer0_ISR() {
....................   
....................   set_timer0(61); // 50 ms
*
001E:  MOVLW  3D
001F:  MOVWF  15
....................   
....................   if(contador_ms >= 4) { //PASO 200 ms
0020:  MOVF   2C,W
0021:  SUBLW  03
0022:  BTFSC  03.0
0023:  GOTO   027
....................        contador_ms = 0;
0024:  CLRF   2C
....................        flag_segundo = 1; // aviso que ya pasó el tiempo deseado
0025:  MOVLW  01
0026:  MOVWF  2D
....................    }
....................    contador_ms++;
0027:  INCF   2C,F
0028:  BCF    0B.2
0029:  MOVLP  00
002A:  GOTO   013
.................... }
.................... 
.................... 
.................... /*****************************************************************************
.................... * Funciones
.................... ****************************************************************************/
.................... 
.................... void main()
*
026E:  MOVLW  6A
026F:  MOVLB  01
0270:  MOVWF  19
0271:  BSF    0D.4
0272:  BSF    0D.1
0273:  MOVLB  04
0274:  BCF    17.0
0275:  BCF    17.1
0276:  BCF    17.3
0277:  MOVLW  FF
0278:  MOVWF  12
0279:  MOVLW  28
027A:  MOVWF  15
027B:  BSF    14.7
027C:  BCF    14.6
027D:  MOVLB  00
027E:  CLRF   25
027F:  CLRF   24
0280:  CLRF   27
0281:  CLRF   26
0282:  CLRF   29
0283:  CLRF   28
0284:  CLRF   2B
0285:  CLRF   2A
0286:  CLRF   2C
0287:  CLRF   2D
0288:  MOVLB  03
0289:  CLRF   0C
028A:  CLRF   0D
028B:  MOVLB  02
028C:  CLRF   12
028D:  CLRF   11
028E:  CLRF   14
028F:  CLRF   13
.................... {
....................    Init_GPIO();
0290:  MOVLB  00
0291:  GOTO   02B
....................    lcd_init();
0292:  GOTO   11B
....................    InitTimer0();
0293:  GOTO   164
....................    
....................    lcd_putc('\f');     
0294:  MOVLW  0C
0295:  MOVWF  38
0296:  CALL   183
....................    lcd_gotoxy(1, 1);
0297:  MOVLW  01
0298:  MOVWF  39
0299:  MOVWF  3A
029A:  CALL   171
....................    printf(LCD_PUTC, "ADC"); 
029B:  MOVLW  41
029C:  MOVWF  38
029D:  CALL   183
029E:  MOVLW  44
029F:  MOVWF  38
02A0:  CALL   183
02A1:  MOVLW  43
02A2:  MOVWF  38
02A3:  CALL   183
....................        
....................     while(TRUE) {
....................         if (flag_segundo == 1) {
02A4:  DECFSZ 2D,W
02A5:  GOTO   313
....................             lcd_putc('\f');  
02A6:  MOVLW  0C
02A7:  MOVWF  38
02A8:  CALL   183
....................             dx_val = leer_max128_channel(0x8c); 
02A9:  MOVLW  8C
02AA:  MOVWF  2E
02AB:  CALL   1D3
02AC:  MOVF   79,W
02AD:  MOVWF  27
02AE:  MOVF   78,W
02AF:  MOVWF  26
....................             dy_val = leer_max128_channel(0xcc); 
02B0:  MOVLW  CC
02B1:  MOVWF  2E
02B2:  CALL   1D3
02B3:  MOVF   79,W
02B4:  MOVWF  29
02B5:  MOVF   78,W
02B6:  MOVWF  28
....................             dz_val = leer_max128_channel(0xfc);
02B7:  MOVLW  FC
02B8:  MOVWF  2E
02B9:  CALL   1D3
02BA:  MOVF   79,W
02BB:  MOVWF  2B
02BC:  MOVF   78,W
02BD:  MOVWF  2A
....................             // Actualización de LCD
....................             lcd_gotoxy(1, 2);
02BE:  MOVLW  01
02BF:  MOVWF  39
02C0:  MOVLW  02
02C1:  MOVWF  3A
02C2:  CALL   171
....................             printf(lcd_putc, "DX=%4lu", dx_val);
02C3:  MOVLW  44
02C4:  MOVWF  38
02C5:  CALL   183
02C6:  MOVLW  58
02C7:  MOVWF  38
02C8:  CALL   183
02C9:  MOVLW  3D
02CA:  MOVWF  38
02CB:  CALL   183
02CC:  MOVLW  01
02CD:  MOVWF  04
02CE:  MOVF   27,W
02CF:  MOVWF  2F
02D0:  MOVF   26,W
02D1:  MOVWF  2E
02D2:  CALL   209
....................             delay_ms(500);
02D3:  MOVLW  02
02D4:  MOVWF  2E
02D5:  MOVLW  FA
02D6:  MOVWF  39
02D7:  CALL   03C
02D8:  DECFSZ 2E,F
02D9:  GOTO   2D5
....................             lcd_gotoxy(1, 2);
02DA:  MOVLW  01
02DB:  MOVWF  39
02DC:  MOVLW  02
02DD:  MOVWF  3A
02DE:  CALL   171
....................             printf(lcd_putc, "DY=%4lu", dy_val);
02DF:  MOVLW  44
02E0:  MOVWF  38
02E1:  CALL   183
02E2:  MOVLW  59
02E3:  MOVWF  38
02E4:  CALL   183
02E5:  MOVLW  3D
02E6:  MOVWF  38
02E7:  CALL   183
02E8:  MOVLW  01
02E9:  MOVWF  04
02EA:  MOVF   29,W
02EB:  MOVWF  2F
02EC:  MOVF   28,W
02ED:  MOVWF  2E
02EE:  CALL   209
....................             delay_ms(500);
02EF:  MOVLW  02
02F0:  MOVWF  2E
02F1:  MOVLW  FA
02F2:  MOVWF  39
02F3:  CALL   03C
02F4:  DECFSZ 2E,F
02F5:  GOTO   2F1
....................             lcd_gotoxy(1, 2);
02F6:  MOVLW  01
02F7:  MOVWF  39
02F8:  MOVLW  02
02F9:  MOVWF  3A
02FA:  CALL   171
....................             printf(lcd_putc, "DZ=%4lu", dz_val);
02FB:  MOVLW  44
02FC:  MOVWF  38
02FD:  CALL   183
02FE:  MOVLW  5A
02FF:  MOVWF  38
0300:  CALL   183
0301:  MOVLW  3D
0302:  MOVWF  38
0303:  CALL   183
0304:  MOVLW  01
0305:  MOVWF  04
0306:  MOVF   2B,W
0307:  MOVWF  2F
0308:  MOVF   2A,W
0309:  MOVWF  2E
030A:  CALL   209
....................             delay_ms(500);
030B:  MOVLW  02
030C:  MOVWF  2E
030D:  MOVLW  FA
030E:  MOVWF  39
030F:  CALL   03C
0310:  DECFSZ 2E,F
0311:  GOTO   30D
....................             flag_segundo = 0; // Limpiar el flag
0312:  CLRF   2D
....................             }
0313:  GOTO   2A4
....................     }
.................... }
.................... void InitTimer0(void) {
0314:  SLEEP
.................... 
....................     setup_timer_0(RTCC_INTERNAL|RTCC_DIV_256); // Configuro prescaler
*
0164:  MOVLB  01
0165:  MOVF   15,W
0166:  ANDLW  C0
0167:  IORLW  07
0168:  MOVWF  15
....................     set_timer0(61);               // Reinicio el timer 
0169:  MOVLW  3D
016A:  MOVLB  00
016B:  MOVWF  15
....................     enable_interrupts(INT_TIMER0);    // Activo Interrupcion timer0
016C:  BSF    0B.5
....................     enable_interrupts(GLOBAL);
016D:  MOVLW  C0
016E:  IORWF  0B,F
016F:  MOVLP  00
0170:  GOTO   294 (RETURN)
....................     
.................... }
.................... 
.................... void Init_GPIO()
.................... {   
....................    setup_adc_ports(NO_ANALOGS);
*
002B:  MOVLB  01
002C:  BCF    1E.0
002D:  BCF    1E.1
002E:  BCF    1E.2
002F:  MOVLW  00
0030:  MOVLB  03
0031:  MOVWF  0C
0032:  MOVWF  0D
....................    set_tris_a(0b00000000); 
0033:  MOVLB  01
0034:  MOVWF  0C
....................    set_tris_b(0b00010010);
0035:  MOVLW  12
0036:  MOVWF  0D
....................    
....................    enable_interrupts(GLOBAL);
0037:  MOVLW  C0
0038:  IORWF  0B,F
0039:  MOVLP  00
003A:  MOVLB  00
003B:  GOTO   292 (RETURN)
.................... }
.................... 
.................... // Funcion para leer un canal del MAX128 y devolver un valor de 12 bits (0-4095)
....................     int16 leer_max128_channel(int8 control_byte) {
....................     int8 msb, lsb; // Most y Least Significant Bit
.................... 
....................     //  Iniciar conversión
....................     i2c_start();
*
01D3:  MOVLB  04
01D4:  BSF    16.0
01D5:  BTFSC  16.0
01D6:  GOTO   1D5
....................     i2c_write(MAX128_ADDR_W);       // Dirección de escritura
01D7:  MOVLW  52
01D8:  MOVLB  00
01D9:  MOVWF  31
01DA:  CALL   1AF
....................     i2c_write(control_byte);        // Envío del byte de control
01DB:  MOVF   2E,W
01DC:  MOVWF  31
01DD:  CALL   1AF
....................     i2c_start();
01DE:  MOVLB  04
01DF:  BSF    16.1
01E0:  BTFSC  16.1
01E1:  GOTO   1E0
....................     i2c_write(MAX128_ADDR_R);
01E2:  MOVLW  53
01E3:  MOVLB  00
01E4:  MOVWF  31
01E5:  CALL   1AF
....................     msb = i2c_read(1);
01E6:  MOVLW  01
01E7:  MOVWF  77
01E8:  CALL   1C3
01E9:  MOVF   78,W
01EA:  MOVWF  2F
....................     lsb = i2c_read(0);
01EB:  CLRF   77
01EC:  CALL   1C3
01ED:  MOVF   78,W
01EE:  MOVWF  30
....................     i2c_stop();
01EF:  MOVLB  04
01F0:  BSF    16.2
01F1:  BTFSC  16.2
01F2:  GOTO   1F1
.................... 
....................     // Ensamblar y ajustar la justificación a 12 bits
....................     resultado_adc = make16(msb, lsb); // El valor devuelto es un entero que representa la lectura analógica ( son 8 de msb y 8 de lsb )
01F3:  MOVLB  00
01F4:  MOVF   2F,W
01F5:  MOVWF  25
01F6:  MOVF   30,W
01F7:  MOVWF  24
....................       return resultado_adc/16; // Desplaza el valor ensamblado 4 bits a la derecha para eliminar los 4 que sobran al final 
01F8:  RRF    25,W
01F9:  MOVWF  7A
01FA:  RRF    24,W
01FB:  MOVWF  79
01FC:  RRF    7A,F
01FD:  RRF    79,F
01FE:  RRF    7A,F
01FF:  RRF    79,F
0200:  RRF    7A,F
0201:  RRF    79,F
0202:  MOVLW  0F
0203:  ANDWF  7A,F
0204:  MOVF   79,W
0205:  MOVWF  78
0206:  MOVF   7A,W
0207:  MOVWF  79
0208:  RETURN
.................... }
.................... 
.................... 

Configuration Fuses:
   Word  1: 3F84   INTRC_IO NOWDT PUT NOMCLR NOPROTECT NOCPD BROWNOUT NOCLKOUT IESO FCMEN
   Word  2: 1EFF   NOWRT PLL_SW STVREN BORV19 NODEBUG NOLVP
