
ROM used:   146/4096 (4%)
            146/4096 (4%) including unused fragments

            0.1 Average locations per line
            6.6 Average locations per statement

RAM used:   12/383 (3%) at main() level
            24/383 (6%) worst case

Stack used: 1 worst case (0 in main + 1 for interrupts)
Stack size: 16

Lines Stmts  %   Files
----- ----- ---  -----
   89    22 100  Ejercicio7_TP2.c
    5     0   0  Ejercicio7_TP2.h
  965     0   0  ..\..\..\..\..\..\Program Files (x86)\PICC\Devices\16F1827.h
----- -----
 1059    22 Total

Page ROM  %  RAM    Vol Diff  Functions:
---- --- --- ---    --- ----  ----------
0     43  29    1    108  2.6  ISR_ADC
0     28  19    0    123  2.9  MAIN
0     13   9    0     67  1.2  Init_GPIO
0     24  16    0     67  1.2  Init_ADC
0      6   4    0     30  1.3  Init_DAC
 Inline         0    208  6.3  @cinit1

Program metrics:
    Functions               6
    Statements              22
    Comments                181
    Volume (V)              949
    Difficulty (D)          15.3
    Effort to implement (E) 14559
    Time to implement (T)   13 minutes
    Est Delivered Bugs (B)  0
    Cyclomatic Complexity   2
    Maintainability (MI)    163

 Segment     Used  Free
-----------  ----  ----
00000-00002     3  0  
00003-00003     0  1  
00004-00020    29  0  
00021-007FF   114  1901  
00800-00FFF     0  2048  



