
ROM used:   861/4096 (21%)
            861/4096 (21%) including unused fragments

            0.6 Average locations per line
            5.9 Average locations per statement

RAM used:   18/383 (5%) at main() level
            46/383 (12%) worst case

Stack used: 6 worst case (5 in main + 1 for interrupts)
Stack size: 16

Lines Stmts  %   Files
----- ----- ---  -----
  137    45  31  Ejercicio1_TP2.c
    5     0   0  Ejercicio1_TP2.h
  965     0   0  ..\..\..\..\..\..\..\Program Files (x86)\PICC\Devices\16F1827.h
  456   100  69  ..\..\..\..\..\..\..\Program Files (x86)\PICC\Drivers\lcd.c
----- -----
 1563   145 Total

Page ROM  %  RAM    Vol Diff  Functions:
---- --- --- ---    --- ----  ----------
0     22   3    1             @delay_ms1
 Inline         3    760  4.5  lcd_read_byte
0     49   6    2    262  3.7  lcd_read_nibble
0     55   6    1    399  2.4  lcd_send_nibble
0     97  11    3    415  3.7  lcd_send_byte
0     73   8    6    852  6.2  lcd_init
0     18   2    4    208  6.3  lcd_gotoxy
0     44   5    1    354  4.7  lcd_putc
0     13   2    0     96  2.9  Timer0_ISR
0     25   3    0     62  1.4  MAIN
0      9   1    0     32  1.0  Init_GPIO
0     13   2    0     84  1.7  InitTimer0
0    261  30    0    737  6.1  maquina
0      1   0    0             @const773
0     74   9    3             @PSTRINGC7_745
0      6   1    0             @const778
0      1   0    0             @const779
0      7   1    0             @const780
0      3   0    0             @const781
0      1   0    0             @const782
0      7   1    0             @const783
 Inline         6             @PSTRINGCN7_745
0     21   2    3             @DIV88
 Inline         6             @PRINTF_D_745
 Inline         0             @cinit1

Program metrics:
    Functions               12
    Statements              145
    Comments                288
    Volume (V)              6788
    Difficulty (D)          43.6
    Effort to implement (E) 295691
    Time to implement (T)   4 hours, 34 minutes
    Est Delivered Bugs (B)  1
    Cyclomatic Complexity   16
    Maintainability (MI)    146

 Segment     Used  Free
-----------  ----  ----
00000-00002     3  0  
00003-00003     1  0  
00004-0003D    58  0  
0003E-007FF   799  1187  
00800-00FFF     0  2048  



