
ROM used:   421/4096 (10%)
            421/4096 (10%) including unused fragments

            0.3 Average locations per line
            3.8 Average locations per statement

RAM used:   7/383 (2%) at main() level
            33/383 (9%) worst case

Stack used: 5 worst case (5 in main + 0 for interrupts)
Stack size: 16

Lines Stmts  %   Files
----- ----- ---  -----
  104    27  24  Ejercicio2_main.c
    5     0   0  Ejercicio2_main.h
  965     0   0  ..\..\..\..\..\..\..\Program Files (x86)\PICC\Devices\16F1827.h
  456    84  76  ..\..\..\..\..\..\..\Program Files (x86)\PICC\Drivers\lcd.c
----- -----
 1530   111 Total

Page ROM  %  RAM    Vol Diff  Functions:
---- --- --- ---    --- ----  ----------
0     21   5    1             @delay_ms1
 Inline         3    596  5.9  lcd_read_byte
0      6   1    0     59  4.2  lcd_read_nibble
0     15   4    1    179  3.3  lcd_send_nibble
0     66  16    3    460  4.7  lcd_send_byte
0     64  15    6    814  7.2  lcd_init
0     18   4    4    208  6.3  lcd_gotoxy
0     44  10    1    354  4.7  lcd_putc
0     17   4    0     50  1.3  MAIN
0      8   2    0     32  1.0  Init_GPIO
0     68  16    1    570  5.6  maquina
0      6   1    0             @const771
0     74  18    5             @PSTRINGC7_747
0      5   1    0             @const777
0      6   1    0             @const779
 Inline         0             @cinit1

Program metrics:
    Functions               10
    Statements              111
    Comments                272
    Volume (V)              5157
    Difficulty (D)          43.2
    Effort to implement (E) 222693
    Time to implement (T)   3 hours, 26 minutes
    Est Delivered Bugs (B)  1
    Cyclomatic Complexity   15
    Maintainability (MI)    148

 Segment     Used  Free
-----------  ----  ----
00000-00002     3  0  
00003-007FF   418  1627  
00800-00FFF     0  2048  



