
ROM used:   678/4096 (17%)
            678/4096 (17%) including unused fragments

            0.4 Average locations per line
            5.0 Average locations per statement

RAM used:   25/383 (7%) at main() level
            48/383 (13%) worst case

Stack used: 3 worst case (3 in main + 0 for interrupts)
Stack size: 16

Lines Stmts  %   Files
----- ----- ---  -----
  130    35  26  Ejercicio4.c
    5     0   0  Ejercicio4.h
  965     0   0  ..\..\..\..\..\..\Program Files (x86)\PICC\Devices\16F1827.h
  456   100  74  ..\..\..\..\..\..\Program Files (x86)\PICC\Drivers\lcd.c
----- -----
 1556   135 Total

Page ROM  %  RAM    Vol Diff  Functions:
---- --- --- ---    --- ----  ----------
0     22   3    1             @delay_ms1
 Inline         3    760  4.5  lcd_read_byte
0     49   7    2    262  3.7  lcd_read_nibble
0     55   8    1    399  2.4  lcd_send_nibble
0     97  14    3    415  3.7  lcd_send_byte
0     73  11    6    852  6.2  lcd_init
0     18   3    4    208  6.3  lcd_gotoxy
 Inline         1    354  4.7  lcd_putc
0     58   9    0     50  1.3  MAIN
0     26   4    0     86  1.3  Init_GPIO
 Inline         4    535  5.7  read_keypad
0     32   5    6             @WRITEBITA
0     25   4    5    181  4.3  @READBITA
 Inline         2    412  5.3  @MUL88
0    220  32    0    181  4.3  maquina
 Inline         0    181  4.3  @cinit1

Program metrics:
    Functions               14
    Statements              135
    Comments                300
    Volume (V)              8098
    Difficulty (D)          58.9
    Effort to implement (E) 476999
    Time to implement (T)   7 hours, 22 minutes
    Est Delivered Bugs (B)  2
    Cyclomatic Complexity   24
    Maintainability (MI)    140

 Segment     Used  Free
-----------  ----  ----
00000-00002     3  0  
00003-007FF   675  1370  
00800-00FFF     0  2048  



