
ROM used:   291/4096 (7%)
            291/4096 (7%) including unused fragments

            0.3 Average locations per line
            4.0 Average locations per statement

RAM used:   12/383 (3%) at main() level
            23/383 (6%) worst case

Stack used: 1 worst case (0 in main + 1 for interrupts)
Stack size: 16

Lines Stmts  %   Files
----- ----- ---  -----
  120    73 100  Ejercicio4_timer.c
    5     0   0  Ejercicio4_timer.h
  965     0   0  ..\..\..\..\..\..\Program Files (x86)\PICC\Devices\16F1827.h
----- -----
 1090    73 Total

Page ROM  %  RAM    Vol Diff  Functions:
---- --- --- ---    --- ----  ----------
0     44  15    0    349  3.7  TIMER0_ISR
0    121  42    0    759  2.9  RB_ISR
0     22   8    0     55  1.4  MAIN
0     46  16    0    226  1.4  InitGPIO
0     13   4    0     84  1.7  InitTimer0
0     10   3    0     37  1.1  InitInterrupts
 Inline         0             @cinit1

Program metrics:
    Functions               6
    Statements              73
    Comments                177
    Volume (V)              2131
    Difficulty (D)          12.7
    Effort to implement (E) 27028
    Time to implement (T)   25 minutes
    Est Delivered Bugs (B)  0
    Cyclomatic Complexity   13
    Maintainability (MI)    142

 Segment     Used  Free
-----------  ----  ----
00000-00002     3  0  
00003-00003     0  1  
00004-00023    32  0  
00024-007FF   256  1756  
00800-00FFF     0  2048  



