
ROM used:   92/4096 (2%)
            92/4096 (2%) including unused fragments

            0.1 Average locations per line
            5.4 Average locations per statement

RAM used:   6/383 (2%) at main() level
            17/383 (4%) worst case

Stack used: 0 worst case (0 in main + 0 for interrupts)
Stack size: 16

Lines Stmts  %   Files
----- ----- ---  -----
   49    17 100  ejercicio5c_main.c
    5     0   0  main.h
  965     0   0  ..\..\..\..\Program Files (x86)\PICC\Devices\16F1827.h
----- -----
 1019    17 Total

Page ROM  %  RAM    Vol Diff  Functions:
---- --- --- ---    --- ----  ----------
0     22  24    1             @delay_ms1
0     11  12    0             @const723
0     45  49    2    288  4.6  main
0     11  12    0     54  1.2  Init_GPIO
 Inline         0             @cinit1

Program metrics:
    Functions               2
    Statements              17
    Comments                178
    Volume (V)              402
    Difficulty (D)          5.2
    Effort to implement (E) 2091
    Time to implement (T)   2 minutes
    Est Delivered Bugs (B)  0
    Cyclomatic Complexity   3
    Maintainability (MI)    153

 Segment     Used  Free
-----------  ----  ----
00000-00002     3  0  
00003-007FF    89  1956  
00800-00FFF     0  2048  



