CCS PCM C Compiler, Version 5.093, 4770               20-nov.-25 19:07

               Filename:   C:\Users\MPF\Desktop\Git\Electr-nica-Digital-2\Guia 2\Punto 5\Ejercicio5.lst

               ROM used:   828 words (20%)
                           Largest free fragment is 2048
               RAM used:   24 (6%) at main() level
                           49 (13%) worst case
               Stack used: 6 locations (5 in main + 1 for interrupts)
               Stack size: 16

0000:  MOVLP  00
0001:  GOTO   31D
0002:  NOP
*
0004:  CLRF   03
0005:  MOVLP  00
0006:  MOVLB  00
0007:  MOVF   77,W
0008:  MOVWF  20
0009:  MOVF   78,W
000A:  MOVWF  21
000B:  MOVF   79,W
000C:  MOVWF  22
000D:  MOVF   7A,W
000E:  MOVWF  23
000F:  MOVLB  03
0010:  MOVF   11,W
0011:  MOVLB  00
0012:  MOVWF  24
0013:  MOVLB  03
0014:  MOVF   12,W
0015:  MOVLB  00
0016:  MOVWF  25
0017:  MOVLB  03
0018:  MOVF   13,W
0019:  MOVLB  00
001A:  MOVWF  26
001B:  MOVLB  03
001C:  MOVF   14,W
001D:  MOVLB  00
001E:  MOVWF  27
001F:  BTFSS  0B.5
0020:  GOTO   023
0021:  BTFSC  0B.2
0022:  GOTO   03C
0023:  MOVF   20,W
0024:  MOVWF  77
0025:  MOVF   21,W
0026:  MOVWF  78
0027:  MOVF   22,W
0028:  MOVWF  79
0029:  MOVF   23,W
002A:  MOVWF  7A
002B:  MOVF   24,W
002C:  MOVLB  03
002D:  MOVWF  11
002E:  MOVLB  00
002F:  MOVF   25,W
0030:  MOVLB  03
0031:  MOVWF  12
0032:  MOVLB  00
0033:  MOVF   26,W
0034:  MOVLB  03
0035:  MOVWF  13
0036:  MOVLB  00
0037:  MOVF   27,W
0038:  MOVLB  03
0039:  MOVWF  14
003A:  RETFIE
003B:  MOVLB  00
003C:  MOVLP  00
003D:  GOTO   04F
.................... #include <Ejercicio5.h>
.................... #include <16F1827.h>
.................... //////////// Standard Header file for the PIC16F1827 device ////////////////
.................... ///////////////////////////////////////////////////////////////////////////
.................... ////        (C) Copyright 1996, 2014 Custom Computer Services          ////
.................... //// This source code may only be used by licensed users of the CCS C  ////
.................... //// compiler.  This source code may only be distributed to other      ////
.................... //// licensed users of the CCS C compiler.  No other use, reproduction ////
.................... //// or distribution is permitted without written permission.          ////
.................... //// Derivative programs created using this software in object code    ////
.................... //// form are not restricted in any way.                               ////
.................... ///////////////////////////////////////////////////////////////////////////
.................... #device PIC16F1827
003E:  BRW
003F:  RETLW  31
0040:  RETLW  32
0041:  RETLW  33
0042:  RETLW  34
0043:  RETLW  35
0044:  RETLW  36
0045:  RETLW  37
0046:  RETLW  38
0047:  RETLW  39
0048:  RETLW  2A
0049:  RETLW  30
004A:  RETLW  23
004B:  BRW
004C:  RETLW  32
004D:  RETLW  35
004E:  RETLW  33
*
0064:  DATA 8C,24
0065:  DATA EE,33
0066:  DATA F2,32
0067:  DATA F3,32
0068:  DATA A0,21
0069:  DATA EC,30
006A:  DATA F6,32
006B:  DATA 3A,00
006C:  DATA 8C,21
006D:  DATA 6F,39
006E:  DATA F2,32
006F:  DATA 63,3A
0070:  DATA 61,00
0071:  DATA 8C,24
0072:  DATA EE,31
0073:  DATA 6F,39
0074:  DATA F2,32
0075:  DATA 63,3A
0076:  DATA 61,00
*
01F4:  MOVF   0B,W
01F5:  BCF    0B.7
01F6:  MOVLB  03
01F7:  BSF    15.7
01F8:  BSF    15.0
01F9:  NOP
01FA:  NOP
01FB:  BTFSC  09.7
01FC:  BSF    0B.7
01FD:  MOVF   13,W
01FE:  ANDLW  7F
01FF:  BTFSC  03.2
0200:  GOTO   23C
0201:  MOVLB  00
0202:  MOVWF  34
0203:  MOVLB  03
0204:  MOVF   11,W
0205:  MOVLB  00
0206:  MOVWF  35
0207:  MOVLB  03
0208:  MOVF   12,W
0209:  MOVLB  00
020A:  MOVWF  36
020B:  MOVF   34,W
020C:  MOVWF  37
020D:  CALL   1C8
020E:  MOVF   35,W
020F:  MOVLB  03
0210:  MOVWF  11
0211:  MOVLB  00
0212:  MOVF   36,W
0213:  MOVLB  03
0214:  MOVWF  12
0215:  MOVF   0B,W
0216:  BCF    0B.7
0217:  BSF    15.7
0218:  BSF    15.0
0219:  NOP
021A:  NOP
021B:  BTFSC  09.7
021C:  BSF    0B.7
021D:  RLF    13,W
021E:  RLF    14,W
021F:  ANDLW  7F
0220:  BTFSC  03.2
0221:  GOTO   23C
0222:  MOVLB  00
0223:  MOVWF  34
0224:  MOVLB  03
0225:  MOVF   11,W
0226:  MOVLB  00
0227:  MOVWF  35
0228:  MOVLB  03
0229:  MOVF   12,W
022A:  MOVLB  00
022B:  MOVWF  36
022C:  MOVF   34,W
022D:  MOVWF  37
022E:  CALL   1C8
022F:  MOVF   35,W
0230:  MOVLB  03
0231:  MOVWF  11
0232:  MOVLB  00
0233:  MOVF   36,W
0234:  MOVLB  03
0235:  MOVWF  12
0236:  INCF   11,F
0237:  BTFSC  03.2
0238:  INCF   12,F
0239:  MOVLB  00
023A:  GOTO   1F4
023B:  MOVLB  03
023C:  MOVLB  00
023D:  RETURN
*
02AF:  CLRF   77
02B0:  CLRF   78
02B1:  MOVF   36,W
02B2:  BCF    03.0
02B3:  BTFSC  37.0
02B4:  ADDWF  77,F
02B5:  RRF    77,F
02B6:  RRF    78,F
02B7:  BTFSC  37.1
02B8:  ADDWF  77,F
02B9:  RRF    77,F
02BA:  RRF    78,F
02BB:  BTFSC  37.2
02BC:  ADDWF  77,F
02BD:  RRF    77,F
02BE:  RRF    78,F
02BF:  BTFSC  37.3
02C0:  ADDWF  77,F
02C1:  RRF    77,F
02C2:  RRF    78,F
02C3:  BTFSC  37.4
02C4:  ADDWF  77,F
02C5:  RRF    77,F
02C6:  RRF    78,F
02C7:  BTFSC  37.5
02C8:  ADDWF  77,F
02C9:  RRF    77,F
02CA:  RRF    78,F
02CB:  BTFSC  37.6
02CC:  ADDWF  77,F
02CD:  RRF    77,F
02CE:  RRF    78,F
02CF:  BTFSC  37.7
02D0:  ADDWF  77,F
02D1:  RRF    77,F
02D2:  RRF    78,F
.................... 
.................... #list
.................... 
.................... #device ADC=10
.................... #use delay(internal=4MHz)
*
0081:  MOVLW  20
0082:  MOVWF  05
0083:  MOVLW  19
0084:  MOVWF  04
0085:  MOVF   00,W
0086:  BTFSC  03.2
0087:  GOTO   096
0088:  MOVLW  01
0089:  MOVWF  78
008A:  CLRF   77
008B:  DECFSZ 77,F
008C:  GOTO   08B
008D:  DECFSZ 78,F
008E:  GOTO   08A
008F:  MOVLW  4A
0090:  MOVWF  77
0091:  DECFSZ 77,F
0092:  GOTO   091
0093:  GOTO   094
0094:  DECFSZ 00,F
0095:  GOTO   088
0096:  RETURN
.................... 
.................... 
.................... 
.................... #fuses INTRC_IO   // Oscilador interno con pines RA6 y RA7 como GPIO
.................... #fuses NOMCLR     // Desactivo el MCLR
.................... #fuses NOWDT      // Desactivo el watchdog
.................... 
.................... 
.................... /*****************************************************************************
....................  * LCD
....................  ****************************************************************************/
.................... 
.................... #define LCD_ENABLE_PIN  PIN_A0
.................... #define LCD_RS_PIN      PIN_A1
.................... #define LCD_RW_PIN      PIN_A2 // CONECTADO A GND SI NO LO USAMOS
.................... #define LCD_DATA4       PIN_A4
.................... #define LCD_DATA5       PIN_A3
.................... #define LCD_DATA6       PIN_A6
.................... #define LCD_DATA7       PIN_A7
.................... #include <lcd.c>
.................... ///////////////////////////////////////////////////////////////////////////////
.................... ////                             LCD.C                                     ////
.................... ////                 Driver for common LCD modules                         ////
.................... ////                                                                       ////
.................... ////  lcd_init()   Must be called before any other function.               ////
.................... ////                                                                       ////
.................... ////  lcd_putc(c)  Will display c on the next position of the LCD.         ////
.................... ////                 \a  Set cursor position to upper left                 ////
.................... ////                 \f  Clear display, set cursor to upper left           ////
.................... ////                 \n  Go to start of second line                        ////
.................... ////                 \b  Move back one position                            ////
.................... ////              If LCD_EXTENDED_NEWLINE is defined, the \n character     ////
.................... ////              will erase all remanining characters on the current      ////
.................... ////              line, and move the cursor to the beginning of the next   ////
.................... ////              line.                                                    ////
.................... ////              If LCD_EXTENDED_NEWLINE is defined, the \r character     ////
.................... ////              will move the cursor to the start of the current         ////
.................... ////              line.                                                    ////
.................... ////                                                                       ////
.................... ////  lcd_gotoxy(x,y) Set write position on LCD (upper left is 1,1)        ////
.................... ////                                                                       ////
.................... ////  lcd_getc(x,y)   Returns character at position x,y on LCD             ////
.................... ////                                                                       ////
.................... ////  lcd_cursor_on(int1 on)   Turn the cursor on (on=TRUE) or off         ////
.................... ////              (on=FALSE).                                              ////
.................... ////                                                                       ////
.................... ////  lcd_set_cgram_char(w, *p)   Write a custom character to the CGRAM.   ////
.................... ////                                                                       ////
.................... ////                                                                       ////
.................... ////  CONFIGURATION                                                        ////
.................... ////  The LCD can be configured in one of two ways: a.) port access or     ////
.................... ////  b.) pin access.  Port access requires the entire 7 bit interface     ////
.................... ////  connected to one GPIO port, and the data bits (D4:D7 of the LCD)     ////
.................... ////  connected to sequential pins on the GPIO.  Pin access                ////
.................... ////  has no requirements, all 7 bits of the control interface can         ////
.................... ////  can be connected to any GPIO using several ports.                    ////
.................... ////                                                                       ////
.................... ////  To use port access, #define LCD_DATA_PORT to the SFR location of     ////
.................... ////  of the GPIO port that holds the interface, -AND- edit LCD_PIN_MAP    ////
.................... ////  of this file to configure the pin order.  If you are using a         ////
.................... ////  baseline PIC (PCB), then LCD_OUTPUT_MAP and LCD_INPUT_MAP also must  ////
.................... ////  be defined.                                                          ////
.................... ////                                                                       ////
.................... ////  Example of port access:                                              ////
.................... ////     #define LCD_DATA_PORT getenv("SFR:PORTD")                         ////
.................... ////                                                                       ////
.................... ////  To use pin access, the following pins must be defined:               ////
.................... ////     LCD_ENABLE_PIN                                                    ////
.................... ////     LCD_RS_PIN                                                        ////
.................... ////     LCD_RW_PIN                                                        ////
.................... ////     LCD_DATA4                                                         ////
.................... ////     LCD_DATA5                                                         ////
.................... ////     LCD_DATA6                                                         ////
.................... ////     LCD_DATA7                                                         ////
.................... ////                                                                       ////
.................... ////  Example of pin access:                                               ////
.................... ////     #define LCD_ENABLE_PIN  PIN_E0                                    ////
.................... ////     #define LCD_RS_PIN      PIN_E1                                    ////
.................... ////     #define LCD_RW_PIN      PIN_E2                                    ////
.................... ////     #define LCD_DATA4       PIN_D4                                    ////
.................... ////     #define LCD_DATA5       PIN_D5                                    ////
.................... ////     #define LCD_DATA6       PIN_D6                                    ////
.................... ////     #define LCD_DATA7       PIN_D7                                    ////
.................... ////                                                                       ////
.................... ///////////////////////////////////////////////////////////////////////////////
.................... ////        (C) Copyright 1996,2010 Custom Computer Services           ////
.................... //// This source code may only be used by licensed users of the CCS C  ////
.................... //// compiler.  This source code may only be distributed to other      ////
.................... //// licensed users of the CCS C compiler.  No other use, reproduction ////
.................... //// or distribution is permitted without written permission.          ////
.................... //// Derivative programs created using this software in object code    ////
.................... //// form are not restricted in any way.                               ////
.................... ///////////////////////////////////////////////////////////////////////////
.................... 
.................... #ifndef __LCD_C__
.................... #define __LCD_C__
.................... 
.................... // define the pinout.
.................... // only required if port access is being used.
.................... typedef struct  
.................... {                            // This structure is overlayed
....................    int1 enable;           // on to an I/O port to gain
....................    int1 rs;               // access to the LCD pins.
....................    int1 rw;               // The bits are allocated from
....................    int1 unused;           // low order up.  ENABLE will
....................    unsigned int     data : 4;         // be LSB pin of that port.
....................   #if defined(__PCD__)       // The port used will be LCD_DATA_PORT.
....................    unsigned int    reserved: 8;
....................   #endif
.................... } LCD_PIN_MAP;
.................... 
.................... // this is to improve compatability with previous LCD drivers that accepted
.................... // a define labeled 'use_portb_lcd' that configured the LCD onto port B.
.................... #if ((defined(use_portb_lcd)) && (use_portb_lcd==TRUE))
....................  #define LCD_DATA_PORT getenv("SFR:PORTB")
.................... #endif
.................... 
.................... #if defined(__PCB__)
....................    // these definitions only need to be modified for baseline PICs.
....................    // all other PICs use LCD_PIN_MAP or individual LCD_xxx pin definitions.
.................... /*                                    EN, RS,   RW,   UNUSED,  DATA  */
....................  const LCD_PIN_MAP LCD_OUTPUT_MAP =  {0,  0,    0,    0,       0};
....................  const LCD_PIN_MAP LCD_INPUT_MAP =   {0,  0,    0,    0,       0xF};
.................... #endif
.................... 
.................... ////////////////////// END CONFIGURATION ///////////////////////////////////
.................... 
.................... #ifndef LCD_ENABLE_PIN
....................    #define lcd_output_enable(x) lcdlat.enable=x
....................    #define lcd_enable_tris()   lcdtris.enable=0
.................... #else
....................    #define lcd_output_enable(x) output_bit(LCD_ENABLE_PIN, x)
....................    #define lcd_enable_tris()  output_drive(LCD_ENABLE_PIN)
.................... #endif
.................... 
.................... #ifndef LCD_RS_PIN
....................    #define lcd_output_rs(x) lcdlat.rs=x
....................    #define lcd_rs_tris()   lcdtris.rs=0
.................... #else
....................    #define lcd_output_rs(x) output_bit(LCD_RS_PIN, x)
....................    #define lcd_rs_tris()  output_drive(LCD_RS_PIN)
.................... #endif
.................... 
.................... #ifndef LCD_RW_PIN
....................    #define lcd_output_rw(x) lcdlat.rw=x
....................    #define lcd_rw_tris()   lcdtris.rw=0
.................... #else
....................    #define lcd_output_rw(x) output_bit(LCD_RW_PIN, x)
....................    #define lcd_rw_tris()  output_drive(LCD_RW_PIN)
.................... #endif
.................... 
.................... // original version of this library incorrectly labeled LCD_DATA0 as LCD_DATA4,
.................... // LCD_DATA1 as LCD_DATA5, and so on.  this block of code makes the driver
.................... // compatible with any code written for the original library
.................... #if (defined(LCD_DATA0) && defined(LCD_DATA1) && defined(LCD_DATA2) && defined(LCD_DATA3) && !defined(LCD_DATA4) && !defined(LCD_DATA5) && !defined(LCD_DATA6) && !defined(LCD_DATA7))
....................    #define  LCD_DATA4    LCD_DATA0
....................    #define  LCD_DATA5    LCD_DATA1
....................    #define  LCD_DATA6    LCD_DATA2
....................    #define  LCD_DATA7    LCD_DATA3
.................... #endif
.................... 
.................... #ifndef LCD_DATA4
.................... #ifndef LCD_DATA_PORT
....................    #if defined(__PCB__)
....................       #define LCD_DATA_PORT      0x06     //portb
....................       #define set_tris_lcd(x)   set_tris_b(x)
....................    #else
....................      #if defined(PIN_D0)
....................       #define LCD_DATA_PORT      getenv("SFR:PORTD")     //portd
....................      #else
....................       #define LCD_DATA_PORT      getenv("SFR:PORTB")     //portb
....................      #endif
....................    #endif   
.................... #endif
.................... 
.................... #if defined(__PCB__)
....................    LCD_PIN_MAP lcd, lcdlat;
....................    #byte lcd = LCD_DATA_PORT
....................    #byte lcdlat = LCD_DATA_PORT
.................... #elif defined(__PCM__)
....................    LCD_PIN_MAP lcd, lcdlat, lcdtris;
....................    #byte lcd = LCD_DATA_PORT
....................    #byte lcdlat = LCD_DATA_PORT
....................    #byte lcdtris = LCD_DATA_PORT+0x80
.................... #elif defined(__PCH__)
....................    LCD_PIN_MAP lcd, lcdlat, lcdtris;
....................    #byte lcd = LCD_DATA_PORT
....................    #byte lcdlat = LCD_DATA_PORT+9
....................    #byte lcdtris = LCD_DATA_PORT+0x12
.................... #elif defined(__PCD__)
....................    LCD_PIN_MAP lcd, lcdlat, lcdtris;
....................    #word lcd = LCD_DATA_PORT
....................    #word lcdlat = LCD_DATA_PORT+2
....................    #word lcdtris = LCD_DATA_PORT-0x02
.................... #endif
.................... #endif   //LCD_DATA4 not defined
.................... 
.................... #ifndef LCD_TYPE
....................    #define LCD_TYPE 2           // 0=5x7, 1=5x10, 2=2 lines
.................... #endif
.................... 
.................... #ifndef LCD_LINE_TWO
....................    #define LCD_LINE_TWO 0x40    // LCD RAM address for the second line
.................... #endif
.................... 
.................... #ifndef LCD_LINE_LENGTH
....................    #define LCD_LINE_LENGTH 20
.................... #endif
.................... 
.................... unsigned int8 lcd_read_nibble(void);
.................... 
.................... unsigned int8 lcd_read_byte(void)
.................... {
....................    unsigned int8 low,high;
.................... 
....................  #if defined(__PCB__)
....................    set_tris_lcd(LCD_INPUT_MAP);
....................  #else
....................   #if (defined(LCD_DATA4) && defined(LCD_DATA5) && defined(LCD_DATA6) && defined(LCD_DATA7))
....................    output_float(LCD_DATA4);
*
0107:  BSF    0C.4
....................    output_float(LCD_DATA5);
0108:  BSF    0C.3
....................    output_float(LCD_DATA6);
0109:  BSF    0C.6
....................    output_float(LCD_DATA7);
010A:  BSF    0C.7
....................   #else
....................    lcdtris.data = 0xF;
....................   #endif
....................  #endif
....................         
....................    lcd_output_rw(1);
010B:  MOVLB  02
010C:  BSF    0C.2
010D:  MOVLB  01
010E:  BCF    0C.2
....................    delay_cycles(1);
010F:  NOP
....................    lcd_output_enable(1);
0110:  MOVLB  02
0111:  BSF    0C.0
0112:  MOVLB  01
0113:  BCF    0C.0
....................    delay_cycles(1);
0114:  NOP
....................    high = lcd_read_nibble();
0115:  MOVLB  00
0116:  CALL   0CE
0117:  MOVF   78,W
0118:  MOVWF  3F
....................       
....................    lcd_output_enable(0);
0119:  MOVLB  02
011A:  BCF    0C.0
011B:  MOVLB  01
011C:  BCF    0C.0
....................    delay_cycles(1);
011D:  NOP
....................    lcd_output_enable(1);
011E:  MOVLB  02
011F:  BSF    0C.0
0120:  MOVLB  01
0121:  BCF    0C.0
....................    delay_us(1);
0122:  NOP
....................    low = lcd_read_nibble();
0123:  MOVLB  00
0124:  CALL   0CE
0125:  MOVF   78,W
0126:  MOVWF  3E
....................       
....................    lcd_output_enable(0);
0127:  MOVLB  02
0128:  BCF    0C.0
0129:  MOVLB  01
012A:  BCF    0C.0
.................... 
....................  #if defined(__PCB__)
....................    set_tris_lcd(LCD_OUTPUT_MAP);
....................  #else
....................   #if (defined(LCD_DATA4) && defined(LCD_DATA5) && defined(LCD_DATA6) && defined(LCD_DATA7))
....................    output_drive(LCD_DATA4);
012B:  BCF    0C.4
....................    output_drive(LCD_DATA5);
012C:  BCF    0C.3
....................    output_drive(LCD_DATA6);
012D:  BCF    0C.6
....................    output_drive(LCD_DATA7);
012E:  BCF    0C.7
....................   #else
....................    lcdtris.data = 0x0;
....................   #endif
....................  #endif
.................... 
....................    return( (high<<4) | low);
012F:  MOVLB  00
0130:  SWAPF  3F,W
0131:  MOVWF  77
0132:  MOVLW  F0
0133:  ANDWF  77,F
0134:  MOVF   77,W
0135:  IORWF  3E,W
0136:  MOVWF  78
.................... }
.................... 
.................... unsigned int8 lcd_read_nibble(void)
.................... {
....................   #if (defined(LCD_DATA4) && defined(LCD_DATA5) && defined(LCD_DATA6) && defined(LCD_DATA7))
*
00CE:  CLRF   40
....................    unsigned int8 n = 0x00;
.................... 
....................    /* Read the data port */
....................    n |= input(LCD_DATA4);
00CF:  MOVLB  01
00D0:  BSF    0C.4
00D1:  MOVLW  00
00D2:  MOVLB  00
00D3:  BTFSC  0C.4
00D4:  MOVLW  01
00D5:  IORWF  40,F
....................    n |= input(LCD_DATA5) << 1;
00D6:  MOVLB  01
00D7:  BSF    0C.3
00D8:  MOVLW  00
00D9:  MOVLB  00
00DA:  BTFSC  0C.3
00DB:  MOVLW  01
00DC:  MOVWF  77
00DD:  BCF    03.0
00DE:  RLF    77,F
00DF:  MOVF   77,W
00E0:  IORWF  40,F
....................    n |= input(LCD_DATA6) << 2;
00E1:  MOVLB  01
00E2:  BSF    0C.6
00E3:  MOVLW  00
00E4:  MOVLB  00
00E5:  BTFSC  0C.6
00E6:  MOVLW  01
00E7:  MOVWF  77
00E8:  RLF    77,F
00E9:  RLF    77,F
00EA:  MOVLW  FC
00EB:  ANDWF  77,F
00EC:  MOVF   77,W
00ED:  IORWF  40,F
....................    n |= input(LCD_DATA7) << 3;
00EE:  MOVLB  01
00EF:  BSF    0C.7
00F0:  MOVLW  00
00F1:  MOVLB  00
00F2:  BTFSC  0C.7
00F3:  MOVLW  01
00F4:  MOVWF  77
00F5:  RLF    77,F
00F6:  RLF    77,F
00F7:  RLF    77,F
00F8:  MOVLW  F8
00F9:  ANDWF  77,F
00FA:  MOVF   77,W
00FB:  IORWF  40,F
....................    
....................    return(n);
00FC:  MOVF   40,W
00FD:  MOVWF  78
....................   #else
00FE:  RETURN
....................    return(lcd.data);
....................   #endif
.................... }
.................... 
.................... void lcd_send_nibble(unsigned int8 n)
.................... {
....................   #if (defined(LCD_DATA4) && defined(LCD_DATA5) && defined(LCD_DATA6) && defined(LCD_DATA7))
....................    /* Write to the data port */
....................    output_bit(LCD_DATA4, bit_test(n, 0));
*
0097:  BTFSC  3F.0
0098:  GOTO   09D
0099:  MOVLB  02
009A:  BCF    0C.4
009B:  GOTO   09F
009C:  MOVLB  00
009D:  MOVLB  02
009E:  BSF    0C.4
009F:  MOVLB  01
00A0:  BCF    0C.4
....................    output_bit(LCD_DATA5, bit_test(n, 1));
00A1:  MOVLB  00
00A2:  BTFSC  3F.1
00A3:  GOTO   0A8
00A4:  MOVLB  02
00A5:  BCF    0C.3
00A6:  GOTO   0AA
00A7:  MOVLB  00
00A8:  MOVLB  02
00A9:  BSF    0C.3
00AA:  MOVLB  01
00AB:  BCF    0C.3
....................    output_bit(LCD_DATA6, bit_test(n, 2));
00AC:  MOVLB  00
00AD:  BTFSC  3F.2
00AE:  GOTO   0B3
00AF:  MOVLB  02
00B0:  BCF    0C.6
00B1:  GOTO   0B5
00B2:  MOVLB  00
00B3:  MOVLB  02
00B4:  BSF    0C.6
00B5:  MOVLB  01
00B6:  BCF    0C.6
....................    output_bit(LCD_DATA7, bit_test(n, 3));
00B7:  MOVLB  00
00B8:  BTFSC  3F.3
00B9:  GOTO   0BE
00BA:  MOVLB  02
00BB:  BCF    0C.7
00BC:  GOTO   0C0
00BD:  MOVLB  00
00BE:  MOVLB  02
00BF:  BSF    0C.7
00C0:  MOVLB  01
00C1:  BCF    0C.7
....................   #else      
....................    lcdlat.data = n;
....................   #endif
....................       
....................    delay_cycles(1);
00C2:  NOP
....................    lcd_output_enable(1);
00C3:  MOVLB  02
00C4:  BSF    0C.0
00C5:  MOVLB  01
00C6:  BCF    0C.0
....................    delay_us(2);
00C7:  GOTO   0C8
....................    lcd_output_enable(0);
00C8:  MOVLB  02
00C9:  BCF    0C.0
00CA:  MOVLB  01
00CB:  BCF    0C.0
00CC:  MOVLB  00
00CD:  RETURN
.................... }
.................... 
.................... void lcd_send_byte(unsigned int8 address, unsigned int8 n)
.................... {
....................   #if defined(__PCB__)
....................    set_tris_lcd(LCD_OUTPUT_MAP);
....................   #else
....................    lcd_enable_tris();
*
00FF:  MOVLB  01
0100:  BCF    0C.0
....................    lcd_rs_tris();
0101:  BCF    0C.1
....................    lcd_rw_tris();
0102:  BCF    0C.2
....................   #endif
.................... 
....................    lcd_output_rs(0);
0103:  MOVLB  02
0104:  BCF    0C.1
0105:  MOVLB  01
0106:  BCF    0C.1
....................    while ( bit_test(lcd_read_byte(),7) ) ;
*
0137:  MOVF   78,W
0138:  MOVWF  3E
0139:  BTFSS  3E.7
013A:  GOTO   13D
013B:  MOVLB  01
013C:  GOTO   107
....................    lcd_output_rs(address);
013D:  MOVF   3C,F
013E:  BTFSS  03.2
013F:  GOTO   144
0140:  MOVLB  02
0141:  BCF    0C.1
0142:  GOTO   146
0143:  MOVLB  00
0144:  MOVLB  02
0145:  BSF    0C.1
0146:  MOVLB  01
0147:  BCF    0C.1
....................    delay_cycles(1);
0148:  NOP
....................    lcd_output_rw(0);
0149:  MOVLB  02
014A:  BCF    0C.2
014B:  MOVLB  01
014C:  BCF    0C.2
....................    delay_cycles(1);
014D:  NOP
....................    lcd_output_enable(0);
014E:  MOVLB  02
014F:  BCF    0C.0
0150:  MOVLB  01
0151:  BCF    0C.0
....................    lcd_send_nibble(n >> 4);
0152:  MOVLB  00
0153:  SWAPF  3D,W
0154:  MOVWF  3E
0155:  MOVLW  0F
0156:  ANDWF  3E,F
0157:  MOVF   3E,W
0158:  MOVWF  3F
0159:  CALL   097
....................    lcd_send_nibble(n & 0xf);
015A:  MOVF   3D,W
015B:  ANDLW  0F
015C:  MOVWF  3E
015D:  MOVWF  3F
015E:  CALL   097
015F:  RETURN
.................... }
.................... 
.................... #if defined(LCD_EXTENDED_NEWLINE)
.................... unsigned int8 g_LcdX, g_LcdY;
.................... #endif
.................... 
.................... void lcd_init(void) 
.................... {
....................    unsigned int8 i;
....................    unsigned int8 LCD_INIT_STRING[4] = {0x20 | (LCD_TYPE << 2), 0xc, 1, 6};
0160:  MOVLW  28
0161:  MOVWF  35
0162:  MOVLW  0C
0163:  MOVWF  36
0164:  MOVLW  01
0165:  MOVWF  37
0166:  MOVLW  06
0167:  MOVWF  38
....................                              // These bytes need to be sent to the LCD
....................                              // to start it up.
....................    
.................... 
....................    lcd_output_enable(0);
0168:  MOVLB  02
0169:  BCF    0C.0
016A:  MOVLB  01
016B:  BCF    0C.0
....................    lcd_output_rs(0);
016C:  MOVLB  02
016D:  BCF    0C.1
016E:  MOVLB  01
016F:  BCF    0C.1
....................    lcd_output_rw(0);
0170:  MOVLB  02
0171:  BCF    0C.2
0172:  MOVLB  01
0173:  BCF    0C.2
.................... 
....................  #if defined(__PCB__)
....................    set_tris_lcd(LCD_OUTPUT_MAP);
....................  #else
....................   #if (defined(LCD_DATA4) && defined(LCD_DATA5) && defined(LCD_DATA6) && defined(LCD_DATA7))
....................    output_drive(LCD_DATA4);
0174:  BCF    0C.4
....................    output_drive(LCD_DATA5);
0175:  BCF    0C.3
....................    output_drive(LCD_DATA6);
0176:  BCF    0C.6
....................    output_drive(LCD_DATA7);
0177:  BCF    0C.7
....................   #else
....................    lcdtris.data = 0x0;
....................   #endif
....................    lcd_enable_tris();
0178:  BCF    0C.0
....................    lcd_rs_tris();
0179:  BCF    0C.1
....................    lcd_rw_tris();
017A:  BCF    0C.2
....................  #endif
....................     
....................    delay_ms(15);
017B:  MOVLW  0F
017C:  MOVLB  00
017D:  MOVWF  39
017E:  CALL   081
....................    for(i=1;i<=3;++i)
017F:  MOVLW  01
0180:  MOVWF  34
0181:  MOVF   34,W
0182:  SUBLW  03
0183:  BTFSS  03.0
0184:  GOTO   18D
....................    {
....................        lcd_send_nibble(3);
0185:  MOVLW  03
0186:  MOVWF  3F
0187:  CALL   097
....................        delay_ms(5);
0188:  MOVLW  05
0189:  MOVWF  39
018A:  CALL   081
018B:  INCF   34,F
018C:  GOTO   181
....................    }
....................    
....................    lcd_send_nibble(2);
018D:  MOVLW  02
018E:  MOVWF  3F
018F:  CALL   097
....................    delay_ms(5);
0190:  MOVLW  05
0191:  MOVWF  39
0192:  CALL   081
....................    for(i=0;i<=3;++i)
0193:  CLRF   34
0194:  MOVF   34,W
0195:  SUBLW  03
0196:  BTFSS  03.0
0197:  GOTO   1A7
....................       lcd_send_byte(0,LCD_INIT_STRING[i]);
0198:  MOVLW  15
0199:  ADDWF  34,W
019A:  MOVWF  04
019B:  MOVLW  20
019C:  MOVWF  05
019D:  BTFSC  03.0
019E:  INCF   05,F
019F:  MOVF   00,W
01A0:  MOVWF  39
01A1:  CLRF   3C
01A2:  MOVF   39,W
01A3:  MOVWF  3D
01A4:  CALL   0FF
.................... 
....................   #if defined(LCD_EXTENDED_NEWLINE)
01A5:  INCF   34,F
01A6:  GOTO   194
01A7:  MOVLP  00
01A8:  GOTO   338 (RETURN)
....................    g_LcdX = 0;
....................    g_LcdY = 0;
....................   #endif
.................... }
.................... 
.................... void lcd_gotoxy(unsigned int8 x, unsigned int8 y)
.................... {
....................    unsigned int8 address;
....................    
....................    if(y!=1)
*
01B6:  DECFSZ 39,W
01B7:  GOTO   1B9
01B8:  GOTO   1BC
....................       address=LCD_LINE_TWO;
01B9:  MOVLW  40
01BA:  MOVWF  3A
01BB:  GOTO   1BD
....................    else
....................       address=0;
01BC:  CLRF   3A
....................      
....................    address+=x-1;
01BD:  MOVLW  01
01BE:  SUBWF  38,W
01BF:  ADDWF  3A,F
....................    lcd_send_byte(0,0x80|address);
01C0:  MOVF   3A,W
01C1:  IORLW  80
01C2:  MOVWF  3B
01C3:  CLRF   3C
01C4:  MOVF   3B,W
01C5:  MOVWF  3D
01C6:  CALL   0FF
.................... 
....................   #if defined(LCD_EXTENDED_NEWLINE)
01C7:  RETURN
....................    g_LcdX = x - 1;
....................    g_LcdY = y - 1;
....................   #endif
.................... }
.................... 
.................... void lcd_putc(char c)
.................... {
....................    switch (c)
01C8:  MOVF   37,W
01C9:  XORLW  07
01CA:  BTFSC  03.2
01CB:  GOTO   1D6
01CC:  XORLW  0B
01CD:  BTFSC  03.2
01CE:  GOTO   1DB
01CF:  XORLW  06
01D0:  BTFSC  03.2
01D1:  GOTO   1E3
01D2:  XORLW  02
01D3:  BTFSC  03.2
01D4:  GOTO   1E9
01D5:  GOTO   1EE
....................    {
....................       case '\a'   :  lcd_gotoxy(1,1);     break;
01D6:  MOVLW  01
01D7:  MOVWF  38
01D8:  MOVWF  39
01D9:  CALL   1B6
01DA:  GOTO   1F3
.................... 
....................       case '\f'   :  lcd_send_byte(0,1);
01DB:  CLRF   3C
01DC:  MOVLW  01
01DD:  MOVWF  3D
01DE:  CALL   0FF
....................                      delay_ms(2);
01DF:  MOVLW  02
01E0:  MOVWF  39
01E1:  CALL   081
....................                     #if defined(LCD_EXTENDED_NEWLINE)
....................                      g_LcdX = 0;
....................                      g_LcdY = 0;
....................                     #endif
....................                      break;
01E2:  GOTO   1F3
.................... 
....................      #if defined(LCD_EXTENDED_NEWLINE)
....................       case '\r'   :  lcd_gotoxy(1, g_LcdY+1);   break;
....................       case '\n'   :
....................          while (g_LcdX++ < LCD_LINE_LENGTH)
....................          {
....................             lcd_send_byte(1, ' ');
....................          }
....................          lcd_gotoxy(1, g_LcdY+2);
....................          break;
....................      #else
....................       case '\n'   : lcd_gotoxy(1,2);        break;
01E3:  MOVLW  01
01E4:  MOVWF  38
01E5:  MOVLW  02
01E6:  MOVWF  39
01E7:  CALL   1B6
01E8:  GOTO   1F3
....................      #endif
....................      
....................       case '\b'   : lcd_send_byte(0,0x10);  break;
01E9:  CLRF   3C
01EA:  MOVLW  10
01EB:  MOVWF  3D
01EC:  CALL   0FF
01ED:  GOTO   1F3
....................      
....................      #if defined(LCD_EXTENDED_NEWLINE)
....................       default     : 
....................          if (g_LcdX < LCD_LINE_LENGTH)
....................          {
....................             lcd_send_byte(1, c);
....................             g_LcdX++;
....................          }
....................          break;
....................      #else
....................       default     : lcd_send_byte(1,c);     break;
01EE:  MOVLW  01
01EF:  MOVWF  3C
01F0:  MOVF   37,W
01F1:  MOVWF  3D
01F2:  CALL   0FF
....................      #endif
....................    }
01F3:  RETURN
.................... }
....................  
.................... char lcd_getc(unsigned int8 x, unsigned int8 y)
.................... {
....................    char value;
.................... 
....................    lcd_gotoxy(x,y);
....................    while ( bit_test(lcd_read_byte(),7) ); // wait until busy flag is low
....................    lcd_output_rs(1);
....................    value = lcd_read_byte();
....................    lcd_output_rs(0);
....................    
....................    return(value);
.................... }
.................... 
.................... // write a custom character to the ram
.................... // which is 0-7 and specifies which character array we are modifying.
.................... // ptr points to an array of 8 bytes, where each byte is the next row of
.................... //    pixels.  only bits 0-4 are used.  the last row is the cursor row, and
.................... //    usually you will want to leave this byte 0x00.
.................... void lcd_set_cgram_char(unsigned int8 which, unsigned int8 *ptr)
.................... {
....................    unsigned int i;
.................... 
....................    which <<= 3;
....................    which &= 0x38;
.................... 
....................    lcd_send_byte(0, 0x40 | which);  //set cgram address
.................... 
....................    for(i=0; i<8; i++)
....................    {
....................       lcd_send_byte(1, *ptr++);
....................    }
....................   
....................    #if defined(LCD_EXTENDED_NEWLINE)
....................     lcd_gotoxy(g_LcdX+1, g_LcdY+1);  //set ddram address
....................    #endif
.................... }
.................... 
.................... void lcd_cursor_on(int1 on)
.................... {
....................    if (on)
....................    {
....................       lcd_send_byte(0,0x0F);           //turn LCD cursor ON
....................    }
....................    else
....................    {
....................       lcd_send_byte(0,0x0C);           //turn LCD cursor OFF
....................    }
.................... }
.................... 
.................... #endif
.................... 
.................... 
.................... #define use_portb_kbd TRUE //defino el portb como donde va el teclado
.................... #include <kbd.c>
.................... ///////////////////////////////////////////////////////////////////////////
.................... ////                             KBD.C                                 ////
.................... ////                  Generic keypad scan driver                       ////
.................... ////                                                                   ////
.................... ////  kbd_init()   Must be called before any other function.           ////
.................... ////                                                                   ////
.................... ////  c = kbd_getc()  Will return a key value if pressed or /0 if not  ////
.................... ////                   This function should be called frequently so as ////
.................... ////                   not to miss a key press.                        ////
.................... ////                                                                   ////
.................... ///////////////////////////////////////////////////////////////////////////
.................... ////        (C) Copyright 1996,2003 Custom Computer Services           ////
.................... //// This source code may only be used by licensed users of the CCS C  ////
.................... //// compiler.  This source code may only be distributed to other      ////
.................... //// licensed users of the CCS C compiler.  No other use, reproduction ////
.................... //// or distribution is permitted without written permission.          ////
.................... //// Derivative programs created using this software in object code    ////
.................... //// form are not restricted in any way.                               ////
.................... ///////////////////////////////////////////////////////////////////////////
.................... 
.................... ////////////////// The following defines the keypad layout on port D
.................... 
.................... // Un-comment the following define to use port B
.................... // #define use_portb_kbd TRUE
.................... 
.................... // Make sure the port used has pull-up resistors (or the LCD) on
.................... // the column pins
.................... 
.................... #if defined use_portb_kbd
....................    #byte kbd = getenv("SFR:PORTB")
.................... #else
....................    #byte kbd = getenv("SFR:PORTD")
.................... #endif
.................... 
.................... #if defined use_portb_kbd
....................    #define set_tris_kbd(x) set_tris_b(x)
.................... #else
....................    #define set_tris_kbd(x) set_tris_d(x)
.................... #endif
.................... 
.................... //Keypad connection:   (for example column 0 is B2)
.................... //                Bx:
.................... 
.................... #ifdef blue_keypad  ///////////////////////////////////// For the blue keypad
.................... #define COL0 (1 << 2)
.................... #define COL1 (1 << 3)
.................... #define COL2 (1 << 6)
.................... 
.................... #define ROW0 (1 << 4)
.................... #define ROW1 (1 << 7)
.................... #define ROW2 (1 << 1)
.................... #define ROW3 (1 << 5)
.................... 
.................... #else ////////////////////////////////////////////////// For the black keypad
.................... #define COL0 (1 << 5)
.................... #define COL1 (1 << 6)
.................... #define COL2 (1 << 7)
.................... 
.................... #define ROW0 (1 << 1)
.................... #define ROW1 (1 << 2)
.................... #define ROW2 (1 << 3)
.................... #define ROW3 (1 << 4)
.................... 
.................... #endif
.................... 
.................... #define ALL_ROWS (ROW0|ROW1|ROW2|ROW3)
.................... #define ALL_PINS (ALL_ROWS|COL0|COL1|COL2)
.................... 
.................... // Keypad layout:
.................... char const KEYS[4][3] = {{'1','2','3'},
....................                          {'4','5','6'},
....................                          {'7','8','9'},
....................                          {'*','0','#'}};
.................... 
.................... #define KBD_DEBOUNCE_FACTOR 33    // Set this number to apx n/333 where
....................                                   // n is the number of times you expect
....................                                   // to call kbd_getc each second
.................... 
.................... 
.................... void kbd_init() {
*
01A9:  MOVLP  00
01AA:  GOTO   339 (RETURN)
.................... }
.................... 
.................... char kbd_getc( ) {
....................    static BYTE kbd_call_count;
....................    static int1 kbd_down;
....................    static char last_key;
....................    static BYTE col;
.................... 
....................    BYTE kchar;
....................    BYTE row;
.................... 
....................    kchar='\0';
*
025F:  CLRF   34
....................    if(++kbd_call_count>KBD_DEBOUNCE_FACTOR) {
0260:  INCF   28,F
0261:  MOVF   28,W
0262:  SUBLW  21
0263:  BTFSC  03.0
0264:  GOTO   2E0
....................        switch (col) {
0265:  MOVF   2B,W
0266:  BTFSC  03.2
0267:  GOTO   26F
0268:  XORLW  01
0269:  BTFSC  03.2
026A:  GOTO   275
026B:  XORLW  03
026C:  BTFSC  03.2
026D:  GOTO   27B
026E:  GOTO   280
....................          case 0   : set_tris_kbd(ALL_PINS&~COL0);
026F:  MOVLW  DE
0270:  MOVLB  01
0271:  MOVWF  0D
....................                     kbd=~COL0&ALL_PINS;
0272:  MOVLB  00
0273:  MOVWF  0D
....................                     break;
0274:  GOTO   280
....................          case 1   : set_tris_kbd(ALL_PINS&~COL1);
0275:  MOVLW  BE
0276:  MOVLB  01
0277:  MOVWF  0D
....................                     kbd=~COL1&ALL_PINS;
0278:  MOVLB  00
0279:  MOVWF  0D
....................                     break;
027A:  GOTO   280
....................          case 2   : set_tris_kbd(ALL_PINS&~COL2);
027B:  MOVLW  7E
027C:  MOVLB  01
027D:  MOVWF  0D
....................                     kbd=~COL2&ALL_PINS;
027E:  MOVLB  00
027F:  MOVWF  0D
....................                     break;
....................        }
.................... 
....................        if(kbd_down) {
0280:  BTFSS  29.0
0281:  GOTO   28C
....................          if((kbd & (ALL_ROWS))==(ALL_ROWS)) {
0282:  MOVF   0D,W
0283:  ANDLW  1E
0284:  SUBLW  1E
0285:  BTFSS  03.2
0286:  GOTO   28B
....................            kbd_down=FALSE;
0287:  BCF    29.0
....................            kchar=last_key;
0288:  MOVF   2A,W
0289:  MOVWF  34
....................            last_key='\0';
028A:  CLRF   2A
....................          }
....................        } else {
028B:  GOTO   2DF
....................           if((kbd & (ALL_ROWS))!=(ALL_ROWS)) {
028C:  MOVF   0D,W
028D:  ANDLW  1E
028E:  SUBLW  1E
028F:  BTFSC  03.2
0290:  GOTO   2DA
....................              if((kbd & ROW0)==0)
0291:  MOVF   0D,W
0292:  ANDLW  02
0293:  BTFSS  03.2
0294:  GOTO   297
....................                row=0;
0295:  CLRF   35
0296:  GOTO   2AB
....................              else if((kbd & ROW1)==0)
0297:  MOVF   0D,W
0298:  ANDLW  04
0299:  BTFSS  03.2
029A:  GOTO   29E
....................                row=1;
029B:  MOVLW  01
029C:  MOVWF  35
029D:  GOTO   2AB
....................              else if((kbd & ROW2)==0)
029E:  MOVF   0D,W
029F:  ANDLW  08
02A0:  BTFSS  03.2
02A1:  GOTO   2A5
....................                row=2;
02A2:  MOVLW  02
02A3:  MOVWF  35
02A4:  GOTO   2AB
....................              else if((kbd & ROW3)==0)
02A5:  MOVF   0D,W
02A6:  ANDLW  10
02A7:  BTFSS  03.2
02A8:  GOTO   2AB
....................                row=3;
02A9:  MOVLW  03
02AA:  MOVWF  35
....................              last_key =KEYS[row][col];
02AB:  MOVF   35,W
02AC:  MOVWF  36
02AD:  MOVLW  03
02AE:  MOVWF  37
*
02D3:  MOVF   2B,W
02D4:  ADDWF  78,W
02D5:  CALL   03E
02D6:  MOVWF  78
02D7:  MOVWF  2A
....................              kbd_down = TRUE;
02D8:  BSF    29.0
....................           } else {
02D9:  GOTO   2DF
....................              ++col;
02DA:  INCF   2B,F
....................              if(col==3)
02DB:  MOVF   2B,W
02DC:  SUBLW  03
02DD:  BTFSC  03.2
....................                col=0;
02DE:  CLRF   2B
....................           }
....................        }
....................       kbd_call_count=0;
02DF:  CLRF   28
....................    }
....................   set_tris_kbd(ALL_PINS);
02E0:  MOVLW  FE
02E1:  MOVLB  01
02E2:  MOVWF  0D
....................   return(kchar);
02E3:  MOVLB  00
02E4:  MOVF   34,W
02E5:  MOVWF  78
.................... }
.................... 
.................... 
.................... /*****************************************************************************
....................  * Funciones de Inicializacion de Perifericos
....................  ****************************************************************************/
....................  
.................... void Init_GPIO(void);
.................... void Init_ADC(void);
.................... void InitTimer0(void);
.................... 
.................... /*****************************************************************************
.................... * Estados
.................... ****************************************************************************/
.................... typedef enum {
....................     INICIO,            
....................     ESPERA_TECLA,      
....................     CLAVE_CORRECTA,   
....................     CLAVE_INCORRECTA   
.................... } eEstado;
.................... 
.................... eEstado estado_actual = INICIO;
.................... 
.................... /*****************************************************************************
.................... * Funciones
.................... ****************************************************************************/
.................... 
.................... void maquina(void);
.................... int comparadorcontra(void);
.................... 
.................... /*****************************************************************************
.................... * Variables globales
.................... ****************************************************************************/
.................... 
.................... int contador_ms = 0;
.................... int flag_tiempo_cumplido = 0; // Aviso de tiempo cumplido
.................... 
.................... char tecla;
.................... const char contra_real[3] = {'2','5','3'}; // contraseña 
.................... int cont_digitos = 0; 
.................... int cont_digitos_correctos = 0; 
.................... 
.................... /*****************************************************************************
.................... * Interrupciones
.................... ****************************************************************************/
.................... 
.................... #INT_TIMER0 // ACA ESCRIBO QUÉ DEBO HACER EN CADA INTERRUPCIÓN
.................... void Timer0_ISR() {
....................     set_timer0(61); // 50ms
*
004F:  MOVLW  3D
0050:  MOVWF  15
....................     contador_ms++;
0051:  INCF   2D,F
....................   
....................     if(estado_actual == CLAVE_CORRECTA || estado_actual == CLAVE_INCORRECTA) {
0052:  MOVF   2C,W
0053:  SUBLW  02
0054:  BTFSC  03.2
0055:  GOTO   05A
0056:  MOVF   2C,W
0057:  SUBLW  03
0058:  BTFSS  03.2
0059:  GOTO   061
....................           if(contador_ms >= 40) { // 2 s
005A:  MOVF   2D,W
005B:  SUBLW  27
005C:  BTFSC  03.0
005D:  GOTO   061
....................               contador_ms = 0;
005E:  CLRF   2D
....................               flag_tiempo_cumplido = 1; 
005F:  MOVLW  01
0060:  MOVWF  2E
....................           }
....................       }
....................     
0061:  BCF    0B.2
0062:  MOVLP  00
0063:  GOTO   023
.................... }
.................... 
.................... /*****************************************************************************
.................... * Main
.................... ****************************************************************************/
.................... void main()
*
031D:  MOVLW  6A
031E:  MOVLB  01
031F:  MOVWF  19
0320:  MOVLB  00
0321:  CLRF   2C
0322:  CLRF   2D
0323:  CLRF   2E
0324:  CLRF   30
0325:  CLRF   31
0326:  CLRF   33
0327:  CLRF   32
0328:  MOVLB  03
0329:  CLRF   0C
032A:  CLRF   0D
032B:  MOVLB  02
032C:  CLRF   12
032D:  CLRF   11
032E:  CLRF   14
032F:  CLRF   13
0330:  MOVLB  00
0331:  BCF    29.0
0332:  CLRF   28
0333:  BCF    29.0
0334:  CLRF   2A
0335:  CLRF   2B
.................... {
.................... 
....................    Init_GPIO();
0336:  GOTO   077
....................    lcd_init(); //inicializo el led
0337:  GOTO   160
....................    kbd_init();//inicializo el teclado
0338:  GOTO   1A9
....................    InitTimer0();
0339:  GOTO   1AB
....................    while(TRUE) {
....................       maquina();
033A:  GOTO   23E
033B:  GOTO   33A
....................    }
.................... 
.................... }
.................... 
033C:  SLEEP
.................... void maquina(void) {
....................     
....................     switch(estado_actual) {
*
023E:  MOVF   2C,W
023F:  XORLW  00
0240:  BTFSC  03.2
0241:  GOTO   24C
0242:  XORLW  01
0243:  BTFSC  03.2
0244:  GOTO   25F
0245:  XORLW  03
0246:  BTFSC  03.2
0247:  GOTO   304
0248:  XORLW  01
0249:  BTFSC  03.2
024A:  GOTO   30F
024B:  GOTO   31A
....................         
....................         case INICIO:
....................           lcd_putc("\fIngrese Clave:");
024C:  MOVLW  64
024D:  MOVLB  03
024E:  MOVWF  11
024F:  MOVLW  00
0250:  MOVWF  12
0251:  MOVLB  00
0252:  CALL   1F4
....................           lcd_gotoxy(1,2);
0253:  MOVLW  01
0254:  MOVWF  38
0255:  MOVLW  02
0256:  MOVWF  39
0257:  CALL   1B6
....................       
....................           cont_digitos = 0;
0258:  CLRF   30
....................           cont_digitos_correctos = 0;
0259:  CLRF   31
....................       
....................           contador_ms = 0;
025A:  CLRF   2D
....................           flag_tiempo_cumplido = 0;
025B:  CLRF   2E
....................       
....................           estado_actual = ESPERA_TECLA;
025C:  MOVLW  01
025D:  MOVWF  2C
....................           break;
025E:  GOTO   31B
.................... 
....................         case ESPERA_TECLA:
....................              tecla = kbd_getc();
*
02E6:  MOVF   78,W
02E7:  MOVWF  2F
....................          
....................              if(tecla != 0) {
02E8:  MOVF   2F,F
02E9:  BTFSC  03.2
02EA:  GOTO   303
....................                  lcd_putc('*');   // mostrar asterisco
02EB:  MOVLW  2A
02EC:  MOVWF  37
02ED:  CALL   1C8
....................                  // comparo la tecla con el dígito real
....................                  if (tecla == contra_real[cont_digitos]) {
02EE:  MOVF   30,W
02EF:  CALL   04B
02F0:  MOVWF  78
02F1:  SUBWF  2F,W
02F2:  BTFSC  03.2
....................                      cont_digitos_correctos++;
02F3:  INCF   31,F
....................                  }
....................                  cont_digitos++;  // siempre incremento       
02F4:  INCF   30,F
....................                  if(cont_digitos == 3) {
02F5:  MOVF   30,W
02F6:  SUBLW  03
02F7:  BTFSS  03.2
02F8:  GOTO   303
....................                      contador_ms = 0;
02F9:  CLRF   2D
....................                      if(cont_digitos_correctos == 3)
02FA:  MOVF   31,W
02FB:  SUBLW  03
02FC:  BTFSS  03.2
02FD:  GOTO   301
....................                          estado_actual = CLAVE_CORRECTA;
02FE:  MOVLW  02
02FF:  MOVWF  2C
0300:  GOTO   303
....................                      else
....................                          estado_actual = CLAVE_INCORRECTA;
0301:  MOVLW  03
0302:  MOVWF  2C
....................                  }
....................              }
....................              break;
0303:  GOTO   31B
....................              
....................        case CLAVE_CORRECTA:
....................              lcd_putc("\fCorrecta");
0304:  MOVLW  6C
0305:  MOVLB  03
0306:  MOVWF  11
0307:  MOVLW  00
0308:  MOVWF  12
0309:  MOVLB  00
030A:  CALL   1F4
....................          
....................              if(flag_tiempo_cumplido == 1) {
030B:  DECFSZ 2E,W
030C:  GOTO   30E
....................                  estado_actual = INICIO;
030D:  CLRF   2C
....................              }
....................              break;
030E:  GOTO   31B
.................... 
....................         case CLAVE_INCORRECTA:
....................             lcd_putc("\fIncorrecta");
030F:  MOVLW  71
0310:  MOVLB  03
0311:  MOVWF  11
0312:  MOVLW  00
0313:  MOVWF  12
0314:  MOVLB  00
0315:  CALL   1F4
....................          
....................              if(flag_tiempo_cumplido == 1) {
0316:  DECFSZ 2E,W
0317:  GOTO   319
....................                  estado_actual = INICIO;
0318:  CLRF   2C
....................              }
....................              break;
0319:  GOTO   31B
....................             
....................         default:
....................             estado_actual = INICIO;
031A:  CLRF   2C
....................             break;
....................     }
031B:  MOVLP  00
031C:  GOTO   33B (RETURN)
.................... }
.................... void InitTimer0(void) {
.................... 
....................     setup_timer_0(RTCC_INTERNAL|RTCC_DIV_256); // Configuro prescaler
*
01AB:  MOVLB  01
01AC:  MOVF   15,W
01AD:  ANDLW  C0
01AE:  IORLW  07
01AF:  MOVWF  15
....................     set_timer0(61);                  // Reinicio el timer --> Interrupciones cada 50ms
01B0:  MOVLW  3D
01B1:  MOVLB  00
01B2:  MOVWF  15
....................     enable_interrupts(INT_TIMER0);    // Activo Interrupcion timer0
01B3:  BSF    0B.5
01B4:  MOVLP  00
01B5:  GOTO   33A (RETURN)
....................     
.................... }
.................... 
.................... void Init_GPIO()
.................... {
.................... 
....................    set_tris_b(0b00001111); // RB0, RB1, RB2 y RB3 filas del teclado, entrada  // RB4, RB6, RB7 columnas, salidas
*
0077:  MOVLW  0F
0078:  MOVLB  01
0079:  MOVWF  0D
....................    set_tris_a(0b00000000); // TODO COMO SALIDA EN ESTADO BAJO 
007A:  MOVLW  00
007B:  MOVWF  0C
.................... 
....................    enable_interrupts(GLOBAL);
007C:  MOVLW  C0
007D:  IORWF  0B,F
007E:  MOVLP  00
007F:  MOVLB  00
0080:  GOTO   337 (RETURN)
.................... }

Configuration Fuses:
   Word  1: 3F84   INTRC_IO NOWDT PUT NOMCLR NOPROTECT NOCPD BROWNOUT NOCLKOUT IESO FCMEN
   Word  2: 1EFF   NOWRT PLL_SW STVREN BORV19 NODEBUG NOLVP
