
ROM used:   931/4096 (23%)
            931/4096 (23%) including unused fragments

            0.5 Average locations per line
            4.7 Average locations per statement

RAM used:   28/383 (7%) at main() level
            55/383 (14%) worst case

Stack used: 6 worst case (5 in main + 1 for interrupts)
Stack size: 16

Lines Stmts  %   Files
----- ----- ---  -----
  197    58  29  Punto5.c
    5     0   0  Punto5.h
  965     0   0  ..\..\..\..\..\..\..\Program Files (x86)\PICC\Devices\16F1827.h
  456   100  51  ..\..\..\..\..\..\..\Program Files (x86)\PICC\Drivers\lcd.c
  135    40  20  ..\..\..\..\..\..\..\Program Files (x86)\PICC\Drivers\kbd.c
----- -----
 1758   198 Total

Page ROM  %  RAM    Vol Diff  Functions:
---- --- --- ---    --- ----  ----------
0     22   2    1             @delay_ms1
 Inline         3    760  4.5  lcd_read_byte
0     49   5    2    262  3.7  lcd_read_nibble
0     55   6    1    399  2.4  lcd_send_nibble
0     97  10    3    415  3.7  lcd_send_byte
0     73   8    6    852  6.2  lcd_init
0     18   2    4    208  6.3  lcd_gotoxy
0     44   5    1    354  4.7  lcd_putc
0     13   1    0             @const759
0      2   0    0      3  0.0  kbd_init
 Inline         3   4540 10.2  kbd_getc
 Inline         2             @MUL88
0     13   1    0     96  2.9  Timer0_ISR
0     37   4    0     75  1.5  MAIN
0    250  27    2    652  7.9  maquina
0      8   1    0             @const793
0     74   8    5             @PSTRINGC7_745
0      1   0    0             @const798
0      1   0    0             @const799
0     22   2    0             @const800
0     17   2    2             @PSTRINGR_745
0     20   2    0             @const802
 Inline         2    162  4.8  comparadorcontra
0     11   1    0     65  1.6  InitTimer0
0     43   5    0    243  1.4  Init_GPIO
 Inline         0             @cinit1

Program metrics:
    Functions               15
    Statements              198
    Comments                352
    Volume (V)              13397
    Difficulty (D)          62.7
    Effort to implement (E) 840413
    Time to implement (T)   12 hours, 58 minutes
    Est Delivered Bugs (B)  3
    Cyclomatic Complexity   30
    Maintainability (MI)    140

 Segment     Used  Free
-----------  ----  ----
00000-00002     3  0  
00003-00003     1  0  
00004-0003D    58  0  
0003E-007FF   869  1117  
00800-00FFF     0  2048  



