CCS PCM C Compiler, Version 5.093, 4770               31-oct.-25 11:53

               Filename:   C:\Users\MPF\Desktop\Git\Electr-nica-Digital-2\Guia 2\Punto 5\Punto5.lst

               ROM used:   886 words (22%)
                           Largest free fragment is 2048
               RAM used:   23 (6%) at main() level
                           49 (13%) worst case
               Stack used: 6 locations (5 in main + 1 for interrupts)
               Stack size: 16

0000:  MOVLP  00
0001:  GOTO   351
0002:  NOP
*
0004:  CLRF   03
0005:  MOVLP  00
0006:  MOVLB  00
0007:  MOVF   77,W
0008:  MOVWF  20
0009:  MOVF   78,W
000A:  MOVWF  21
000B:  MOVF   79,W
000C:  MOVWF  22
000D:  MOVF   7A,W
000E:  MOVWF  23
000F:  MOVLB  03
0010:  MOVF   11,W
0011:  MOVLB  00
0012:  MOVWF  24
0013:  MOVLB  03
0014:  MOVF   12,W
0015:  MOVLB  00
0016:  MOVWF  25
0017:  MOVLB  03
0018:  MOVF   13,W
0019:  MOVLB  00
001A:  MOVWF  26
001B:  MOVLB  03
001C:  MOVF   14,W
001D:  MOVLB  00
001E:  MOVWF  27
001F:  BTFSS  0B.5
0020:  GOTO   023
0021:  BTFSC  0B.2
0022:  GOTO   03C
0023:  MOVF   20,W
0024:  MOVWF  77
0025:  MOVF   21,W
0026:  MOVWF  78
0027:  MOVF   22,W
0028:  MOVWF  79
0029:  MOVF   23,W
002A:  MOVWF  7A
002B:  MOVF   24,W
002C:  MOVLB  03
002D:  MOVWF  11
002E:  MOVLB  00
002F:  MOVF   25,W
0030:  MOVLB  03
0031:  MOVWF  12
0032:  MOVLB  00
0033:  MOVF   26,W
0034:  MOVLB  03
0035:  MOVWF  13
0036:  MOVLB  00
0037:  MOVF   27,W
0038:  MOVLB  03
0039:  MOVWF  14
003A:  RETFIE
003B:  MOVLB  00
003C:  MOVLP  00
003D:  GOTO   04F
.................... #include <16F1827.h>
.................... //////////// Standard Header file for the PIC16F1827 device ////////////////
.................... ///////////////////////////////////////////////////////////////////////////
.................... ////        (C) Copyright 1996, 2014 Custom Computer Services          ////
.................... //// This source code may only be used by licensed users of the CCS C  ////
.................... //// compiler.  This source code may only be distributed to other      ////
.................... //// licensed users of the CCS C compiler.  No other use, reproduction ////
.................... //// or distribution is permitted without written permission.          ////
.................... //// Derivative programs created using this software in object code    ////
.................... //// form are not restricted in any way.                               ////
.................... ///////////////////////////////////////////////////////////////////////////
.................... #device PIC16F1827
003E:  BRW
003F:  RETLW  31
0040:  RETLW  32
0041:  RETLW  33
0042:  RETLW  34
0043:  RETLW  35
0044:  RETLW  36
0045:  RETLW  37
0046:  RETLW  38
0047:  RETLW  39
0048:  RETLW  2A
0049:  RETLW  30
004A:  RETLW  23
004B:  BRW
004C:  RETLW  32
004D:  RETLW  35
004E:  RETLW  33
*
0066:  DATA 49,37
0067:  DATA 67,39
0068:  DATA E5,39
0069:  DATA 65,10
006A:  DATA 43,36
006B:  DATA 61,3B
006C:  DATA 65,1D
006D:  DATA 00,00
006E:  DATA 8C,24
006F:  DATA EE,33
0070:  DATA F2,32
0071:  DATA F3,32
0072:  DATA A0,21
0073:  DATA EC,30
0074:  DATA F6,32
0075:  DATA 3A,00
0076:  DATA 8C,21
0077:  DATA 6F,39
0078:  DATA F2,32
0079:  DATA 63,3A
007A:  DATA 61,00
007B:  DATA 8C,24
007C:  DATA EE,31
007D:  DATA 6F,39
007E:  DATA F2,32
007F:  DATA 63,3A
0080:  DATA 61,00
*
022A:  MOVF   0B,W
022B:  BCF    0B.7
022C:  MOVLB  03
022D:  BSF    15.7
022E:  BSF    15.0
022F:  NOP
0230:  NOP
0231:  BTFSC  09.7
0232:  BSF    0B.7
0233:  MOVF   13,W
0234:  ANDLW  7F
0235:  BTFSC  03.2
0236:  GOTO   272
0237:  MOVLB  00
0238:  MOVWF  34
0239:  MOVLB  03
023A:  MOVF   11,W
023B:  MOVLB  00
023C:  MOVWF  35
023D:  MOVLB  03
023E:  MOVF   12,W
023F:  MOVLB  00
0240:  MOVWF  36
0241:  MOVF   34,W
0242:  MOVWF  37
0243:  CALL   1FE
0244:  MOVF   35,W
0245:  MOVLB  03
0246:  MOVWF  11
0247:  MOVLB  00
0248:  MOVF   36,W
0249:  MOVLB  03
024A:  MOVWF  12
024B:  MOVF   0B,W
024C:  BCF    0B.7
024D:  BSF    15.7
024E:  BSF    15.0
024F:  NOP
0250:  NOP
0251:  BTFSC  09.7
0252:  BSF    0B.7
0253:  RLF    13,W
0254:  RLF    14,W
0255:  ANDLW  7F
0256:  BTFSC  03.2
0257:  GOTO   272
0258:  MOVLB  00
0259:  MOVWF  34
025A:  MOVLB  03
025B:  MOVF   11,W
025C:  MOVLB  00
025D:  MOVWF  35
025E:  MOVLB  03
025F:  MOVF   12,W
0260:  MOVLB  00
0261:  MOVWF  36
0262:  MOVF   34,W
0263:  MOVWF  37
0264:  CALL   1FE
0265:  MOVF   35,W
0266:  MOVLB  03
0267:  MOVWF  11
0268:  MOVLB  00
0269:  MOVF   36,W
026A:  MOVLB  03
026B:  MOVWF  12
026C:  INCF   11,F
026D:  BTFSC  03.2
026E:  INCF   12,F
026F:  MOVLB  00
0270:  GOTO   22A
0271:  MOVLB  03
0272:  MOVLB  00
0273:  RETURN
*
02E2:  CLRF   77
02E3:  CLRF   78
02E4:  MOVF   35,W
02E5:  BCF    03.0
02E6:  BTFSC  36.0
02E7:  ADDWF  77,F
02E8:  RRF    77,F
02E9:  RRF    78,F
02EA:  BTFSC  36.1
02EB:  ADDWF  77,F
02EC:  RRF    77,F
02ED:  RRF    78,F
02EE:  BTFSC  36.2
02EF:  ADDWF  77,F
02F0:  RRF    77,F
02F1:  RRF    78,F
02F2:  BTFSC  36.3
02F3:  ADDWF  77,F
02F4:  RRF    77,F
02F5:  RRF    78,F
02F6:  BTFSC  36.4
02F7:  ADDWF  77,F
02F8:  RRF    77,F
02F9:  RRF    78,F
02FA:  BTFSC  36.5
02FB:  ADDWF  77,F
02FC:  RRF    77,F
02FD:  RRF    78,F
02FE:  BTFSC  36.6
02FF:  ADDWF  77,F
0300:  RRF    77,F
0301:  RRF    78,F
0302:  BTFSC  36.7
0303:  ADDWF  77,F
0304:  RRF    77,F
0305:  RRF    78,F
.................... 
.................... #list
.................... 
.................... #use delay(internal=4MHz)
*
00B7:  MOVLW  20
00B8:  MOVWF  05
00B9:  MOVLW  18
00BA:  MOVWF  04
00BB:  MOVF   00,W
00BC:  BTFSC  03.2
00BD:  GOTO   0CC
00BE:  MOVLW  01
00BF:  MOVWF  78
00C0:  CLRF   77
00C1:  DECFSZ 77,F
00C2:  GOTO   0C1
00C3:  DECFSZ 78,F
00C4:  GOTO   0C0
00C5:  MOVLW  4A
00C6:  MOVWF  77
00C7:  DECFSZ 77,F
00C8:  GOTO   0C7
00C9:  GOTO   0CA
00CA:  DECFSZ 00,F
00CB:  GOTO   0BE
00CC:  RETURN
.................... #include <Punto5.h>
.................... 
.................... 
.................... 
.................... 
.................... #fuses INTRC_IO   // Oscilador interno con pines RA6 y RA7 como GPIO
.................... #fuses NOMCLR     // Desactivo el MCLR
.................... #fuses NOWDT      // Desactivo el watchdog
.................... 
.................... 
.................... /*****************************************************************************
....................  * LCD
....................  ****************************************************************************/
.................... 
.................... #define LCD_ENABLE_PIN  PIN_A1
.................... #define LCD_RS_PIN      PIN_A2
.................... #define LCD_RW_PIN      PIN_A3 // CONECTADO A GND SI NO LO USAMOS
.................... #define LCD_DATA4       PIN_A4
.................... #define LCD_DATA5       PIN_A5
.................... #define LCD_DATA6       PIN_A6
.................... #define LCD_DATA7       PIN_A7
.................... 
.................... #include <lcd.c>
.................... ///////////////////////////////////////////////////////////////////////////////
.................... ////                             LCD.C                                     ////
.................... ////                 Driver for common LCD modules                         ////
.................... ////                                                                       ////
.................... ////  lcd_init()   Must be called before any other function.               ////
.................... ////                                                                       ////
.................... ////  lcd_putc(c)  Will display c on the next position of the LCD.         ////
.................... ////                 \a  Set cursor position to upper left                 ////
.................... ////                 \f  Clear display, set cursor to upper left           ////
.................... ////                 \n  Go to start of second line                        ////
.................... ////                 \b  Move back one position                            ////
.................... ////              If LCD_EXTENDED_NEWLINE is defined, the \n character     ////
.................... ////              will erase all remanining characters on the current      ////
.................... ////              line, and move the cursor to the beginning of the next   ////
.................... ////              line.                                                    ////
.................... ////              If LCD_EXTENDED_NEWLINE is defined, the \r character     ////
.................... ////              will move the cursor to the start of the current         ////
.................... ////              line.                                                    ////
.................... ////                                                                       ////
.................... ////  lcd_gotoxy(x,y) Set write position on LCD (upper left is 1,1)        ////
.................... ////                                                                       ////
.................... ////  lcd_getc(x,y)   Returns character at position x,y on LCD             ////
.................... ////                                                                       ////
.................... ////  lcd_cursor_on(int1 on)   Turn the cursor on (on=TRUE) or off         ////
.................... ////              (on=FALSE).                                              ////
.................... ////                                                                       ////
.................... ////  lcd_set_cgram_char(w, *p)   Write a custom character to the CGRAM.   ////
.................... ////                                                                       ////
.................... ////                                                                       ////
.................... ////  CONFIGURATION                                                        ////
.................... ////  The LCD can be configured in one of two ways: a.) port access or     ////
.................... ////  b.) pin access.  Port access requires the entire 7 bit interface     ////
.................... ////  connected to one GPIO port, and the data bits (D4:D7 of the LCD)     ////
.................... ////  connected to sequential pins on the GPIO.  Pin access                ////
.................... ////  has no requirements, all 7 bits of the control interface can         ////
.................... ////  can be connected to any GPIO using several ports.                    ////
.................... ////                                                                       ////
.................... ////  To use port access, #define LCD_DATA_PORT to the SFR location of     ////
.................... ////  of the GPIO port that holds the interface, -AND- edit LCD_PIN_MAP    ////
.................... ////  of this file to configure the pin order.  If you are using a         ////
.................... ////  baseline PIC (PCB), then LCD_OUTPUT_MAP and LCD_INPUT_MAP also must  ////
.................... ////  be defined.                                                          ////
.................... ////                                                                       ////
.................... ////  Example of port access:                                              ////
.................... ////     #define LCD_DATA_PORT getenv("SFR:PORTD")                         ////
.................... ////                                                                       ////
.................... ////  To use pin access, the following pins must be defined:               ////
.................... ////     LCD_ENABLE_PIN                                                    ////
.................... ////     LCD_RS_PIN                                                        ////
.................... ////     LCD_RW_PIN                                                        ////
.................... ////     LCD_DATA4                                                         ////
.................... ////     LCD_DATA5                                                         ////
.................... ////     LCD_DATA6                                                         ////
.................... ////     LCD_DATA7                                                         ////
.................... ////                                                                       ////
.................... ////  Example of pin access:                                               ////
.................... ////     #define LCD_ENABLE_PIN  PIN_E0                                    ////
.................... ////     #define LCD_RS_PIN      PIN_E1                                    ////
.................... ////     #define LCD_RW_PIN      PIN_E2                                    ////
.................... ////     #define LCD_DATA4       PIN_D4                                    ////
.................... ////     #define LCD_DATA5       PIN_D5                                    ////
.................... ////     #define LCD_DATA6       PIN_D6                                    ////
.................... ////     #define LCD_DATA7       PIN_D7                                    ////
.................... ////                                                                       ////
.................... ///////////////////////////////////////////////////////////////////////////////
.................... ////        (C) Copyright 1996,2010 Custom Computer Services           ////
.................... //// This source code may only be used by licensed users of the CCS C  ////
.................... //// compiler.  This source code may only be distributed to other      ////
.................... //// licensed users of the CCS C compiler.  No other use, reproduction ////
.................... //// or distribution is permitted without written permission.          ////
.................... //// Derivative programs created using this software in object code    ////
.................... //// form are not restricted in any way.                               ////
.................... ///////////////////////////////////////////////////////////////////////////
.................... 
.................... #ifndef __LCD_C__
.................... #define __LCD_C__
.................... 
.................... // define the pinout.
.................... // only required if port access is being used.
.................... typedef struct  
.................... {                            // This structure is overlayed
....................    int1 enable;           // on to an I/O port to gain
....................    int1 rs;               // access to the LCD pins.
....................    int1 rw;               // The bits are allocated from
....................    int1 unused;           // low order up.  ENABLE will
....................    unsigned int     data : 4;         // be LSB pin of that port.
....................   #if defined(__PCD__)       // The port used will be LCD_DATA_PORT.
....................    unsigned int    reserved: 8;
....................   #endif
.................... } LCD_PIN_MAP;
.................... 
.................... // this is to improve compatability with previous LCD drivers that accepted
.................... // a define labeled 'use_portb_lcd' that configured the LCD onto port B.
.................... #if ((defined(use_portb_lcd)) && (use_portb_lcd==TRUE))
....................  #define LCD_DATA_PORT getenv("SFR:PORTB")
.................... #endif
.................... 
.................... #if defined(__PCB__)
....................    // these definitions only need to be modified for baseline PICs.
....................    // all other PICs use LCD_PIN_MAP or individual LCD_xxx pin definitions.
.................... /*                                    EN, RS,   RW,   UNUSED,  DATA  */
....................  const LCD_PIN_MAP LCD_OUTPUT_MAP =  {0,  0,    0,    0,       0};
....................  const LCD_PIN_MAP LCD_INPUT_MAP =   {0,  0,    0,    0,       0xF};
.................... #endif
.................... 
.................... ////////////////////// END CONFIGURATION ///////////////////////////////////
.................... 
.................... #ifndef LCD_ENABLE_PIN
....................    #define lcd_output_enable(x) lcdlat.enable=x
....................    #define lcd_enable_tris()   lcdtris.enable=0
.................... #else
....................    #define lcd_output_enable(x) output_bit(LCD_ENABLE_PIN, x)
....................    #define lcd_enable_tris()  output_drive(LCD_ENABLE_PIN)
.................... #endif
.................... 
.................... #ifndef LCD_RS_PIN
....................    #define lcd_output_rs(x) lcdlat.rs=x
....................    #define lcd_rs_tris()   lcdtris.rs=0
.................... #else
....................    #define lcd_output_rs(x) output_bit(LCD_RS_PIN, x)
....................    #define lcd_rs_tris()  output_drive(LCD_RS_PIN)
.................... #endif
.................... 
.................... #ifndef LCD_RW_PIN
....................    #define lcd_output_rw(x) lcdlat.rw=x
....................    #define lcd_rw_tris()   lcdtris.rw=0
.................... #else
....................    #define lcd_output_rw(x) output_bit(LCD_RW_PIN, x)
....................    #define lcd_rw_tris()  output_drive(LCD_RW_PIN)
.................... #endif
.................... 
.................... // original version of this library incorrectly labeled LCD_DATA0 as LCD_DATA4,
.................... // LCD_DATA1 as LCD_DATA5, and so on.  this block of code makes the driver
.................... // compatible with any code written for the original library
.................... #if (defined(LCD_DATA0) && defined(LCD_DATA1) && defined(LCD_DATA2) && defined(LCD_DATA3) && !defined(LCD_DATA4) && !defined(LCD_DATA5) && !defined(LCD_DATA6) && !defined(LCD_DATA7))
....................    #define  LCD_DATA4    LCD_DATA0
....................    #define  LCD_DATA5    LCD_DATA1
....................    #define  LCD_DATA6    LCD_DATA2
....................    #define  LCD_DATA7    LCD_DATA3
.................... #endif
.................... 
.................... #ifndef LCD_DATA4
.................... #ifndef LCD_DATA_PORT
....................    #if defined(__PCB__)
....................       #define LCD_DATA_PORT      0x06     //portb
....................       #define set_tris_lcd(x)   set_tris_b(x)
....................    #else
....................      #if defined(PIN_D0)
....................       #define LCD_DATA_PORT      getenv("SFR:PORTD")     //portd
....................      #else
....................       #define LCD_DATA_PORT      getenv("SFR:PORTB")     //portb
....................      #endif
....................    #endif   
.................... #endif
.................... 
.................... #if defined(__PCB__)
....................    LCD_PIN_MAP lcd, lcdlat;
....................    #byte lcd = LCD_DATA_PORT
....................    #byte lcdlat = LCD_DATA_PORT
.................... #elif defined(__PCM__)
....................    LCD_PIN_MAP lcd, lcdlat, lcdtris;
....................    #byte lcd = LCD_DATA_PORT
....................    #byte lcdlat = LCD_DATA_PORT
....................    #byte lcdtris = LCD_DATA_PORT+0x80
.................... #elif defined(__PCH__)
....................    LCD_PIN_MAP lcd, lcdlat, lcdtris;
....................    #byte lcd = LCD_DATA_PORT
....................    #byte lcdlat = LCD_DATA_PORT+9
....................    #byte lcdtris = LCD_DATA_PORT+0x12
.................... #elif defined(__PCD__)
....................    LCD_PIN_MAP lcd, lcdlat, lcdtris;
....................    #word lcd = LCD_DATA_PORT
....................    #word lcdlat = LCD_DATA_PORT+2
....................    #word lcdtris = LCD_DATA_PORT-0x02
.................... #endif
.................... #endif   //LCD_DATA4 not defined
.................... 
.................... #ifndef LCD_TYPE
....................    #define LCD_TYPE 2           // 0=5x7, 1=5x10, 2=2 lines
.................... #endif
.................... 
.................... #ifndef LCD_LINE_TWO
....................    #define LCD_LINE_TWO 0x40    // LCD RAM address for the second line
.................... #endif
.................... 
.................... #ifndef LCD_LINE_LENGTH
....................    #define LCD_LINE_LENGTH 20
.................... #endif
.................... 
.................... unsigned int8 lcd_read_nibble(void);
.................... 
.................... unsigned int8 lcd_read_byte(void)
.................... {
....................    unsigned int8 low,high;
.................... 
....................  #if defined(__PCB__)
....................    set_tris_lcd(LCD_INPUT_MAP);
....................  #else
....................   #if (defined(LCD_DATA4) && defined(LCD_DATA5) && defined(LCD_DATA6) && defined(LCD_DATA7))
....................    output_float(LCD_DATA4);
*
013D:  BSF    0C.4
....................    output_float(LCD_DATA5);
013E:  BSF    0C.5
....................    output_float(LCD_DATA6);
013F:  BSF    0C.6
....................    output_float(LCD_DATA7);
0140:  BSF    0C.7
....................   #else
....................    lcdtris.data = 0xF;
....................   #endif
....................  #endif
....................         
....................    lcd_output_rw(1);
0141:  MOVLB  02
0142:  BSF    0C.3
0143:  MOVLB  01
0144:  BCF    0C.3
....................    delay_cycles(1);
0145:  NOP
....................    lcd_output_enable(1);
0146:  MOVLB  02
0147:  BSF    0C.1
0148:  MOVLB  01
0149:  BCF    0C.1
....................    delay_cycles(1);
014A:  NOP
....................    high = lcd_read_nibble();
014B:  MOVLB  00
014C:  CALL   104
014D:  MOVF   78,W
014E:  MOVWF  3F
....................       
....................    lcd_output_enable(0);
014F:  MOVLB  02
0150:  BCF    0C.1
0151:  MOVLB  01
0152:  BCF    0C.1
....................    delay_cycles(1);
0153:  NOP
....................    lcd_output_enable(1);
0154:  MOVLB  02
0155:  BSF    0C.1
0156:  MOVLB  01
0157:  BCF    0C.1
....................    delay_us(1);
0158:  NOP
....................    low = lcd_read_nibble();
0159:  MOVLB  00
015A:  CALL   104
015B:  MOVF   78,W
015C:  MOVWF  3E
....................       
....................    lcd_output_enable(0);
015D:  MOVLB  02
015E:  BCF    0C.1
015F:  MOVLB  01
0160:  BCF    0C.1
.................... 
....................  #if defined(__PCB__)
....................    set_tris_lcd(LCD_OUTPUT_MAP);
....................  #else
....................   #if (defined(LCD_DATA4) && defined(LCD_DATA5) && defined(LCD_DATA6) && defined(LCD_DATA7))
....................    output_drive(LCD_DATA4);
0161:  BCF    0C.4
....................    output_drive(LCD_DATA5);
0162:  BCF    0C.5
....................    output_drive(LCD_DATA6);
0163:  BCF    0C.6
....................    output_drive(LCD_DATA7);
0164:  BCF    0C.7
....................   #else
....................    lcdtris.data = 0x0;
....................   #endif
....................  #endif
.................... 
....................    return( (high<<4) | low);
0165:  MOVLB  00
0166:  SWAPF  3F,W
0167:  MOVWF  77
0168:  MOVLW  F0
0169:  ANDWF  77,F
016A:  MOVF   77,W
016B:  IORWF  3E,W
016C:  MOVWF  78
.................... }
.................... 
.................... unsigned int8 lcd_read_nibble(void)
.................... {
....................   #if (defined(LCD_DATA4) && defined(LCD_DATA5) && defined(LCD_DATA6) && defined(LCD_DATA7))
*
0104:  CLRF   40
....................    unsigned int8 n = 0x00;
.................... 
....................    /* Read the data port */
....................    n |= input(LCD_DATA4);
0105:  MOVLB  01
0106:  BSF    0C.4
0107:  MOVLW  00
0108:  MOVLB  00
0109:  BTFSC  0C.4
010A:  MOVLW  01
010B:  IORWF  40,F
....................    n |= input(LCD_DATA5) << 1;
010C:  MOVLB  01
010D:  BSF    0C.5
010E:  MOVLW  00
010F:  MOVLB  00
0110:  BTFSC  0C.5
0111:  MOVLW  01
0112:  MOVWF  77
0113:  BCF    03.0
0114:  RLF    77,F
0115:  MOVF   77,W
0116:  IORWF  40,F
....................    n |= input(LCD_DATA6) << 2;
0117:  MOVLB  01
0118:  BSF    0C.6
0119:  MOVLW  00
011A:  MOVLB  00
011B:  BTFSC  0C.6
011C:  MOVLW  01
011D:  MOVWF  77
011E:  RLF    77,F
011F:  RLF    77,F
0120:  MOVLW  FC
0121:  ANDWF  77,F
0122:  MOVF   77,W
0123:  IORWF  40,F
....................    n |= input(LCD_DATA7) << 3;
0124:  MOVLB  01
0125:  BSF    0C.7
0126:  MOVLW  00
0127:  MOVLB  00
0128:  BTFSC  0C.7
0129:  MOVLW  01
012A:  MOVWF  77
012B:  RLF    77,F
012C:  RLF    77,F
012D:  RLF    77,F
012E:  MOVLW  F8
012F:  ANDWF  77,F
0130:  MOVF   77,W
0131:  IORWF  40,F
....................    
....................    return(n);
0132:  MOVF   40,W
0133:  MOVWF  78
....................   #else
0134:  RETURN
....................    return(lcd.data);
....................   #endif
.................... }
.................... 
.................... void lcd_send_nibble(unsigned int8 n)
.................... {
....................   #if (defined(LCD_DATA4) && defined(LCD_DATA5) && defined(LCD_DATA6) && defined(LCD_DATA7))
....................    /* Write to the data port */
....................    output_bit(LCD_DATA4, bit_test(n, 0));
*
00CD:  BTFSC  3F.0
00CE:  GOTO   0D3
00CF:  MOVLB  02
00D0:  BCF    0C.4
00D1:  GOTO   0D5
00D2:  MOVLB  00
00D3:  MOVLB  02
00D4:  BSF    0C.4
00D5:  MOVLB  01
00D6:  BCF    0C.4
....................    output_bit(LCD_DATA5, bit_test(n, 1));
00D7:  MOVLB  00
00D8:  BTFSC  3F.1
00D9:  GOTO   0DE
00DA:  MOVLB  02
00DB:  BCF    0C.5
00DC:  GOTO   0E0
00DD:  MOVLB  00
00DE:  MOVLB  02
00DF:  BSF    0C.5
00E0:  MOVLB  01
00E1:  BCF    0C.5
....................    output_bit(LCD_DATA6, bit_test(n, 2));
00E2:  MOVLB  00
00E3:  BTFSC  3F.2
00E4:  GOTO   0E9
00E5:  MOVLB  02
00E6:  BCF    0C.6
00E7:  GOTO   0EB
00E8:  MOVLB  00
00E9:  MOVLB  02
00EA:  BSF    0C.6
00EB:  MOVLB  01
00EC:  BCF    0C.6
....................    output_bit(LCD_DATA7, bit_test(n, 3));
00ED:  MOVLB  00
00EE:  BTFSC  3F.3
00EF:  GOTO   0F4
00F0:  MOVLB  02
00F1:  BCF    0C.7
00F2:  GOTO   0F6
00F3:  MOVLB  00
00F4:  MOVLB  02
00F5:  BSF    0C.7
00F6:  MOVLB  01
00F7:  BCF    0C.7
....................   #else      
....................    lcdlat.data = n;
....................   #endif
....................       
....................    delay_cycles(1);
00F8:  NOP
....................    lcd_output_enable(1);
00F9:  MOVLB  02
00FA:  BSF    0C.1
00FB:  MOVLB  01
00FC:  BCF    0C.1
....................    delay_us(2);
00FD:  GOTO   0FE
....................    lcd_output_enable(0);
00FE:  MOVLB  02
00FF:  BCF    0C.1
0100:  MOVLB  01
0101:  BCF    0C.1
0102:  MOVLB  00
0103:  RETURN
.................... }
.................... 
.................... void lcd_send_byte(unsigned int8 address, unsigned int8 n)
.................... {
....................   #if defined(__PCB__)
....................    set_tris_lcd(LCD_OUTPUT_MAP);
....................   #else
....................    lcd_enable_tris();
*
0135:  MOVLB  01
0136:  BCF    0C.1
....................    lcd_rs_tris();
0137:  BCF    0C.2
....................    lcd_rw_tris();
0138:  BCF    0C.3
....................   #endif
.................... 
....................    lcd_output_rs(0);
0139:  MOVLB  02
013A:  BCF    0C.2
013B:  MOVLB  01
013C:  BCF    0C.2
....................    while ( bit_test(lcd_read_byte(),7) ) ;
*
016D:  MOVF   78,W
016E:  MOVWF  3E
016F:  BTFSS  3E.7
0170:  GOTO   173
0171:  MOVLB  01
0172:  GOTO   13D
....................    lcd_output_rs(address);
0173:  MOVF   3C,F
0174:  BTFSS  03.2
0175:  GOTO   17A
0176:  MOVLB  02
0177:  BCF    0C.2
0178:  GOTO   17C
0179:  MOVLB  00
017A:  MOVLB  02
017B:  BSF    0C.2
017C:  MOVLB  01
017D:  BCF    0C.2
....................    delay_cycles(1);
017E:  NOP
....................    lcd_output_rw(0);
017F:  MOVLB  02
0180:  BCF    0C.3
0181:  MOVLB  01
0182:  BCF    0C.3
....................    delay_cycles(1);
0183:  NOP
....................    lcd_output_enable(0);
0184:  MOVLB  02
0185:  BCF    0C.1
0186:  MOVLB  01
0187:  BCF    0C.1
....................    lcd_send_nibble(n >> 4);
0188:  MOVLB  00
0189:  SWAPF  3D,W
018A:  MOVWF  3E
018B:  MOVLW  0F
018C:  ANDWF  3E,F
018D:  MOVF   3E,W
018E:  MOVWF  3F
018F:  CALL   0CD
....................    lcd_send_nibble(n & 0xf);
0190:  MOVF   3D,W
0191:  ANDLW  0F
0192:  MOVWF  3E
0193:  MOVWF  3F
0194:  CALL   0CD
0195:  RETURN
.................... }
.................... 
.................... #if defined(LCD_EXTENDED_NEWLINE)
.................... unsigned int8 g_LcdX, g_LcdY;
.................... #endif
.................... 
.................... void lcd_init(void) 
.................... {
....................    unsigned int8 i;
....................    unsigned int8 LCD_INIT_STRING[4] = {0x20 | (LCD_TYPE << 2), 0xc, 1, 6};
0196:  MOVLW  28
0197:  MOVWF  34
0198:  MOVLW  0C
0199:  MOVWF  35
019A:  MOVLW  01
019B:  MOVWF  36
019C:  MOVLW  06
019D:  MOVWF  37
....................                              // These bytes need to be sent to the LCD
....................                              // to start it up.
....................    
.................... 
....................    lcd_output_enable(0);
019E:  MOVLB  02
019F:  BCF    0C.1
01A0:  MOVLB  01
01A1:  BCF    0C.1
....................    lcd_output_rs(0);
01A2:  MOVLB  02
01A3:  BCF    0C.2
01A4:  MOVLB  01
01A5:  BCF    0C.2
....................    lcd_output_rw(0);
01A6:  MOVLB  02
01A7:  BCF    0C.3
01A8:  MOVLB  01
01A9:  BCF    0C.3
.................... 
....................  #if defined(__PCB__)
....................    set_tris_lcd(LCD_OUTPUT_MAP);
....................  #else
....................   #if (defined(LCD_DATA4) && defined(LCD_DATA5) && defined(LCD_DATA6) && defined(LCD_DATA7))
....................    output_drive(LCD_DATA4);
01AA:  BCF    0C.4
....................    output_drive(LCD_DATA5);
01AB:  BCF    0C.5
....................    output_drive(LCD_DATA6);
01AC:  BCF    0C.6
....................    output_drive(LCD_DATA7);
01AD:  BCF    0C.7
....................   #else
....................    lcdtris.data = 0x0;
....................   #endif
....................    lcd_enable_tris();
01AE:  BCF    0C.1
....................    lcd_rs_tris();
01AF:  BCF    0C.2
....................    lcd_rw_tris();
01B0:  BCF    0C.3
....................  #endif
....................     
....................    delay_ms(15);
01B1:  MOVLW  0F
01B2:  MOVLB  00
01B3:  MOVWF  38
01B4:  CALL   0B7
....................    for(i=1;i<=3;++i)
01B5:  MOVLW  01
01B6:  MOVWF  33
01B7:  MOVF   33,W
01B8:  SUBLW  03
01B9:  BTFSS  03.0
01BA:  GOTO   1C3
....................    {
....................        lcd_send_nibble(3);
01BB:  MOVLW  03
01BC:  MOVWF  3F
01BD:  CALL   0CD
....................        delay_ms(5);
01BE:  MOVLW  05
01BF:  MOVWF  38
01C0:  CALL   0B7
01C1:  INCF   33,F
01C2:  GOTO   1B7
....................    }
....................    
....................    lcd_send_nibble(2);
01C3:  MOVLW  02
01C4:  MOVWF  3F
01C5:  CALL   0CD
....................    delay_ms(5);
01C6:  MOVLW  05
01C7:  MOVWF  38
01C8:  CALL   0B7
....................    for(i=0;i<=3;++i)
01C9:  CLRF   33
01CA:  MOVF   33,W
01CB:  SUBLW  03
01CC:  BTFSS  03.0
01CD:  GOTO   1DD
....................       lcd_send_byte(0,LCD_INIT_STRING[i]);
01CE:  MOVLW  14
01CF:  ADDWF  33,W
01D0:  MOVWF  04
01D1:  MOVLW  20
01D2:  MOVWF  05
01D3:  BTFSC  03.0
01D4:  INCF   05,F
01D5:  MOVF   00,W
01D6:  MOVWF  38
01D7:  CLRF   3C
01D8:  MOVF   38,W
01D9:  MOVWF  3D
01DA:  CALL   135
.................... 
....................   #if defined(LCD_EXTENDED_NEWLINE)
01DB:  INCF   33,F
01DC:  GOTO   1CA
01DD:  MOVLP  00
01DE:  GOTO   36B (RETURN)
....................    g_LcdX = 0;
....................    g_LcdY = 0;
....................   #endif
.................... }
.................... 
.................... void lcd_gotoxy(unsigned int8 x, unsigned int8 y)
.................... {
....................    unsigned int8 address;
....................    
....................    if(y!=1)
*
01EC:  DECFSZ 39,W
01ED:  GOTO   1EF
01EE:  GOTO   1F2
....................       address=LCD_LINE_TWO;
01EF:  MOVLW  40
01F0:  MOVWF  3A
01F1:  GOTO   1F3
....................    else
....................       address=0;
01F2:  CLRF   3A
....................      
....................    address+=x-1;
01F3:  MOVLW  01
01F4:  SUBWF  38,W
01F5:  ADDWF  3A,F
....................    lcd_send_byte(0,0x80|address);
01F6:  MOVF   3A,W
01F7:  IORLW  80
01F8:  MOVWF  3B
01F9:  CLRF   3C
01FA:  MOVF   3B,W
01FB:  MOVWF  3D
01FC:  CALL   135
.................... 
....................   #if defined(LCD_EXTENDED_NEWLINE)
01FD:  RETURN
....................    g_LcdX = x - 1;
....................    g_LcdY = y - 1;
....................   #endif
.................... }
.................... 
.................... void lcd_putc(char c)
.................... {
....................    switch (c)
01FE:  MOVF   37,W
01FF:  XORLW  07
0200:  BTFSC  03.2
0201:  GOTO   20C
0202:  XORLW  0B
0203:  BTFSC  03.2
0204:  GOTO   211
0205:  XORLW  06
0206:  BTFSC  03.2
0207:  GOTO   219
0208:  XORLW  02
0209:  BTFSC  03.2
020A:  GOTO   21F
020B:  GOTO   224
....................    {
....................       case '\a'   :  lcd_gotoxy(1,1);     break;
020C:  MOVLW  01
020D:  MOVWF  38
020E:  MOVWF  39
020F:  CALL   1EC
0210:  GOTO   229
.................... 
....................       case '\f'   :  lcd_send_byte(0,1);
0211:  CLRF   3C
0212:  MOVLW  01
0213:  MOVWF  3D
0214:  CALL   135
....................                      delay_ms(2);
0215:  MOVLW  02
0216:  MOVWF  38
0217:  CALL   0B7
....................                     #if defined(LCD_EXTENDED_NEWLINE)
....................                      g_LcdX = 0;
....................                      g_LcdY = 0;
....................                     #endif
....................                      break;
0218:  GOTO   229
.................... 
....................      #if defined(LCD_EXTENDED_NEWLINE)
....................       case '\r'   :  lcd_gotoxy(1, g_LcdY+1);   break;
....................       case '\n'   :
....................          while (g_LcdX++ < LCD_LINE_LENGTH)
....................          {
....................             lcd_send_byte(1, ' ');
....................          }
....................          lcd_gotoxy(1, g_LcdY+2);
....................          break;
....................      #else
....................       case '\n'   : lcd_gotoxy(1,2);        break;
0219:  MOVLW  01
021A:  MOVWF  38
021B:  MOVLW  02
021C:  MOVWF  39
021D:  CALL   1EC
021E:  GOTO   229
....................      #endif
....................      
....................       case '\b'   : lcd_send_byte(0,0x10);  break;
021F:  CLRF   3C
0220:  MOVLW  10
0221:  MOVWF  3D
0222:  CALL   135
0223:  GOTO   229
....................      
....................      #if defined(LCD_EXTENDED_NEWLINE)
....................       default     : 
....................          if (g_LcdX < LCD_LINE_LENGTH)
....................          {
....................             lcd_send_byte(1, c);
....................             g_LcdX++;
....................          }
....................          break;
....................      #else
....................       default     : lcd_send_byte(1,c);     break;
0224:  MOVLW  01
0225:  MOVWF  3C
0226:  MOVF   37,W
0227:  MOVWF  3D
0228:  CALL   135
....................      #endif
....................    }
0229:  RETURN
.................... }
....................  
.................... char lcd_getc(unsigned int8 x, unsigned int8 y)
.................... {
....................    char value;
.................... 
....................    lcd_gotoxy(x,y);
....................    while ( bit_test(lcd_read_byte(),7) ); // wait until busy flag is low
....................    lcd_output_rs(1);
....................    value = lcd_read_byte();
....................    lcd_output_rs(0);
....................    
....................    return(value);
.................... }
.................... 
.................... // write a custom character to the ram
.................... // which is 0-7 and specifies which character array we are modifying.
.................... // ptr points to an array of 8 bytes, where each byte is the next row of
.................... //    pixels.  only bits 0-4 are used.  the last row is the cursor row, and
.................... //    usually you will want to leave this byte 0x00.
.................... void lcd_set_cgram_char(unsigned int8 which, unsigned int8 *ptr)
.................... {
....................    unsigned int i;
.................... 
....................    which <<= 3;
....................    which &= 0x38;
.................... 
....................    lcd_send_byte(0, 0x40 | which);  //set cgram address
.................... 
....................    for(i=0; i<8; i++)
....................    {
....................       lcd_send_byte(1, *ptr++);
....................    }
....................   
....................    #if defined(LCD_EXTENDED_NEWLINE)
....................     lcd_gotoxy(g_LcdX+1, g_LcdY+1);  //set ddram address
....................    #endif
.................... }
.................... 
.................... void lcd_cursor_on(int1 on)
.................... {
....................    if (on)
....................    {
....................       lcd_send_byte(0,0x0F);           //turn LCD cursor ON
....................    }
....................    else
....................    {
....................       lcd_send_byte(0,0x0C);           //turn LCD cursor OFF
....................    }
.................... }
.................... 
.................... #endif
.................... 
.................... 
.................... #define use_portb_kbd TRUE //defino el portb como donde va el teclado
.................... #include <kbd.c>
.................... ///////////////////////////////////////////////////////////////////////////
.................... ////                             KBD.C                                 ////
.................... ////                  Generic keypad scan driver                       ////
.................... ////                                                                   ////
.................... ////  kbd_init()   Must be called before any other function.           ////
.................... ////                                                                   ////
.................... ////  c = kbd_getc()  Will return a key value if pressed or /0 if not  ////
.................... ////                   This function should be called frequently so as ////
.................... ////                   not to miss a key press.                        ////
.................... ////                                                                   ////
.................... ///////////////////////////////////////////////////////////////////////////
.................... ////        (C) Copyright 1996,2003 Custom Computer Services           ////
.................... //// This source code may only be used by licensed users of the CCS C  ////
.................... //// compiler.  This source code may only be distributed to other      ////
.................... //// licensed users of the CCS C compiler.  No other use, reproduction ////
.................... //// or distribution is permitted without written permission.          ////
.................... //// Derivative programs created using this software in object code    ////
.................... //// form are not restricted in any way.                               ////
.................... ///////////////////////////////////////////////////////////////////////////
.................... 
.................... ////////////////// The following defines the keypad layout on port D
.................... 
.................... // Un-comment the following define to use port B
.................... // #define use_portb_kbd TRUE
.................... 
.................... // Make sure the port used has pull-up resistors (or the LCD) on
.................... // the column pins
.................... 
.................... #if defined use_portb_kbd
....................    #byte kbd = getenv("SFR:PORTB")
.................... #else
....................    #byte kbd = getenv("SFR:PORTD")
.................... #endif
.................... 
.................... #if defined use_portb_kbd
....................    #define set_tris_kbd(x) set_tris_b(x)
.................... #else
....................    #define set_tris_kbd(x) set_tris_d(x)
.................... #endif
.................... 
.................... //Keypad connection:   (for example column 0 is B2)
.................... //                Bx:
.................... 
.................... #ifdef blue_keypad  ///////////////////////////////////// For the blue keypad
.................... #define COL0 (1 << 2)
.................... #define COL1 (1 << 3)
.................... #define COL2 (1 << 6)
.................... 
.................... #define ROW0 (1 << 4)
.................... #define ROW1 (1 << 7)
.................... #define ROW2 (1 << 1)
.................... #define ROW3 (1 << 5)
.................... 
.................... #else ////////////////////////////////////////////////// For the black keypad
.................... #define COL0 (1 << 5)
.................... #define COL1 (1 << 6)
.................... #define COL2 (1 << 7)
.................... 
.................... #define ROW0 (1 << 1)
.................... #define ROW1 (1 << 2)
.................... #define ROW2 (1 << 3)
.................... #define ROW3 (1 << 4)
.................... 
.................... #endif
.................... 
.................... #define ALL_ROWS (ROW0|ROW1|ROW2|ROW3)
.................... #define ALL_PINS (ALL_ROWS|COL0|COL1|COL2)
.................... 
.................... // Keypad layout:
.................... char const KEYS[4][3] = {{'1','2','3'},
....................                          {'4','5','6'},
....................                          {'7','8','9'},
....................                          {'*','0','#'}};
.................... 
.................... #define KBD_DEBOUNCE_FACTOR 33    // Set this number to apx n/333 where
....................                                   // n is the number of times you expect
....................                                   // to call kbd_getc each second
.................... 
.................... 
.................... void kbd_init() {
*
01DF:  MOVLP  00
01E0:  GOTO   36C (RETURN)
.................... }
.................... 
.................... char kbd_getc( ) {
....................    static BYTE kbd_call_count;
....................    static int1 kbd_down;
....................    static char last_key;
....................    static BYTE col;
.................... 
....................    BYTE kchar;
....................    BYTE row;
.................... 
....................    kchar='\0';
*
0292:  CLRF   33
....................    if(++kbd_call_count>KBD_DEBOUNCE_FACTOR) {
0293:  INCF   28,F
0294:  MOVF   28,W
0295:  SUBLW  21
0296:  BTFSC  03.0
0297:  GOTO   313
....................        switch (col) {
0298:  MOVF   2B,W
0299:  BTFSC  03.2
029A:  GOTO   2A2
029B:  XORLW  01
029C:  BTFSC  03.2
029D:  GOTO   2A8
029E:  XORLW  03
029F:  BTFSC  03.2
02A0:  GOTO   2AE
02A1:  GOTO   2B3
....................          case 0   : set_tris_kbd(ALL_PINS&~COL0);
02A2:  MOVLW  DE
02A3:  MOVLB  01
02A4:  MOVWF  0D
....................                     kbd=~COL0&ALL_PINS;
02A5:  MOVLB  00
02A6:  MOVWF  0D
....................                     break;
02A7:  GOTO   2B3
....................          case 1   : set_tris_kbd(ALL_PINS&~COL1);
02A8:  MOVLW  BE
02A9:  MOVLB  01
02AA:  MOVWF  0D
....................                     kbd=~COL1&ALL_PINS;
02AB:  MOVLB  00
02AC:  MOVWF  0D
....................                     break;
02AD:  GOTO   2B3
....................          case 2   : set_tris_kbd(ALL_PINS&~COL2);
02AE:  MOVLW  7E
02AF:  MOVLB  01
02B0:  MOVWF  0D
....................                     kbd=~COL2&ALL_PINS;
02B1:  MOVLB  00
02B2:  MOVWF  0D
....................                     break;
....................        }
.................... 
....................        if(kbd_down) {
02B3:  BTFSS  29.0
02B4:  GOTO   2BF
....................          if((kbd & (ALL_ROWS))==(ALL_ROWS)) {
02B5:  MOVF   0D,W
02B6:  ANDLW  1E
02B7:  SUBLW  1E
02B8:  BTFSS  03.2
02B9:  GOTO   2BE
....................            kbd_down=FALSE;
02BA:  BCF    29.0
....................            kchar=last_key;
02BB:  MOVF   2A,W
02BC:  MOVWF  33
....................            last_key='\0';
02BD:  CLRF   2A
....................          }
....................        } else {
02BE:  GOTO   312
....................           if((kbd & (ALL_ROWS))!=(ALL_ROWS)) {
02BF:  MOVF   0D,W
02C0:  ANDLW  1E
02C1:  SUBLW  1E
02C2:  BTFSC  03.2
02C3:  GOTO   30D
....................              if((kbd & ROW0)==0)
02C4:  MOVF   0D,W
02C5:  ANDLW  02
02C6:  BTFSS  03.2
02C7:  GOTO   2CA
....................                row=0;
02C8:  CLRF   34
02C9:  GOTO   2DE
....................              else if((kbd & ROW1)==0)
02CA:  MOVF   0D,W
02CB:  ANDLW  04
02CC:  BTFSS  03.2
02CD:  GOTO   2D1
....................                row=1;
02CE:  MOVLW  01
02CF:  MOVWF  34
02D0:  GOTO   2DE
....................              else if((kbd & ROW2)==0)
02D1:  MOVF   0D,W
02D2:  ANDLW  08
02D3:  BTFSS  03.2
02D4:  GOTO   2D8
....................                row=2;
02D5:  MOVLW  02
02D6:  MOVWF  34
02D7:  GOTO   2DE
....................              else if((kbd & ROW3)==0)
02D8:  MOVF   0D,W
02D9:  ANDLW  10
02DA:  BTFSS  03.2
02DB:  GOTO   2DE
....................                row=3;
02DC:  MOVLW  03
02DD:  MOVWF  34
....................              last_key =KEYS[row][col];
02DE:  MOVF   34,W
02DF:  MOVWF  35
02E0:  MOVLW  03
02E1:  MOVWF  36
*
0306:  MOVF   2B,W
0307:  ADDWF  78,W
0308:  CALL   03E
0309:  MOVWF  78
030A:  MOVWF  2A
....................              kbd_down = TRUE;
030B:  BSF    29.0
....................           } else {
030C:  GOTO   312
....................              ++col;
030D:  INCF   2B,F
....................              if(col==3)
030E:  MOVF   2B,W
030F:  SUBLW  03
0310:  BTFSC  03.2
....................                col=0;
0311:  CLRF   2B
....................           }
....................        }
....................       kbd_call_count=0;
0312:  CLRF   28
....................    }
....................   set_tris_kbd(ALL_PINS);
0313:  MOVLW  FE
0314:  MOVLB  01
0315:  MOVWF  0D
....................   return(kchar);
0316:  MOVLB  00
0317:  MOVF   33,W
0318:  MOVWF  78
.................... }
.................... 
.................... 
.................... /*****************************************************************************
....................  * Funciones de Inicializacion de Perifericos
....................  ****************************************************************************/
....................  
.................... void Init_GPIO(void);
.................... void Init_ADC(void);
.................... void InitTimer0(void);
.................... 
.................... /*****************************************************************************
.................... * Estados
.................... ****************************************************************************/
.................... typedef enum {
....................     INICIO,            
....................     ESPERA_TECLA,      
....................     CLAVE_CORRECTA,   
....................     CLAVE_INCORRECTA   
.................... } eEstado;
.................... 
.................... eEstado estado_actual = INICIO;
.................... 
.................... /*****************************************************************************
.................... * Funciones
.................... ****************************************************************************/
.................... 
.................... void maquina(void);
.................... int comparadorcontra(void);
.................... 
.................... /*****************************************************************************
.................... * Variables globales
.................... ****************************************************************************/
.................... 
.................... int contador_ms = 0;
.................... int flag_tiempo_cumplido = 0; // Aviso de tiempo cumplido
.................... 
.................... char tecla;
.................... const char contra_real[3] = {'2','5','3'}; // contraseña 
.................... int cont_digitos = 0; 
.................... 
.................... /*****************************************************************************
.................... * Interrupciones
.................... ****************************************************************************/
.................... 
.................... #INT_TIMER0 // ACA ESCRIBO QUÉ DEBO HACER EN CADA INTERRUPCIÓN
.................... void Timer0_ISR() {
....................     set_timer0(61); // 50ms
*
004F:  MOVLW  3D
0050:  MOVWF  15
....................     contador_ms++;
0051:  INCF   2D,F
....................   
....................     if(estado_actual == CLAVE_CORRECTA || estado_actual == CLAVE_INCORRECTA) {
0052:  MOVF   2C,W
0053:  SUBLW  02
0054:  BTFSC  03.2
0055:  GOTO   05A
0056:  MOVF   2C,W
0057:  SUBLW  03
0058:  BTFSS  03.2
0059:  GOTO   062
....................         if(contador_ms >= 40) { // 40 * 50ms = 2 s
005A:  MOVF   2D,W
005B:  SUBLW  27
005C:  BTFSC  03.0
005D:  GOTO   061
....................             contador_ms = 0;
005E:  CLRF   2D
....................             flag_tiempo_cumplido = 1; 
005F:  MOVLW  01
0060:  MOVWF  2E
....................         }
....................     } else {
0061:  GOTO   063
....................         contador_ms = 0; 
0062:  CLRF   2D
....................     }
0063:  BCF    0B.2
0064:  MOVLP  00
0065:  GOTO   023
.................... }
.................... 
.................... /*****************************************************************************
.................... * Main
.................... ****************************************************************************/
.................... void main()
*
0351:  MOVLW  6A
0352:  MOVLB  01
0353:  MOVWF  19
0354:  MOVLB  00
0355:  CLRF   2C
0356:  CLRF   2D
0357:  CLRF   2E
0358:  CLRF   30
0359:  CLRF   32
035A:  CLRF   31
035B:  MOVLB  03
035C:  CLRF   0C
035D:  CLRF   0D
035E:  MOVLB  02
035F:  CLRF   12
0360:  CLRF   11
0361:  CLRF   14
0362:  CLRF   13
0363:  MOVLB  00
0364:  BCF    29.0
0365:  CLRF   28
0366:  BCF    29.0
0367:  CLRF   2A
0368:  CLRF   2B
.................... {
.................... 
....................    Init_GPIO();
0369:  GOTO   081
....................    lcd_init(); //inicializo el led
036A:  GOTO   196
....................    kbd_init();//inicializo el teclado
036B:  GOTO   1DF
....................    InitTimer0();
036C:  GOTO   1E1
....................    printf(lcd_putc,"Ingrese Clave:");
036D:  MOVLW  66
036E:  MOVLB  03
036F:  MOVWF  11
0370:  MOVLW  00
0371:  MOVWF  12
0372:  MOVLB  00
0373:  CALL   22A
....................    while(TRUE) {
....................       maquina();
0374:  GOTO   274
0375:  GOTO   374
....................    }
.................... 
.................... }
.................... 
0376:  SLEEP
.................... void maquina(void) {
....................     
....................     switch(estado_actual) {
*
0274:  MOVF   2C,W
0275:  XORLW  00
0276:  BTFSC  03.2
0277:  GOTO   282
0278:  XORLW  01
0279:  BTFSC  03.2
027A:  GOTO   292
027B:  XORLW  03
027C:  BTFSC  03.2
027D:  GOTO   332
027E:  XORLW  01
027F:  BTFSC  03.2
0280:  GOTO   340
0281:  GOTO   34E
....................         
....................         case INICIO:
....................             lcd_putc("\fIngrese Clave:"); // \f limpia la pantalla
0282:  MOVLW  6E
0283:  MOVLB  03
0284:  MOVWF  11
0285:  MOVLW  00
0286:  MOVWF  12
0287:  MOVLB  00
0288:  CALL   22A
....................             lcd_gotoxy(1, 2);   
0289:  MOVLW  01
028A:  MOVWF  38
028B:  MOVLW  02
028C:  MOVWF  39
028D:  CALL   1EC
....................             cont_digitos = 0;     
028E:  CLRF   30
....................             estado_actual = ESPERA_TECLA;
028F:  MOVLW  01
0290:  MOVWF  2C
....................             break;
0291:  GOTO   34F
.................... 
....................         case ESPERA_TECLA:
....................             tecla = kbd_getc();
*
0319:  MOVF   78,W
031A:  MOVWF  2F
....................             
....................             if (tecla != 0) { // ¡Solo hago algo si se presionó una tecla!
031B:  MOVF   2F,F
031C:  BTFSC  03.2
031D:  GOTO   331
....................                 
....................                 // Opcional: mostrar un * para que el usuario vea que se presionó
....................                 lcd_putc('*'); 
031E:  MOVLW  2A
031F:  MOVWF  37
0320:  CALL   1FE
.................... 
....................                 if (tecla == contra_real[cont_digitos]) {
0321:  MOVF   30,W
0322:  CALL   04B
0323:  MOVWF  78
0324:  SUBWF  2F,W
0325:  BTFSS  03.2
0326:  GOTO   32F
....................                     // DÍGITO CORRECTO
....................                     cont_digitos++;
0327:  INCF   30,F
....................                     if (cont_digitos == 3) {
0328:  MOVF   30,W
0329:  SUBLW  03
032A:  BTFSS  03.2
032B:  GOTO   32E
....................                         estado_actual = CLAVE_CORRECTA;
032C:  MOVLW  02
032D:  MOVWF  2C
....................                     }
....................                 } else {
032E:  GOTO   331
....................                     // DÍGITO INCORRECTO
....................                     // El usuario presionó una tecla, pero no era la que tocaba
....................                     estado_actual = CLAVE_INCORRECTA;
032F:  MOVLW  03
0330:  MOVWF  2C
....................                 }
....................             }
....................             // Si (tecla == 0), no hago nada y el switch-case termina,
....................             // volviendo a ejecutarse en el estado ESPERA_TECLA (¡correcto!)
....................             break;
0331:  GOTO   34F
....................             
....................          case CLAVE_CORRECTA:
....................             lcd_putc("\fCorrecta");
0332:  MOVLW  76
0333:  MOVLB  03
0334:  MOVWF  11
0335:  MOVLW  00
0336:  MOVWF  12
0337:  MOVLB  00
0338:  CALL   22A
....................             flag_tiempo_cumplido = 0; // Reseteo el flag
0339:  CLRF   2E
....................             contador_ms = 0;          // Reseteo el contador de tiempo
033A:  CLRF   2D
....................             
....................             // 1. ESPERO a que se cumpla el tiempo
....................             while(flag_tiempo_cumplido == 0) {
033B:  MOVF   2E,F
033C:  BTFSC  03.2
033D:  GOTO   33B
....................                 // No hago NADA aquí dentro, solo esperar.
....................                 // La ISR hará su trabajo.
....................             } 
....................             
....................             // 2. DESPUÉS de que terminó el while, CAMBIO de estado
....................             estado_actual = INICIO; // Vuelvo al inicio
033E:  CLRF   2C
....................             break;
033F:  GOTO   34F
.................... 
....................         case CLAVE_INCORRECTA:
....................             lcd_putc("\fIncorrecta");
0340:  MOVLW  7B
0341:  MOVLB  03
0342:  MOVWF  11
0343:  MOVLW  00
0344:  MOVWF  12
0345:  MOVLB  00
0346:  CALL   22A
....................             flag_tiempo_cumplido = 0; // Reseteo el flag
0347:  CLRF   2E
....................             contador_ms = 0;          // Reseteo el contador de tiempo
0348:  CLRF   2D
....................             
....................             // 1. ESPERO...
....................             while(flag_tiempo_cumplido == 0) {
0349:  MOVF   2E,F
034A:  BTFSC  03.2
034B:  GOTO   349
....................                 // ...solo espero
....................             }
....................             
....................             // 2. DESPUÉS...
....................             estado_actual = INICIO; // ...cambio el estado
034C:  CLRF   2C
....................             break;
034D:  GOTO   34F
....................             
....................         default:
....................             estado_actual = INICIO;
034E:  CLRF   2C
....................             break;
....................     }
034F:  MOVLP  00
0350:  GOTO   375 (RETURN)
.................... }
.................... 
.................... void InitTimer0(void) {
.................... 
....................     setup_timer_0(RTCC_INTERNAL|RTCC_DIV_256); // Configuro prescaler
*
01E1:  MOVLB  01
01E2:  MOVF   15,W
01E3:  ANDLW  C0
01E4:  IORLW  07
01E5:  MOVWF  15
....................     set_timer0(61);                  // Reinicio el timer --> Interrupciones cada 50ms
01E6:  MOVLW  3D
01E7:  MOVLB  00
01E8:  MOVWF  15
....................     enable_interrupts(INT_TIMER0);    // Activo Interrupcion timer0
01E9:  BSF    0B.5
01EA:  MOVLP  00
01EB:  GOTO   36D (RETURN)
....................     
.................... }
.................... 
.................... void Init_GPIO()
.................... {
....................    setup_adc_ports(NO_ANALOGS); 
*
0081:  MOVLB  01
0082:  BCF    1E.0
0083:  BCF    1E.1
0084:  BCF    1E.2
0085:  MOVLW  00
0086:  MOVLB  03
0087:  MOVWF  0C
0088:  MOVWF  0D
....................    setup_comparator(NC_NC_NC_NC);
0089:  MOVLB  02
008A:  CLRF   12
008B:  CLRF   11
008C:  CLRF   14
008D:  CLRF   13
....................    set_tris_a(0b00000000); // TODO PORTA como salida 
008E:  MOVLB  01
008F:  MOVWF  0C
....................    set_tris_b(0b11110000);
0090:  MOVLW  F0
0091:  MOVWF  0D
.................... 
....................    output_low(PIN_A1);
0092:  BCF    0C.1
0093:  MOVLB  02
0094:  BCF    0C.1
....................    output_low(PIN_A2);
0095:  MOVLB  01
0096:  BCF    0C.2
0097:  MOVLB  02
0098:  BCF    0C.2
....................    output_low(PIN_A3);
0099:  MOVLB  01
009A:  BCF    0C.3
009B:  MOVLB  02
009C:  BCF    0C.3
....................    output_low(PIN_A4);
009D:  MOVLB  01
009E:  BCF    0C.4
009F:  MOVLB  02
00A0:  BCF    0C.4
....................    output_low(PIN_A5);
00A1:  MOVLB  01
00A2:  BCF    0C.5
00A3:  MOVLB  02
00A4:  BCF    0C.5
....................    output_low(PIN_A6);
00A5:  MOVLB  01
00A6:  BCF    0C.6
00A7:  MOVLB  02
00A8:  BCF    0C.6
....................    output_low(PIN_A7);
00A9:  MOVLB  01
00AA:  BCF    0C.7
00AB:  MOVLB  02
00AC:  BCF    0C.7
....................    
....................    port_b_pullups(TRUE);
00AD:  MOVLW  01
00AE:  MOVLB  04
00AF:  MOVWF  0D
00B0:  MOVLB  01
00B1:  BCF    15.7
....................    enable_interrupts(GLOBAL);
00B2:  MOVLW  C0
00B3:  IORWF  0B,F
00B4:  MOVLP  00
00B5:  MOVLB  00
00B6:  GOTO   36A (RETURN)
.................... }

Configuration Fuses:
   Word  1: 3F84   INTRC_IO NOWDT PUT NOMCLR NOPROTECT NOCPD BROWNOUT NOCLKOUT IESO FCMEN
   Word  2: 1EFF   NOWRT PLL_SW STVREN BORV19 NODEBUG NOLVP
