CCS PCM C Compiler, Version 5.093, 4770               28-ago-25 14:27

               Filename:   C:\Users\santi\OneDrive\Escritorio\EDI2\TP0\AntiRebote3.lst

               ROM used:   777 words (19%)
                           Largest free fragment is 2048
               RAM used:   18 (5%) at main() level
                           50 (13%) worst case
               Stack used: 6 locations (5 in main + 1 for interrupts)
               Stack size: 16

0000:  MOVLP  00
0001:  GOTO   2E1
0002:  NOP
*
0004:  CLRF   03
0005:  MOVLP  00
0006:  MOVLB  00
0007:  MOVF   77,W
0008:  MOVWF  20
0009:  MOVF   78,W
000A:  MOVWF  21
000B:  MOVF   79,W
000C:  MOVWF  22
000D:  MOVF   7A,W
000E:  MOVWF  23
000F:  MOVLB  03
0010:  MOVF   11,W
0011:  MOVLB  00
0012:  MOVWF  24
0013:  MOVLB  03
0014:  MOVF   12,W
0015:  MOVLB  00
0016:  MOVWF  25
0017:  MOVLB  03
0018:  MOVF   13,W
0019:  MOVLB  00
001A:  MOVWF  26
001B:  MOVLB  03
001C:  MOVF   14,W
001D:  MOVLB  00
001E:  MOVWF  27
001F:  BTFSS  0B.5
0020:  GOTO   023
0021:  BTFSC  0B.2
0022:  GOTO   03C
0023:  MOVF   20,W
0024:  MOVWF  77
0025:  MOVF   21,W
0026:  MOVWF  78
0027:  MOVF   22,W
0028:  MOVWF  79
0029:  MOVF   23,W
002A:  MOVWF  7A
002B:  MOVF   24,W
002C:  MOVLB  03
002D:  MOVWF  11
002E:  MOVLB  00
002F:  MOVF   25,W
0030:  MOVLB  03
0031:  MOVWF  12
0032:  MOVLB  00
0033:  MOVF   26,W
0034:  MOVLB  03
0035:  MOVWF  13
0036:  MOVLB  00
0037:  MOVF   27,W
0038:  MOVLB  03
0039:  MOVWF  14
003A:  RETFIE
003B:  MOVLB  00
003C:  MOVLP  00
003D:  GOTO   03E
.................... #include <AntiRebote3.h>
.................... #include <16F1827.h>
.................... //////////// Standard Header file for the PIC16F1827 device ////////////////
.................... ///////////////////////////////////////////////////////////////////////////
.................... ////        (C) Copyright 1996, 2014 Custom Computer Services          ////
.................... //// This source code may only be used by licensed users of the CCS C  ////
.................... //// compiler.  This source code may only be distributed to other      ////
.................... //// licensed users of the CCS C compiler.  No other use, reproduction ////
.................... //// or distribution is permitted without written permission.          ////
.................... //// Derivative programs created using this software in object code    ////
.................... //// form are not restricted in any way.                               ////
.................... ///////////////////////////////////////////////////////////////////////////
.................... #device PIC16F1827
*
0045:  DATA C3,3A
0046:  DATA 65,37
0047:  DATA F4,30
0048:  DATA 3A,10
0049:  DATA 25,32
004A:  DATA 00,00
004B:  DATA C3,3A
004C:  DATA 65,37
004D:  DATA F4,30
004E:  DATA 3A,10
004F:  DATA 25,32
0050:  DATA 00,00
*
01CC:  MOVF   0B,W
01CD:  BCF    0B.7
01CE:  MOVLB  03
01CF:  BSF    15.7
01D0:  BSF    15.0
01D1:  NOP
01D2:  NOP
01D3:  BTFSC  09.7
01D4:  BSF    0B.7
01D5:  BTFSC  03.0
01D6:  GOTO   1FD
01D7:  MOVF   13,W
01D8:  ANDLW  7F
01D9:  MOVLB  00
01DA:  MOVWF  31
01DB:  MOVLB  03
01DC:  MOVF   11,W
01DD:  MOVLB  00
01DE:  MOVWF  32
01DF:  MOVLB  03
01E0:  MOVF   12,W
01E1:  MOVLB  00
01E2:  MOVWF  33
01E3:  MOVF   31,W
01E4:  MOVWF  38
01E5:  CALL   1A0
01E6:  MOVF   32,W
01E7:  MOVLB  03
01E8:  MOVWF  11
01E9:  MOVLB  00
01EA:  MOVF   33,W
01EB:  MOVLB  03
01EC:  MOVWF  12
01ED:  MOVF   0B,W
01EE:  BCF    0B.7
01EF:  BSF    15.7
01F0:  BSF    15.0
01F1:  NOP
01F2:  NOP
01F3:  BTFSC  09.7
01F4:  BSF    0B.7
01F5:  MOVLB  00
01F6:  DECFSZ 2F,F
01F7:  GOTO   1F9
01F8:  GOTO   1FB
01F9:  MOVLB  03
01FA:  GOTO   1FD
01FB:  GOTO   21B
01FC:  MOVLB  03
01FD:  RLF    13,W
01FE:  RLF    14,W
01FF:  ANDLW  7F
0200:  MOVLB  00
0201:  MOVWF  31
0202:  MOVLB  03
0203:  MOVF   11,W
0204:  MOVLB  00
0205:  MOVWF  32
0206:  MOVLB  03
0207:  MOVF   12,W
0208:  MOVLB  00
0209:  MOVWF  33
020A:  MOVF   31,W
020B:  MOVWF  38
020C:  CALL   1A0
020D:  MOVF   32,W
020E:  MOVLB  03
020F:  MOVWF  11
0210:  MOVLB  00
0211:  MOVF   33,W
0212:  MOVLB  03
0213:  MOVWF  12
0214:  INCF   11,F
0215:  BTFSC  03.2
0216:  INCF   12,F
0217:  BCF    03.0
0218:  MOVLB  00
0219:  DECFSZ 2F,F
021A:  GOTO   1CC
021B:  RETURN
021C:  MOVF   39,W
021D:  CLRF   78
021E:  SUBWF  38,W
021F:  BTFSC  03.0
0220:  GOTO   224
0221:  MOVF   38,W
0222:  MOVWF  77
0223:  GOTO   230
0224:  CLRF   77
0225:  MOVLW  08
0226:  MOVWF  3A
0227:  RLF    38,F
0228:  RLF    77,F
0229:  MOVF   39,W
022A:  SUBWF  77,W
022B:  BTFSC  03.0
022C:  MOVWF  77
022D:  RLF    78,F
022E:  DECFSZ 3A,F
022F:  GOTO   227
0230:  RETURN
0231:  MOVLW  20
0232:  BTFSS  30.4
0233:  MOVLW  30
0234:  MOVWF  34
0235:  MOVF   2F,W
0236:  MOVWF  77
0237:  BTFSS  2F.7
0238:  GOTO   241
0239:  COMF   77,F
023A:  INCF   77,F
023B:  MOVF   77,W
023C:  MOVWF  2F
023D:  MOVLW  2D
023E:  MOVWF  34
023F:  BSF    30.7
0240:  BSF    30.0
0241:  MOVF   2F,W
0242:  MOVWF  38
0243:  MOVLW  64
0244:  MOVWF  39
0245:  CALL   21C
0246:  MOVF   77,W
0247:  MOVWF  2F
0248:  MOVLW  30
0249:  ADDWF  78,W
024A:  MOVWF  35
024B:  MOVF   2F,W
024C:  MOVWF  38
024D:  MOVLW  0A
024E:  MOVWF  39
024F:  CALL   21C
0250:  MOVLW  30
0251:  ADDWF  77,W
0252:  MOVWF  37
0253:  MOVLW  30
0254:  ADDWF  78,W
0255:  MOVWF  36
0256:  MOVF   34,W
0257:  MOVWF  77
0258:  MOVLW  30
0259:  SUBWF  35,W
025A:  BTFSC  03.2
025B:  GOTO   260
025C:  BSF    30.1
025D:  BTFSC  30.7
025E:  BSF    30.2
025F:  GOTO   274
0260:  MOVF   34,W
0261:  MOVWF  35
0262:  MOVLW  20
0263:  MOVWF  34
0264:  MOVLW  30
0265:  SUBWF  36,W
0266:  BTFSC  03.2
0267:  GOTO   26C
0268:  BSF    30.0
0269:  BTFSC  30.7
026A:  BSF    30.1
026B:  GOTO   274
026C:  BTFSS  03.2
026D:  BSF    30.0
026E:  BTFSS  03.2
026F:  GOTO   274
0270:  MOVF   35,W
0271:  MOVWF  36
0272:  MOVLW  20
0273:  MOVWF  35
0274:  BTFSC  30.2
0275:  GOTO   27B
0276:  BTFSC  30.1
0277:  GOTO   27E
0278:  BTFSC  30.0
0279:  GOTO   281
027A:  GOTO   284
027B:  MOVF   34,W
027C:  MOVWF  38
027D:  CALL   1A0
027E:  MOVF   35,W
027F:  MOVWF  38
0280:  CALL   1A0
0281:  MOVF   36,W
0282:  MOVWF  38
0283:  CALL   1A0
0284:  MOVF   37,W
0285:  MOVWF  38
0286:  CALL   1A0
0287:  RETURN
*
02D9:  BCF    0A.0
02DA:  BSF    0A.1
02DB:  BCF    0A.2
02DC:  ADDWF  02,F
02DD:  GOTO   298
02DE:  GOTO   2C2
02DF:  GOTO   2A4
02E0:  GOTO   2CE
.................... 
.................... #list
.................... 
.................... #device ADC=10
.................... #use delay(internal=4MHz)
*
0059:  MOVLW  20
005A:  MOVWF  05
005B:  MOVLW  19
005C:  MOVWF  04
005D:  MOVF   00,W
005E:  BTFSC  03.2
005F:  GOTO   06E
0060:  MOVLW  01
0061:  MOVWF  78
0062:  CLRF   77
0063:  DECFSZ 77,F
0064:  GOTO   063
0065:  DECFSZ 78,F
0066:  GOTO   062
0067:  MOVLW  4A
0068:  MOVWF  77
0069:  DECFSZ 77,F
006A:  GOTO   069
006B:  GOTO   06C
006C:  DECFSZ 00,F
006D:  GOTO   060
006E:  RETURN
.................... 
.................... 
.................... 
.................... #fuses INTRC_IO   // Oscilador interno con pines RA6 y RA7 como GPIO
.................... #fuses NOMCLR     // Desactivo el MCLR
.................... #fuses NOWDT      // Desactivo el watchdog
.................... 
.................... /*****************************************************************************
....................  * LCD
....................  ****************************************************************************/
.................... 
.................... #define LCD_ENABLE_PIN  PIN_B0
.................... #define LCD_RS_PIN      PIN_B1
.................... #define LCD_RW_PIN      PIN_B2
.................... #define LCD_DATA4       PIN_B4
.................... #define LCD_DATA5       PIN_B5
.................... #define LCD_DATA6       PIN_B6
.................... #define LCD_DATA7       PIN_B7
.................... #include <lcd.c>
.................... ///////////////////////////////////////////////////////////////////////////////
.................... ////                             LCD.C                                     ////
.................... ////                 Driver for common LCD modules                         ////
.................... ////                                                                       ////
.................... ////  lcd_init()   Must be called before any other function.               ////
.................... ////                                                                       ////
.................... ////  lcd_putc(c)  Will display c on the next position of the LCD.         ////
.................... ////                 \a  Set cursor position to upper left                 ////
.................... ////                 \f  Clear display, set cursor to upper left           ////
.................... ////                 \n  Go to start of second line                        ////
.................... ////                 \b  Move back one position                            ////
.................... ////              If LCD_EXTENDED_NEWLINE is defined, the \n character     ////
.................... ////              will erase all remanining characters on the current      ////
.................... ////              line, and move the cursor to the beginning of the next   ////
.................... ////              line.                                                    ////
.................... ////              If LCD_EXTENDED_NEWLINE is defined, the \r character     ////
.................... ////              will move the cursor to the start of the current         ////
.................... ////              line.                                                    ////
.................... ////                                                                       ////
.................... ////  lcd_gotoxy(x,y) Set write position on LCD (upper left is 1,1)        ////
.................... ////                                                                       ////
.................... ////  lcd_getc(x,y)   Returns character at position x,y on LCD             ////
.................... ////                                                                       ////
.................... ////  lcd_cursor_on(int1 on)   Turn the cursor on (on=TRUE) or off         ////
.................... ////              (on=FALSE).                                              ////
.................... ////                                                                       ////
.................... ////  lcd_set_cgram_char(w, *p)   Write a custom character to the CGRAM.   ////
.................... ////                                                                       ////
.................... ////                                                                       ////
.................... ////  CONFIGURATION                                                        ////
.................... ////  The LCD can be configured in one of two ways: a.) port access or     ////
.................... ////  b.) pin access.  Port access requires the entire 7 bit interface     ////
.................... ////  connected to one GPIO port, and the data bits (D4:D7 of the LCD)     ////
.................... ////  connected to sequential pins on the GPIO.  Pin access                ////
.................... ////  has no requirements, all 7 bits of the control interface can         ////
.................... ////  can be connected to any GPIO using several ports.                    ////
.................... ////                                                                       ////
.................... ////  To use port access, #define LCD_DATA_PORT to the SFR location of     ////
.................... ////  of the GPIO port that holds the interface, -AND- edit LCD_PIN_MAP    ////
.................... ////  of this file to configure the pin order.  If you are using a         ////
.................... ////  baseline PIC (PCB), then LCD_OUTPUT_MAP and LCD_INPUT_MAP also must  ////
.................... ////  be defined.                                                          ////
.................... ////                                                                       ////
.................... ////  Example of port access:                                              ////
.................... ////     #define LCD_DATA_PORT getenv("SFR:PORTD")                         ////
.................... ////                                                                       ////
.................... ////  To use pin access, the following pins must be defined:               ////
.................... ////     LCD_ENABLE_PIN                                                    ////
.................... ////     LCD_RS_PIN                                                        ////
.................... ////     LCD_RW_PIN                                                        ////
.................... ////     LCD_DATA4                                                         ////
.................... ////     LCD_DATA5                                                         ////
.................... ////     LCD_DATA6                                                         ////
.................... ////     LCD_DATA7                                                         ////
.................... ////                                                                       ////
.................... ////  Example of pin access:                                               ////
.................... ////     #define LCD_ENABLE_PIN  PIN_E0                                    ////
.................... ////     #define LCD_RS_PIN      PIN_E1                                    ////
.................... ////     #define LCD_RW_PIN      PIN_E2                                    ////
.................... ////     #define LCD_DATA4       PIN_D4                                    ////
.................... ////     #define LCD_DATA5       PIN_D5                                    ////
.................... ////     #define LCD_DATA6       PIN_D6                                    ////
.................... ////     #define LCD_DATA7       PIN_D7                                    ////
.................... ////                                                                       ////
.................... ///////////////////////////////////////////////////////////////////////////////
.................... ////        (C) Copyright 1996,2010 Custom Computer Services           ////
.................... //// This source code may only be used by licensed users of the CCS C  ////
.................... //// compiler.  This source code may only be distributed to other      ////
.................... //// licensed users of the CCS C compiler.  No other use, reproduction ////
.................... //// or distribution is permitted without written permission.          ////
.................... //// Derivative programs created using this software in object code    ////
.................... //// form are not restricted in any way.                               ////
.................... ///////////////////////////////////////////////////////////////////////////
.................... 
.................... #ifndef __LCD_C__
.................... #define __LCD_C__
.................... 
.................... // define the pinout.
.................... // only required if port access is being used.
.................... typedef struct  
.................... {                            // This structure is overlayed
....................    int1 enable;           // on to an I/O port to gain
....................    int1 rs;               // access to the LCD pins.
....................    int1 rw;               // The bits are allocated from
....................    int1 unused;           // low order up.  ENABLE will
....................    unsigned int     data : 4;         // be LSB pin of that port.
....................   #if defined(__PCD__)       // The port used will be LCD_DATA_PORT.
....................    unsigned int    reserved: 8;
....................   #endif
.................... } LCD_PIN_MAP;
.................... 
.................... // this is to improve compatability with previous LCD drivers that accepted
.................... // a define labeled 'use_portb_lcd' that configured the LCD onto port B.
.................... #if ((defined(use_portb_lcd)) && (use_portb_lcd==TRUE))
....................  #define LCD_DATA_PORT getenv("SFR:PORTB")
.................... #endif
.................... 
.................... #if defined(__PCB__)
....................    // these definitions only need to be modified for baseline PICs.
....................    // all other PICs use LCD_PIN_MAP or individual LCD_xxx pin definitions.
.................... /*                                    EN, RS,   RW,   UNUSED,  DATA  */
....................  const LCD_PIN_MAP LCD_OUTPUT_MAP =  {0,  0,    0,    0,       0};
....................  const LCD_PIN_MAP LCD_INPUT_MAP =   {0,  0,    0,    0,       0xF};
.................... #endif
.................... 
.................... ////////////////////// END CONFIGURATION ///////////////////////////////////
.................... 
.................... #ifndef LCD_ENABLE_PIN
....................    #define lcd_output_enable(x) lcdlat.enable=x
....................    #define lcd_enable_tris()   lcdtris.enable=0
.................... #else
....................    #define lcd_output_enable(x) output_bit(LCD_ENABLE_PIN, x)
....................    #define lcd_enable_tris()  output_drive(LCD_ENABLE_PIN)
.................... #endif
.................... 
.................... #ifndef LCD_RS_PIN
....................    #define lcd_output_rs(x) lcdlat.rs=x
....................    #define lcd_rs_tris()   lcdtris.rs=0
.................... #else
....................    #define lcd_output_rs(x) output_bit(LCD_RS_PIN, x)
....................    #define lcd_rs_tris()  output_drive(LCD_RS_PIN)
.................... #endif
.................... 
.................... #ifndef LCD_RW_PIN
....................    #define lcd_output_rw(x) lcdlat.rw=x
....................    #define lcd_rw_tris()   lcdtris.rw=0
.................... #else
....................    #define lcd_output_rw(x) output_bit(LCD_RW_PIN, x)
....................    #define lcd_rw_tris()  output_drive(LCD_RW_PIN)
.................... #endif
.................... 
.................... // original version of this library incorrectly labeled LCD_DATA0 as LCD_DATA4,
.................... // LCD_DATA1 as LCD_DATA5, and so on.  this block of code makes the driver
.................... // compatible with any code written for the original library
.................... #if (defined(LCD_DATA0) && defined(LCD_DATA1) && defined(LCD_DATA2) && defined(LCD_DATA3) && !defined(LCD_DATA4) && !defined(LCD_DATA5) && !defined(LCD_DATA6) && !defined(LCD_DATA7))
....................    #define  LCD_DATA4    LCD_DATA0
....................    #define  LCD_DATA5    LCD_DATA1
....................    #define  LCD_DATA6    LCD_DATA2
....................    #define  LCD_DATA7    LCD_DATA3
.................... #endif
.................... 
.................... #ifndef LCD_DATA4
.................... #ifndef LCD_DATA_PORT
....................    #if defined(__PCB__)
....................       #define LCD_DATA_PORT      0x06     //portb
....................       #define set_tris_lcd(x)   set_tris_b(x)
....................    #else
....................      #if defined(PIN_D0)
....................       #define LCD_DATA_PORT      getenv("SFR:PORTD")     //portd
....................      #else
....................       #define LCD_DATA_PORT      getenv("SFR:PORTB")     //portb
....................      #endif
....................    #endif   
.................... #endif
.................... 
.................... #if defined(__PCB__)
....................    LCD_PIN_MAP lcd, lcdlat;
....................    #byte lcd = LCD_DATA_PORT
....................    #byte lcdlat = LCD_DATA_PORT
.................... #elif defined(__PCM__)
....................    LCD_PIN_MAP lcd, lcdlat, lcdtris;
....................    #byte lcd = LCD_DATA_PORT
....................    #byte lcdlat = LCD_DATA_PORT
....................    #byte lcdtris = LCD_DATA_PORT+0x80
.................... #elif defined(__PCH__)
....................    LCD_PIN_MAP lcd, lcdlat, lcdtris;
....................    #byte lcd = LCD_DATA_PORT
....................    #byte lcdlat = LCD_DATA_PORT+9
....................    #byte lcdtris = LCD_DATA_PORT+0x12
.................... #elif defined(__PCD__)
....................    LCD_PIN_MAP lcd, lcdlat, lcdtris;
....................    #word lcd = LCD_DATA_PORT
....................    #word lcdlat = LCD_DATA_PORT+2
....................    #word lcdtris = LCD_DATA_PORT-0x02
.................... #endif
.................... #endif   //LCD_DATA4 not defined
.................... 
.................... #ifndef LCD_TYPE
....................    #define LCD_TYPE 2           // 0=5x7, 1=5x10, 2=2 lines
.................... #endif
.................... 
.................... #ifndef LCD_LINE_TWO
....................    #define LCD_LINE_TWO 0x40    // LCD RAM address for the second line
.................... #endif
.................... 
.................... #ifndef LCD_LINE_LENGTH
....................    #define LCD_LINE_LENGTH 20
.................... #endif
.................... 
.................... unsigned int8 lcd_read_nibble(void);
.................... 
.................... unsigned int8 lcd_read_byte(void)
.................... {
....................    unsigned int8 low,high;
.................... 
....................  #if defined(__PCB__)
....................    set_tris_lcd(LCD_INPUT_MAP);
....................  #else
....................   #if (defined(LCD_DATA4) && defined(LCD_DATA5) && defined(LCD_DATA6) && defined(LCD_DATA7))
....................    output_float(LCD_DATA4);
*
00DF:  BSF    0D.4
....................    output_float(LCD_DATA5);
00E0:  BSF    0D.5
....................    output_float(LCD_DATA6);
00E1:  BSF    0D.6
....................    output_float(LCD_DATA7);
00E2:  BSF    0D.7
....................   #else
....................    lcdtris.data = 0xF;
....................   #endif
....................  #endif
....................         
....................    lcd_output_rw(1);
00E3:  MOVLB  02
00E4:  BSF    0D.2
00E5:  MOVLB  01
00E6:  BCF    0D.2
....................    delay_cycles(1);
00E7:  NOP
....................    lcd_output_enable(1);
00E8:  MOVLB  02
00E9:  BSF    0D.0
00EA:  MOVLB  01
00EB:  BCF    0D.0
....................    delay_cycles(1);
00EC:  NOP
....................    high = lcd_read_nibble();
00ED:  MOVLB  00
00EE:  CALL   0A6
00EF:  MOVF   78,W
00F0:  MOVWF  40
....................       
....................    lcd_output_enable(0);
00F1:  MOVLB  02
00F2:  BCF    0D.0
00F3:  MOVLB  01
00F4:  BCF    0D.0
....................    delay_cycles(1);
00F5:  NOP
....................    lcd_output_enable(1);
00F6:  MOVLB  02
00F7:  BSF    0D.0
00F8:  MOVLB  01
00F9:  BCF    0D.0
....................    delay_us(1);
00FA:  NOP
....................    low = lcd_read_nibble();
00FB:  MOVLB  00
00FC:  CALL   0A6
00FD:  MOVF   78,W
00FE:  MOVWF  3F
....................       
....................    lcd_output_enable(0);
00FF:  MOVLB  02
0100:  BCF    0D.0
0101:  MOVLB  01
0102:  BCF    0D.0
.................... 
....................  #if defined(__PCB__)
....................    set_tris_lcd(LCD_OUTPUT_MAP);
....................  #else
....................   #if (defined(LCD_DATA4) && defined(LCD_DATA5) && defined(LCD_DATA6) && defined(LCD_DATA7))
....................    output_drive(LCD_DATA4);
0103:  BCF    0D.4
....................    output_drive(LCD_DATA5);
0104:  BCF    0D.5
....................    output_drive(LCD_DATA6);
0105:  BCF    0D.6
....................    output_drive(LCD_DATA7);
0106:  BCF    0D.7
....................   #else
....................    lcdtris.data = 0x0;
....................   #endif
....................  #endif
.................... 
....................    return( (high<<4) | low);
0107:  MOVLB  00
0108:  SWAPF  40,W
0109:  MOVWF  77
010A:  MOVLW  F0
010B:  ANDWF  77,F
010C:  MOVF   77,W
010D:  IORWF  3F,W
010E:  MOVWF  78
.................... }
.................... 
.................... unsigned int8 lcd_read_nibble(void)
.................... {
....................   #if (defined(LCD_DATA4) && defined(LCD_DATA5) && defined(LCD_DATA6) && defined(LCD_DATA7))
*
00A6:  CLRF   41
....................    unsigned int8 n = 0x00;
.................... 
....................    /* Read the data port */
....................    n |= input(LCD_DATA4);
00A7:  MOVLB  01
00A8:  BSF    0D.4
00A9:  MOVLW  00
00AA:  MOVLB  00
00AB:  BTFSC  0D.4
00AC:  MOVLW  01
00AD:  IORWF  41,F
....................    n |= input(LCD_DATA5) << 1;
00AE:  MOVLB  01
00AF:  BSF    0D.5
00B0:  MOVLW  00
00B1:  MOVLB  00
00B2:  BTFSC  0D.5
00B3:  MOVLW  01
00B4:  MOVWF  77
00B5:  BCF    03.0
00B6:  RLF    77,F
00B7:  MOVF   77,W
00B8:  IORWF  41,F
....................    n |= input(LCD_DATA6) << 2;
00B9:  MOVLB  01
00BA:  BSF    0D.6
00BB:  MOVLW  00
00BC:  MOVLB  00
00BD:  BTFSC  0D.6
00BE:  MOVLW  01
00BF:  MOVWF  77
00C0:  RLF    77,F
00C1:  RLF    77,F
00C2:  MOVLW  FC
00C3:  ANDWF  77,F
00C4:  MOVF   77,W
00C5:  IORWF  41,F
....................    n |= input(LCD_DATA7) << 3;
00C6:  MOVLB  01
00C7:  BSF    0D.7
00C8:  MOVLW  00
00C9:  MOVLB  00
00CA:  BTFSC  0D.7
00CB:  MOVLW  01
00CC:  MOVWF  77
00CD:  RLF    77,F
00CE:  RLF    77,F
00CF:  RLF    77,F
00D0:  MOVLW  F8
00D1:  ANDWF  77,F
00D2:  MOVF   77,W
00D3:  IORWF  41,F
....................    
....................    return(n);
00D4:  MOVF   41,W
00D5:  MOVWF  78
....................   #else
00D6:  RETURN
....................    return(lcd.data);
....................   #endif
.................... }
.................... 
.................... void lcd_send_nibble(unsigned int8 n)
.................... {
....................   #if (defined(LCD_DATA4) && defined(LCD_DATA5) && defined(LCD_DATA6) && defined(LCD_DATA7))
....................    /* Write to the data port */
....................    output_bit(LCD_DATA4, bit_test(n, 0));
*
006F:  BTFSC  40.0
0070:  GOTO   075
0071:  MOVLB  02
0072:  BCF    0D.4
0073:  GOTO   077
0074:  MOVLB  00
0075:  MOVLB  02
0076:  BSF    0D.4
0077:  MOVLB  01
0078:  BCF    0D.4
....................    output_bit(LCD_DATA5, bit_test(n, 1));
0079:  MOVLB  00
007A:  BTFSC  40.1
007B:  GOTO   080
007C:  MOVLB  02
007D:  BCF    0D.5
007E:  GOTO   082
007F:  MOVLB  00
0080:  MOVLB  02
0081:  BSF    0D.5
0082:  MOVLB  01
0083:  BCF    0D.5
....................    output_bit(LCD_DATA6, bit_test(n, 2));
0084:  MOVLB  00
0085:  BTFSC  40.2
0086:  GOTO   08B
0087:  MOVLB  02
0088:  BCF    0D.6
0089:  GOTO   08D
008A:  MOVLB  00
008B:  MOVLB  02
008C:  BSF    0D.6
008D:  MOVLB  01
008E:  BCF    0D.6
....................    output_bit(LCD_DATA7, bit_test(n, 3));
008F:  MOVLB  00
0090:  BTFSC  40.3
0091:  GOTO   096
0092:  MOVLB  02
0093:  BCF    0D.7
0094:  GOTO   098
0095:  MOVLB  00
0096:  MOVLB  02
0097:  BSF    0D.7
0098:  MOVLB  01
0099:  BCF    0D.7
....................   #else      
....................    lcdlat.data = n;
....................   #endif
....................       
....................    delay_cycles(1);
009A:  NOP
....................    lcd_output_enable(1);
009B:  MOVLB  02
009C:  BSF    0D.0
009D:  MOVLB  01
009E:  BCF    0D.0
....................    delay_us(2);
009F:  GOTO   0A0
....................    lcd_output_enable(0);
00A0:  MOVLB  02
00A1:  BCF    0D.0
00A2:  MOVLB  01
00A3:  BCF    0D.0
00A4:  MOVLB  00
00A5:  RETURN
.................... }
.................... 
.................... void lcd_send_byte(unsigned int8 address, unsigned int8 n)
.................... {
....................   #if defined(__PCB__)
....................    set_tris_lcd(LCD_OUTPUT_MAP);
....................   #else
....................    lcd_enable_tris();
*
00D7:  MOVLB  01
00D8:  BCF    0D.0
....................    lcd_rs_tris();
00D9:  BCF    0D.1
....................    lcd_rw_tris();
00DA:  BCF    0D.2
....................   #endif
.................... 
....................    lcd_output_rs(0);
00DB:  MOVLB  02
00DC:  BCF    0D.1
00DD:  MOVLB  01
00DE:  BCF    0D.1
....................    while ( bit_test(lcd_read_byte(),7) ) ;
*
010F:  MOVF   78,W
0110:  MOVWF  3F
0111:  BTFSS  3F.7
0112:  GOTO   115
0113:  MOVLB  01
0114:  GOTO   0DF
....................    lcd_output_rs(address);
0115:  MOVF   3D,F
0116:  BTFSS  03.2
0117:  GOTO   11C
0118:  MOVLB  02
0119:  BCF    0D.1
011A:  GOTO   11E
011B:  MOVLB  00
011C:  MOVLB  02
011D:  BSF    0D.1
011E:  MOVLB  01
011F:  BCF    0D.1
....................    delay_cycles(1);
0120:  NOP
....................    lcd_output_rw(0);
0121:  MOVLB  02
0122:  BCF    0D.2
0123:  MOVLB  01
0124:  BCF    0D.2
....................    delay_cycles(1);
0125:  NOP
....................    lcd_output_enable(0);
0126:  MOVLB  02
0127:  BCF    0D.0
0128:  MOVLB  01
0129:  BCF    0D.0
....................    lcd_send_nibble(n >> 4);
012A:  MOVLB  00
012B:  SWAPF  3E,W
012C:  MOVWF  3F
012D:  MOVLW  0F
012E:  ANDWF  3F,F
012F:  MOVF   3F,W
0130:  MOVWF  40
0131:  CALL   06F
....................    lcd_send_nibble(n & 0xf);
0132:  MOVF   3E,W
0133:  ANDLW  0F
0134:  MOVWF  3F
0135:  MOVWF  40
0136:  CALL   06F
0137:  RETURN
.................... }
.................... 
.................... #if defined(LCD_EXTENDED_NEWLINE)
.................... unsigned int8 g_LcdX, g_LcdY;
.................... #endif
.................... 
.................... void lcd_init(void) 
.................... {
....................    unsigned int8 i;
....................    unsigned int8 LCD_INIT_STRING[4] = {0x20 | (LCD_TYPE << 2), 0xc, 1, 6};
0138:  MOVLW  28
0139:  MOVWF  2F
013A:  MOVLW  0C
013B:  MOVWF  30
013C:  MOVLW  01
013D:  MOVWF  31
013E:  MOVLW  06
013F:  MOVWF  32
....................                              // These bytes need to be sent to the LCD
....................                              // to start it up.
....................    
.................... 
....................    lcd_output_enable(0);
0140:  MOVLB  02
0141:  BCF    0D.0
0142:  MOVLB  01
0143:  BCF    0D.0
....................    lcd_output_rs(0);
0144:  MOVLB  02
0145:  BCF    0D.1
0146:  MOVLB  01
0147:  BCF    0D.1
....................    lcd_output_rw(0);
0148:  MOVLB  02
0149:  BCF    0D.2
014A:  MOVLB  01
014B:  BCF    0D.2
.................... 
....................  #if defined(__PCB__)
....................    set_tris_lcd(LCD_OUTPUT_MAP);
....................  #else
....................   #if (defined(LCD_DATA4) && defined(LCD_DATA5) && defined(LCD_DATA6) && defined(LCD_DATA7))
....................    output_drive(LCD_DATA4);
014C:  BCF    0D.4
....................    output_drive(LCD_DATA5);
014D:  BCF    0D.5
....................    output_drive(LCD_DATA6);
014E:  BCF    0D.6
....................    output_drive(LCD_DATA7);
014F:  BCF    0D.7
....................   #else
....................    lcdtris.data = 0x0;
....................   #endif
....................    lcd_enable_tris();
0150:  BCF    0D.0
....................    lcd_rs_tris();
0151:  BCF    0D.1
....................    lcd_rw_tris();
0152:  BCF    0D.2
....................  #endif
....................     
....................    delay_ms(15);
0153:  MOVLW  0F
0154:  MOVLB  00
0155:  MOVWF  39
0156:  CALL   059
....................    for(i=1;i<=3;++i)
0157:  MOVLW  01
0158:  MOVWF  2E
0159:  MOVF   2E,W
015A:  SUBLW  03
015B:  BTFSS  03.0
015C:  GOTO   165
....................    {
....................        lcd_send_nibble(3);
015D:  MOVLW  03
015E:  MOVWF  40
015F:  CALL   06F
....................        delay_ms(5);
0160:  MOVLW  05
0161:  MOVWF  39
0162:  CALL   059
0163:  INCF   2E,F
0164:  GOTO   159
....................    }
....................    
....................    lcd_send_nibble(2);
0165:  MOVLW  02
0166:  MOVWF  40
0167:  CALL   06F
....................    delay_ms(5);
0168:  MOVLW  05
0169:  MOVWF  39
016A:  CALL   059
....................    for(i=0;i<=3;++i)
016B:  CLRF   2E
016C:  MOVF   2E,W
016D:  SUBLW  03
016E:  BTFSS  03.0
016F:  GOTO   17F
....................       lcd_send_byte(0,LCD_INIT_STRING[i]);
0170:  MOVLW  0F
0171:  ADDWF  2E,W
0172:  MOVWF  04
0173:  MOVLW  20
0174:  MOVWF  05
0175:  BTFSC  03.0
0176:  INCF   05,F
0177:  MOVF   00,W
0178:  MOVWF  33
0179:  CLRF   3D
017A:  MOVF   33,W
017B:  MOVWF  3E
017C:  CALL   0D7
.................... 
....................   #if defined(LCD_EXTENDED_NEWLINE)
017D:  INCF   2E,F
017E:  GOTO   16C
017F:  MOVLP  00
0180:  GOTO   2F6 (RETURN)
....................    g_LcdX = 0;
....................    g_LcdY = 0;
....................   #endif
.................... }
.................... 
.................... void lcd_gotoxy(unsigned int8 x, unsigned int8 y)
.................... {
....................    unsigned int8 address;
....................    
....................    if(y!=1)
*
018E:  DECFSZ 3A,W
018F:  GOTO   191
0190:  GOTO   194
....................       address=LCD_LINE_TWO;
0191:  MOVLW  40
0192:  MOVWF  3B
0193:  GOTO   195
....................    else
....................       address=0;
0194:  CLRF   3B
....................      
....................    address+=x-1;
0195:  MOVLW  01
0196:  SUBWF  39,W
0197:  ADDWF  3B,F
....................    lcd_send_byte(0,0x80|address);
0198:  MOVF   3B,W
0199:  IORLW  80
019A:  MOVWF  3C
019B:  CLRF   3D
019C:  MOVF   3C,W
019D:  MOVWF  3E
019E:  CALL   0D7
.................... 
....................   #if defined(LCD_EXTENDED_NEWLINE)
019F:  RETURN
....................    g_LcdX = x - 1;
....................    g_LcdY = y - 1;
....................   #endif
.................... }
.................... 
.................... void lcd_putc(char c)
.................... {
....................    switch (c)
01A0:  MOVF   38,W
01A1:  XORLW  07
01A2:  BTFSC  03.2
01A3:  GOTO   1AE
01A4:  XORLW  0B
01A5:  BTFSC  03.2
01A6:  GOTO   1B3
01A7:  XORLW  06
01A8:  BTFSC  03.2
01A9:  GOTO   1BB
01AA:  XORLW  02
01AB:  BTFSC  03.2
01AC:  GOTO   1C1
01AD:  GOTO   1C6
....................    {
....................       case '\a'   :  lcd_gotoxy(1,1);     break;
01AE:  MOVLW  01
01AF:  MOVWF  39
01B0:  MOVWF  3A
01B1:  CALL   18E
01B2:  GOTO   1CB
.................... 
....................       case '\f'   :  lcd_send_byte(0,1);
01B3:  CLRF   3D
01B4:  MOVLW  01
01B5:  MOVWF  3E
01B6:  CALL   0D7
....................                      delay_ms(2);
01B7:  MOVLW  02
01B8:  MOVWF  39
01B9:  CALL   059
....................                     #if defined(LCD_EXTENDED_NEWLINE)
....................                      g_LcdX = 0;
....................                      g_LcdY = 0;
....................                     #endif
....................                      break;
01BA:  GOTO   1CB
.................... 
....................      #if defined(LCD_EXTENDED_NEWLINE)
....................       case '\r'   :  lcd_gotoxy(1, g_LcdY+1);   break;
....................       case '\n'   :
....................          while (g_LcdX++ < LCD_LINE_LENGTH)
....................          {
....................             lcd_send_byte(1, ' ');
....................          }
....................          lcd_gotoxy(1, g_LcdY+2);
....................          break;
....................      #else
....................       case '\n'   : lcd_gotoxy(1,2);        break;
01BB:  MOVLW  01
01BC:  MOVWF  39
01BD:  MOVLW  02
01BE:  MOVWF  3A
01BF:  CALL   18E
01C0:  GOTO   1CB
....................      #endif
....................      
....................       case '\b'   : lcd_send_byte(0,0x10);  break;
01C1:  CLRF   3D
01C2:  MOVLW  10
01C3:  MOVWF  3E
01C4:  CALL   0D7
01C5:  GOTO   1CB
....................      
....................      #if defined(LCD_EXTENDED_NEWLINE)
....................       default     : 
....................          if (g_LcdX < LCD_LINE_LENGTH)
....................          {
....................             lcd_send_byte(1, c);
....................             g_LcdX++;
....................          }
....................          break;
....................      #else
....................       default     : lcd_send_byte(1,c);     break;
01C6:  MOVLW  01
01C7:  MOVWF  3D
01C8:  MOVF   38,W
01C9:  MOVWF  3E
01CA:  CALL   0D7
....................      #endif
....................    }
01CB:  RETURN
.................... }
....................  
.................... char lcd_getc(unsigned int8 x, unsigned int8 y)
.................... {
....................    char value;
.................... 
....................    lcd_gotoxy(x,y);
....................    while ( bit_test(lcd_read_byte(),7) ); // wait until busy flag is low
....................    lcd_output_rs(1);
....................    value = lcd_read_byte();
....................    lcd_output_rs(0);
....................    
....................    return(value);
.................... }
.................... 
.................... // write a custom character to the ram
.................... // which is 0-7 and specifies which character array we are modifying.
.................... // ptr points to an array of 8 bytes, where each byte is the next row of
.................... //    pixels.  only bits 0-4 are used.  the last row is the cursor row, and
.................... //    usually you will want to leave this byte 0x00.
.................... void lcd_set_cgram_char(unsigned int8 which, unsigned int8 *ptr)
.................... {
....................    unsigned int i;
.................... 
....................    which <<= 3;
....................    which &= 0x38;
.................... 
....................    lcd_send_byte(0, 0x40 | which);  //set cgram address
.................... 
....................    for(i=0; i<8; i++)
....................    {
....................       lcd_send_byte(1, *ptr++);
....................    }
....................   
....................    #if defined(LCD_EXTENDED_NEWLINE)
....................     lcd_gotoxy(g_LcdX+1, g_LcdY+1);  //set ddram address
....................    #endif
.................... }
.................... 
.................... void lcd_cursor_on(int1 on)
.................... {
....................    if (on)
....................    {
....................       lcd_send_byte(0,0x0F);           //turn LCD cursor ON
....................    }
....................    else
....................    {
....................       lcd_send_byte(0,0x0C);           //turn LCD cursor OFF
....................    }
.................... }
.................... 
.................... #endif
.................... 
.................... 
.................... 
.................... 
.................... 
.................... /*****************************************************************************
....................  * Funciones de Inicializacion de Perifericos
....................  ****************************************************************************/
....................  
....................  typedef enum {
....................     SUELTO,
....................     Q_PRESIONADO,
....................     PRESIONADO,
....................     Q_SUELTO
.................... } eEstado;
.................... 
.................... eEstado estado_actual = SUELTO;
.................... 
.................... void MaquinaEstado(void);
....................  
.................... 
.................... void InitGPIO(void);
.................... 
.................... void EscribirDisplay(signed int valor);
.................... 
.................... int8 EstadoPulsador(void);
.................... 
.................... void InitTimer0(void);
.................... 
.................... int valor = 0;
.................... 
.................... int flag_pulsado = 0;
.................... 
.................... int flag_segundo = 0;
.................... 
.................... int flanco_d = 0;
.................... int flanco_a = 0;
.................... 
.................... #INT_TIMER0 // ACA ESCRIBO QUÉ DEBO HACER EN CADA INTERRUPCIÓN
.................... void Timer0_ISR() {
....................    
....................    set_timer0(178);   // Reinicio el timer 0
*
003E:  MOVLW  B2
003F:  MOVWF  15
....................    flag_segundo = 1; // aviso que ya pasó el tiempo deseado
0040:  MOVLW  01
0041:  MOVWF  2B
....................    
0042:  BCF    0B.2
0043:  MOVLP  00
0044:  GOTO   023
.................... }
.................... 
.................... /*****************************************************************************
....................  * Main
....................  ****************************************************************************/
.................... 
.................... void main(void) {
*
02E1:  MOVLW  6A
02E2:  MOVLB  01
02E3:  MOVWF  19
02E4:  MOVLB  00
02E5:  CLRF   28
02E6:  CLRF   29
02E7:  CLRF   2A
02E8:  CLRF   2B
02E9:  CLRF   2C
02EA:  CLRF   2D
02EB:  MOVLB  03
02EC:  CLRF   0C
02ED:  CLRF   0D
02EE:  MOVLB  02
02EF:  CLRF   12
02F0:  CLRF   11
02F1:  CLRF   14
02F2:  CLRF   13
....................    
....................    InitGPIO();    // Inicializo el PORTA y PORTB
02F3:  MOVLB  00
02F4:  GOTO   051
....................    lcd_init();// Inicializo LCD
02F5:  GOTO   138
....................    InitTimer0();
02F6:  GOTO   181
....................   
....................    printf(LCD_PUTC,"Cuenta: %d",valor);
02F7:  MOVLW  45
02F8:  MOVLB  03
02F9:  MOVWF  11
02FA:  MOVLW  00
02FB:  MOVWF  12
02FC:  BCF    03.0
02FD:  MOVLW  08
02FE:  MOVLB  00
02FF:  MOVWF  2F
0300:  CALL   1CC
0301:  MOVF   29,W
0302:  MOVWF  2F
0303:  MOVLW  18
0304:  MOVWF  30
0305:  CALL   231
....................    estado_actual=SUELTO;
0306:  CLRF   28
....................    while (TRUE) {
....................    MaquinaEstado();
0307:  GOTO   292
0308:  GOTO   307
....................    }
.................... }
.................... 
0309:  SLEEP
.................... /*****************************************************************************
....................  * Implementacion de funciones
....................  ****************************************************************************/
....................  
.................... void InitGPIO(void){
....................     set_tris_a(0xFF);   // PORTA como ENTRADA
*
0051:  MOVLW  FF
0052:  MOVLB  01
0053:  MOVWF  0C
....................     set_tris_b(0x00);   // PORTB como SALIDA
0054:  MOVLW  00
0055:  MOVWF  0D
0056:  MOVLP  00
0057:  MOVLB  00
0058:  GOTO   2F5 (RETURN)
.................... }
.................... 
.................... void EscribirDisplay(signed int valor) {
....................    lcd_putc('\f');
*
02A7:  MOVLW  0C
02A8:  MOVWF  38
02A9:  CALL   1A0
....................    printf(LCD_PUTC,"Cuenta: %d",valor);
02AA:  MOVLW  4B
02AB:  MOVLB  03
02AC:  MOVWF  11
02AD:  MOVLW  00
02AE:  MOVWF  12
02AF:  BCF    03.0
02B0:  MOVLW  08
02B1:  MOVLB  00
02B2:  MOVWF  2F
02B3:  CALL   1CC
02B4:  MOVF   2E,W
02B5:  MOVWF  2F
02B6:  MOVLW  18
02B7:  MOVWF  30
02B8:  CALL   231
.................... }
.................... 
.................... int8 EstadoPulsador(void)
*
0288:  CLRF   2E
.................... {
....................    int8 res = 0;
....................    res = input(PIN_A0);
0289:  MOVLB  01
028A:  BSF    0C.0
028B:  MOVLB  00
028C:  CLRF   2E
028D:  BTFSC  0C.0
028E:  INCF   2E,F
....................    return res;
028F:  MOVF   2E,W
0290:  MOVWF  78
0291:  RETURN
.................... }
.................... 
.................... void InitTimer0(void){
....................    
....................     setup_timer_0(RTCC_INTERNAL|RTCC_DIV_256); // Configuro prescaler y osc
*
0181:  MOVLB  01
0182:  MOVF   15,W
0183:  ANDLW  C0
0184:  IORLW  07
0185:  MOVWF  15
....................     
....................     set_timer0(178);                  // Reinicio el timer
0186:  MOVLW  B2
0187:  MOVLB  00
0188:  MOVWF  15
....................     enable_interrupts(INT_TIMER0);    // Desactivo Interrupcion timer1
0189:  BSF    0B.5
....................     enable_interrupts(GLOBAL);        // Desactivo Interrupciones globales
018A:  MOVLW  C0
018B:  IORWF  0B,F
018C:  MOVLP  00
018D:  GOTO   2F7 (RETURN)
.................... }
.................... 
.................... void MaquinaEstado(void){
....................    
....................    switch (estado_actual) {
*
0292:  MOVF   28,W
0293:  ADDLW  FC
0294:  BTFSC  03.0
0295:  GOTO   2D7
0296:  ADDLW  04
0297:  GOTO   2D9
....................       
....................       case SUELTO:
....................          
....................          flanco_a = 0;
0298:  CLRF   2D
....................          flanco_d = 0;
0299:  CLRF   2C
....................          
....................          if(EstadoPulsador() == 0) {
029A:  CALL   288
029B:  MOVF   78,F
029C:  BTFSS  03.2
029D:  GOTO   2A3
....................          estado_actual = Q_PRESIONADO;
029E:  MOVLW  01
029F:  MOVWF  28
....................          flag_segundo = 0;
02A0:  CLRF   2B
....................          set_timer0(178);
02A1:  MOVLW  B2
02A2:  MOVWF  15
....................          }
....................          
....................          break;
02A3:  GOTO   2D7
....................          
....................       case PRESIONADO:
....................    
....................                valor++;
02A4:  INCF   29,F
....................                EscribirDisplay(valor);
02A5:  MOVF   29,W
02A6:  MOVWF  2E
....................                flag_pulsado = 1;
*
02B9:  MOVLW  01
02BA:  MOVWF  2A
....................                flanco_d = 0;
02BB:  CLRF   2C
....................   
....................          estado_actual = Q_SUELTO;
02BC:  MOVLW  03
02BD:  MOVWF  28
....................          flag_segundo = 0;
02BE:  CLRF   2B
....................          set_timer0(178);
02BF:  MOVLW  B2
02C0:  MOVWF  15
....................         
....................          
....................          break;
02C1:  GOTO   2D7
....................          
....................       case Q_PRESIONADO:
....................       
....................       
....................      if(EstadoPulsador() == 0 && flag_segundo == 1) {
02C2:  CALL   288
02C3:  MOVF   78,F
02C4:  BTFSS  03.2
02C5:  GOTO   2CD
02C6:  DECFSZ 2B,W
02C7:  GOTO   2CD
....................      flag_segundo = 0;
02C8:  CLRF   2B
....................      flanco_d = 1;
02C9:  MOVLW  01
02CA:  MOVWF  2C
....................      estado_actual = PRESIONADO;
02CB:  MOVLW  02
02CC:  MOVWF  28
....................      }
....................     
....................          break;  
02CD:  GOTO   2D7
....................          
....................       case Q_SUELTO:
....................      
....................          if(EstadoPulsador() == 1 && flag_segundo == 1) {
02CE:  CALL   288
02CF:  DECFSZ 78,W
02D0:  GOTO   2D7
02D1:  DECFSZ 2B,W
02D2:  GOTO   2D7
....................             flag_segundo = 0;
02D3:  CLRF   2B
....................             estado_actual == SUELTO;
02D4:  MOVF   28,F
02D5:  BTFSS  03.2
02D6:  MOVLW  00
....................             }
....................         break;
....................       }
02D7:  MOVLP  00
02D8:  GOTO   308 (RETURN)
.................... }

Configuration Fuses:
   Word  1: 3F84   INTRC_IO NOWDT PUT NOMCLR NOPROTECT NOCPD BROWNOUT NOCLKOUT IESO FCMEN
   Word  2: 1EFF   NOWRT PLL_SW STVREN BORV19 NODEBUG NOLVP
