CCS PCM C Compiler, Version 5.093, 4770               11-sept-25 14:08

               Filename:   C:\Users\santi\OneDrive\Escritorio\EDI2\TP2\Ejercicio6_TP2.lst

               ROM used:   931 words (23%)
                           Largest free fragment is 2048
               RAM used:   21 (5%) at main() level
                           57 (15%) worst case
               Stack used: 5 locations (4 in main + 1 for interrupts)
               Stack size: 16

0000:  MOVLP  00
0001:  GOTO   386
0002:  NOP
*
0004:  CLRF   03
0005:  MOVLP  00
0006:  MOVLB  00
0007:  MOVF   77,W
0008:  MOVWF  20
0009:  MOVF   78,W
000A:  MOVWF  21
000B:  MOVF   79,W
000C:  MOVWF  22
000D:  MOVF   7A,W
000E:  MOVWF  23
000F:  MOVLB  03
0010:  MOVF   11,W
0011:  MOVLB  00
0012:  MOVWF  24
0013:  MOVLB  03
0014:  MOVF   12,W
0015:  MOVLB  00
0016:  MOVWF  25
0017:  MOVLB  03
0018:  MOVF   13,W
0019:  MOVLB  00
001A:  MOVWF  26
001B:  MOVLB  03
001C:  MOVF   14,W
001D:  MOVLB  00
001E:  MOVWF  27
001F:  BTFSS  0B.4
0020:  GOTO   023
0021:  BTFSC  0B.1
0022:  GOTO   047
0023:  BTFSS  0B.5
0024:  GOTO   027
0025:  BTFSC  0B.2
0026:  GOTO   049
0027:  CLRF   05
0028:  MOVLW  91
0029:  MOVWF  04
002A:  BTFSS  00.6
002B:  GOTO   02E
002C:  BTFSC  11.6
002D:  GOTO   04B
002E:  MOVF   20,W
002F:  MOVWF  77
0030:  MOVF   21,W
0031:  MOVWF  78
0032:  MOVF   22,W
0033:  MOVWF  79
0034:  MOVF   23,W
0035:  MOVWF  7A
0036:  MOVF   24,W
0037:  MOVLB  03
0038:  MOVWF  11
0039:  MOVLB  00
003A:  MOVF   25,W
003B:  MOVLB  03
003C:  MOVWF  12
003D:  MOVLB  00
003E:  MOVF   26,W
003F:  MOVLB  03
0040:  MOVWF  13
0041:  MOVLB  00
0042:  MOVF   27,W
0043:  MOVLB  03
0044:  MOVWF  14
0045:  RETFIE
0046:  MOVLB  00
0047:  MOVLP  00
0048:  GOTO   05A
0049:  MOVLP  00
004A:  GOTO   04D
004B:  MOVLP  00
004C:  GOTO   05F
.................... #include <Ejercicio6_TP2.h>
.................... #include <16F1827.h>
.................... //////////// Standard Header file for the PIC16F1827 device ////////////////
.................... ///////////////////////////////////////////////////////////////////////////
.................... ////        (C) Copyright 1996, 2014 Custom Computer Services          ////
.................... //// This source code may only be used by licensed users of the CCS C  ////
.................... //// compiler.  This source code may only be distributed to other      ////
.................... //// licensed users of the CCS C compiler.  No other use, reproduction ////
.................... //// or distribution is permitted without written permission.          ////
.................... //// Derivative programs created using this software in object code    ////
.................... //// form are not restricted in any way.                               ////
.................... ///////////////////////////////////////////////////////////////////////////
.................... #device PIC16F1827
*
0003:  DATA 0C,00
*
0072:  DATA D0,37
0073:  DATA 74,10
0074:  DATA 3D,10
0075:  DATA 25,36
0076:  DATA 64,00
*
0259:  MOVF   0B,W
025A:  BCF    0B.7
025B:  BSF    15.7
025C:  BSF    15.0
025D:  NOP
025E:  NOP
025F:  BTFSC  09.7
0260:  BSF    0B.7
0261:  MOVF   13,W
0262:  ANDLW  7F
0263:  BTFSC  03.2
0264:  GOTO   29E
0265:  MOVLB  00
0266:  MOVWF  31
0267:  MOVLB  03
0268:  MOVF   11,W
0269:  MOVLB  00
026A:  MOVWF  32
026B:  MOVLB  03
026C:  MOVF   12,W
026D:  MOVLB  00
026E:  MOVWF  33
026F:  MOVF   31,W
0270:  MOVWF  3F
0271:  CALL   214
0272:  MOVF   32,W
0273:  MOVLB  03
0274:  MOVWF  11
0275:  MOVLB  00
0276:  MOVF   33,W
0277:  MOVLB  03
0278:  MOVWF  12
0279:  MOVF   0B,W
027A:  BCF    0B.7
027B:  BSF    15.7
027C:  BSF    15.0
027D:  NOP
027E:  NOP
027F:  BTFSC  09.7
0280:  BSF    0B.7
0281:  RLF    13,W
0282:  RLF    14,W
0283:  ANDLW  7F
0284:  BTFSC  03.2
0285:  GOTO   29E
0286:  MOVLB  00
0287:  MOVWF  31
0288:  MOVLB  03
0289:  MOVF   11,W
028A:  MOVLB  00
028B:  MOVWF  32
028C:  MOVLB  03
028D:  MOVF   12,W
028E:  MOVLB  00
028F:  MOVWF  33
0290:  MOVF   31,W
0291:  MOVWF  3F
0292:  CALL   214
0293:  MOVF   32,W
0294:  MOVLB  03
0295:  MOVWF  11
0296:  MOVLB  00
0297:  MOVF   33,W
0298:  MOVLB  03
0299:  MOVWF  12
029A:  INCF   11,F
029B:  BTFSC  03.2
029C:  INCF   12,F
029D:  GOTO   259
*
02A6:  MOVF   0B,W
02A7:  BCF    0B.7
02A8:  MOVLB  03
02A9:  BSF    15.7
02AA:  BSF    15.0
02AB:  NOP
02AC:  NOP
02AD:  BTFSC  09.7
02AE:  BSF    0B.7
02AF:  BTFSC  03.0
02B0:  GOTO   2D7
02B1:  MOVF   13,W
02B2:  ANDLW  7F
02B3:  MOVLB  00
02B4:  MOVWF  34
02B5:  MOVLB  03
02B6:  MOVF   11,W
02B7:  MOVLB  00
02B8:  MOVWF  35
02B9:  MOVLB  03
02BA:  MOVF   12,W
02BB:  MOVLB  00
02BC:  MOVWF  36
02BD:  MOVF   34,W
02BE:  MOVWF  3F
02BF:  CALL   214
02C0:  MOVF   35,W
02C1:  MOVLB  03
02C2:  MOVWF  11
02C3:  MOVLB  00
02C4:  MOVF   36,W
02C5:  MOVLB  03
02C6:  MOVWF  12
02C7:  MOVF   0B,W
02C8:  BCF    0B.7
02C9:  BSF    15.7
02CA:  BSF    15.0
02CB:  NOP
02CC:  NOP
02CD:  BTFSC  09.7
02CE:  BSF    0B.7
02CF:  MOVLB  00
02D0:  DECFSZ 31,F
02D1:  GOTO   2D3
02D2:  GOTO   2D5
02D3:  MOVLB  03
02D4:  GOTO   2D7
02D5:  GOTO   2F5
02D6:  MOVLB  03
02D7:  RLF    13,W
02D8:  RLF    14,W
02D9:  ANDLW  7F
02DA:  MOVLB  00
02DB:  MOVWF  34
02DC:  MOVLB  03
02DD:  MOVF   11,W
02DE:  MOVLB  00
02DF:  MOVWF  35
02E0:  MOVLB  03
02E1:  MOVF   12,W
02E2:  MOVLB  00
02E3:  MOVWF  36
02E4:  MOVF   34,W
02E5:  MOVWF  3F
02E6:  CALL   214
02E7:  MOVF   35,W
02E8:  MOVLB  03
02E9:  MOVWF  11
02EA:  MOVLB  00
02EB:  MOVF   36,W
02EC:  MOVLB  03
02ED:  MOVWF  12
02EE:  INCF   11,F
02EF:  BTFSC  03.2
02F0:  INCF   12,F
02F1:  BCF    03.0
02F2:  MOVLB  00
02F3:  DECFSZ 31,F
02F4:  GOTO   2A6
*
02FB:  MOVF   05,W
02FC:  MOVWF  3E
02FD:  MOVF   04,W
02FE:  MOVWF  3D
02FF:  BTFSS  32.7
0300:  GOTO   309
0301:  BSF    3D.7
0302:  BTFSS  3D.4
0303:  INCF   3D,F
0304:  COMF   31,F
0305:  COMF   32,F
0306:  INCF   31,F
0307:  BTFSC  03.2
0308:  INCF   32,F
0309:  SWAPF  32,W
030A:  IORLW  F0
030B:  MOVWF  39
030C:  ADDWF  39,F
030D:  ADDLW  E2
030E:  MOVWF  3A
030F:  ADDLW  32
0310:  MOVWF  3C
0311:  MOVF   32,W
0312:  ANDLW  0F
0313:  ADDWF  3A,F
0314:  ADDWF  3A,F
0315:  ADDWF  3C,F
0316:  ADDLW  E9
0317:  MOVWF  3B
0318:  ADDWF  3B,F
0319:  ADDWF  3B,F
031A:  SWAPF  31,W
031B:  ANDLW  0F
031C:  ADDWF  3B,F
031D:  ADDWF  3C,F
031E:  RLF    3B,F
031F:  RLF    3C,F
0320:  COMF   3C,F
0321:  RLF    3C,F
0322:  MOVF   31,W
0323:  ANDLW  0F
0324:  ADDWF  3C,F
0325:  RLF    39,F
0326:  MOVLW  07
0327:  MOVWF  38
0328:  MOVLW  0A
0329:  ADDWF  3C,F
032A:  DECF   3B,F
032B:  BTFSS  03.0
032C:  GOTO   329
032D:  ADDWF  3B,F
032E:  DECF   3A,F
032F:  BTFSS  03.0
0330:  GOTO   32D
0331:  ADDWF  3A,F
0332:  DECF   39,F
0333:  BTFSS  03.0
0334:  GOTO   331
0335:  ADDWF  39,F
0336:  DECF   38,F
0337:  BTFSS  03.0
0338:  GOTO   335
0339:  MOVLW  20
033A:  MOVWF  05
033B:  MOVLW  18
033C:  MOVWF  04
033D:  MOVLW  07
033E:  ANDWF  3D,W
033F:  BCF    3D.6
0340:  ADDFSR 3F,FSR0
0341:  ANDWF  3D,W
0342:  BTFSS  03.2
0343:  GOTO   34B
0344:  BTFSC  3D.4
0345:  ADDFSR 01,FSR0
0346:  BTFSC  3D.4
0347:  GOTO   34B
0348:  MOVLW  20
0349:  MOVWF  77
034A:  GOTO   36E
034B:  ADDWF  04,F
034C:  MOVLW  00
034D:  ADDWFC 05,F
034E:  MOVF   04,W
034F:  SUBLW  1C
0350:  BTFSS  03.2
0351:  GOTO   356
0352:  MOVF   05,W
0353:  SUBLW  20
0354:  BTFSC  03.2
0355:  BSF    3D.6
0356:  MOVF   00,W
0357:  MOVWF  77
0358:  BTFSS  03.2
0359:  GOTO   362
035A:  BTFSC  3D.6
035B:  GOTO   362
035C:  BTFSC  3D.4
035D:  GOTO   379
035E:  BTFSC  3D.3
035F:  GOTO   362
0360:  MOVLW  20
0361:  GOTO   36D
0362:  BTFSS  3D.7
0363:  GOTO   36A
0364:  MOVLW  2D
0365:  MOVWF  77
0366:  MOVIW  [--FSR0],W
0367:  BCF    3D.6
0368:  BCF    3D.7
0369:  GOTO   36E
036A:  BSF    3D.3
036B:  BCF    3D.4
036C:  MOVLW  30
036D:  ADDWF  77,F
036E:  MOVF   05,W
036F:  MOVWF  32
0370:  MOVF   04,W
0371:  MOVWF  31
0372:  MOVF   77,W
0373:  MOVWF  3F
0374:  CALL   214
0375:  MOVF   32,W
0376:  MOVWF  05
0377:  MOVF   31,W
0378:  MOVWF  04
0379:  ADDFSR 01,FSR0
037A:  BTFSS  3D.6
037B:  GOTO   34E
.................... 
.................... #list
.................... 
.................... #device ADC=10
.................... #use delay(internal=4MHz)
*
00B8:  MOVLW  20
00B9:  MOVWF  05
00BA:  MOVWF  04
00BB:  MOVF   00,W
00BC:  BTFSC  03.2
00BD:  GOTO   0CC
00BE:  MOVLW  01
00BF:  MOVWF  78
00C0:  CLRF   77
00C1:  DECFSZ 77,F
00C2:  GOTO   0C1
00C3:  DECFSZ 78,F
00C4:  GOTO   0C0
00C5:  MOVLW  4A
00C6:  MOVWF  77
00C7:  DECFSZ 77,F
00C8:  GOTO   0C7
00C9:  GOTO   0CA
00CA:  DECFSZ 00,F
00CB:  GOTO   0BE
00CC:  RETURN
.................... 
.................... 
.................... 
.................... 
.................... #fuses INTRC_IO   // Oscilador interno con pines RA6 y RA7 como GPIO
.................... #fuses NOMCLR     // Desactivo el MCLR
.................... #fuses NOWDT      // Desactivo el watchdog
.................... 
.................... /*****************************************************************************
....................  * LCD
....................  ****************************************************************************/
.................... 
.................... #define LCD_ENABLE_PIN  PIN_B1
.................... #define LCD_RS_PIN      PIN_B2
.................... #define LCD_RW_PIN      PIN_B3 // CONECTADO A GND SI NO LO USAMOS
.................... #define LCD_DATA4       PIN_B4
.................... #define LCD_DATA5       PIN_B5
.................... #define LCD_DATA6       PIN_B6
.................... #define LCD_DATA7       PIN_B7
.................... 
.................... #include <lcd.c>
.................... ///////////////////////////////////////////////////////////////////////////////
.................... ////                             LCD.C                                     ////
.................... ////                 Driver for common LCD modules                         ////
.................... ////                                                                       ////
.................... ////  lcd_init()   Must be called before any other function.               ////
.................... ////                                                                       ////
.................... ////  lcd_putc(c)  Will display c on the next position of the LCD.         ////
.................... ////                 \a  Set cursor position to upper left                 ////
.................... ////                 \f  Clear display, set cursor to upper left           ////
.................... ////                 \n  Go to start of second line                        ////
.................... ////                 \b  Move back one position                            ////
.................... ////              If LCD_EXTENDED_NEWLINE is defined, the \n character     ////
.................... ////              will erase all remanining characters on the current      ////
.................... ////              line, and move the cursor to the beginning of the next   ////
.................... ////              line.                                                    ////
.................... ////              If LCD_EXTENDED_NEWLINE is defined, the \r character     ////
.................... ////              will move the cursor to the start of the current         ////
.................... ////              line.                                                    ////
.................... ////                                                                       ////
.................... ////  lcd_gotoxy(x,y) Set write position on LCD (upper left is 1,1)        ////
.................... ////                                                                       ////
.................... ////  lcd_getc(x,y)   Returns character at position x,y on LCD             ////
.................... ////                                                                       ////
.................... ////  lcd_cursor_on(int1 on)   Turn the cursor on (on=TRUE) or off         ////
.................... ////              (on=FALSE).                                              ////
.................... ////                                                                       ////
.................... ////  lcd_set_cgram_char(w, *p)   Write a custom character to the CGRAM.   ////
.................... ////                                                                       ////
.................... ////                                                                       ////
.................... ////  CONFIGURATION                                                        ////
.................... ////  The LCD can be configured in one of two ways: a.) port access or     ////
.................... ////  b.) pin access.  Port access requires the entire 7 bit interface     ////
.................... ////  connected to one GPIO port, and the data bits (D4:D7 of the LCD)     ////
.................... ////  connected to sequential pins on the GPIO.  Pin access                ////
.................... ////  has no requirements, all 7 bits of the control interface can         ////
.................... ////  can be connected to any GPIO using several ports.                    ////
.................... ////                                                                       ////
.................... ////  To use port access, #define LCD_DATA_PORT to the SFR location of     ////
.................... ////  of the GPIO port that holds the interface, -AND- edit LCD_PIN_MAP    ////
.................... ////  of this file to configure the pin order.  If you are using a         ////
.................... ////  baseline PIC (PCB), then LCD_OUTPUT_MAP and LCD_INPUT_MAP also must  ////
.................... ////  be defined.                                                          ////
.................... ////                                                                       ////
.................... ////  Example of port access:                                              ////
.................... ////     #define LCD_DATA_PORT getenv("SFR:PORTD")                         ////
.................... ////                                                                       ////
.................... ////  To use pin access, the following pins must be defined:               ////
.................... ////     LCD_ENABLE_PIN                                                    ////
.................... ////     LCD_RS_PIN                                                        ////
.................... ////     LCD_RW_PIN                                                        ////
.................... ////     LCD_DATA4                                                         ////
.................... ////     LCD_DATA5                                                         ////
.................... ////     LCD_DATA6                                                         ////
.................... ////     LCD_DATA7                                                         ////
.................... ////                                                                       ////
.................... ////  Example of pin access:                                               ////
.................... ////     #define LCD_ENABLE_PIN  PIN_E0                                    ////
.................... ////     #define LCD_RS_PIN      PIN_E1                                    ////
.................... ////     #define LCD_RW_PIN      PIN_E2                                    ////
.................... ////     #define LCD_DATA4       PIN_D4                                    ////
.................... ////     #define LCD_DATA5       PIN_D5                                    ////
.................... ////     #define LCD_DATA6       PIN_D6                                    ////
.................... ////     #define LCD_DATA7       PIN_D7                                    ////
.................... ////                                                                       ////
.................... ///////////////////////////////////////////////////////////////////////////////
.................... ////        (C) Copyright 1996,2010 Custom Computer Services           ////
.................... //// This source code may only be used by licensed users of the CCS C  ////
.................... //// compiler.  This source code may only be distributed to other      ////
.................... //// licensed users of the CCS C compiler.  No other use, reproduction ////
.................... //// or distribution is permitted without written permission.          ////
.................... //// Derivative programs created using this software in object code    ////
.................... //// form are not restricted in any way.                               ////
.................... ///////////////////////////////////////////////////////////////////////////
.................... 
.................... #ifndef __LCD_C__
.................... #define __LCD_C__
.................... 
.................... // define the pinout.
.................... // only required if port access is being used.
.................... typedef struct  
.................... {                            // This structure is overlayed
....................    int1 enable;           // on to an I/O port to gain
....................    int1 rs;               // access to the LCD pins.
....................    int1 rw;               // The bits are allocated from
....................    int1 unused;           // low order up.  ENABLE will
....................    unsigned int     data : 4;         // be LSB pin of that port.
....................   #if defined(__PCD__)       // The port used will be LCD_DATA_PORT.
....................    unsigned int    reserved: 8;
....................   #endif
.................... } LCD_PIN_MAP;
.................... 
.................... // this is to improve compatability with previous LCD drivers that accepted
.................... // a define labeled 'use_portb_lcd' that configured the LCD onto port B.
.................... #if ((defined(use_portb_lcd)) && (use_portb_lcd==TRUE))
....................  #define LCD_DATA_PORT getenv("SFR:PORTB")
.................... #endif
.................... 
.................... #if defined(__PCB__)
....................    // these definitions only need to be modified for baseline PICs.
....................    // all other PICs use LCD_PIN_MAP or individual LCD_xxx pin definitions.
.................... /*                                    EN, RS,   RW,   UNUSED,  DATA  */
....................  const LCD_PIN_MAP LCD_OUTPUT_MAP =  {0,  0,    0,    0,       0};
....................  const LCD_PIN_MAP LCD_INPUT_MAP =   {0,  0,    0,    0,       0xF};
.................... #endif
.................... 
.................... ////////////////////// END CONFIGURATION ///////////////////////////////////
.................... 
.................... #ifndef LCD_ENABLE_PIN
....................    #define lcd_output_enable(x) lcdlat.enable=x
....................    #define lcd_enable_tris()   lcdtris.enable=0
.................... #else
....................    #define lcd_output_enable(x) output_bit(LCD_ENABLE_PIN, x)
....................    #define lcd_enable_tris()  output_drive(LCD_ENABLE_PIN)
.................... #endif
.................... 
.................... #ifndef LCD_RS_PIN
....................    #define lcd_output_rs(x) lcdlat.rs=x
....................    #define lcd_rs_tris()   lcdtris.rs=0
.................... #else
....................    #define lcd_output_rs(x) output_bit(LCD_RS_PIN, x)
....................    #define lcd_rs_tris()  output_drive(LCD_RS_PIN)
.................... #endif
.................... 
.................... #ifndef LCD_RW_PIN
....................    #define lcd_output_rw(x) lcdlat.rw=x
....................    #define lcd_rw_tris()   lcdtris.rw=0
.................... #else
....................    #define lcd_output_rw(x) output_bit(LCD_RW_PIN, x)
....................    #define lcd_rw_tris()  output_drive(LCD_RW_PIN)
.................... #endif
.................... 
.................... // original version of this library incorrectly labeled LCD_DATA0 as LCD_DATA4,
.................... // LCD_DATA1 as LCD_DATA5, and so on.  this block of code makes the driver
.................... // compatible with any code written for the original library
.................... #if (defined(LCD_DATA0) && defined(LCD_DATA1) && defined(LCD_DATA2) && defined(LCD_DATA3) && !defined(LCD_DATA4) && !defined(LCD_DATA5) && !defined(LCD_DATA6) && !defined(LCD_DATA7))
....................    #define  LCD_DATA4    LCD_DATA0
....................    #define  LCD_DATA5    LCD_DATA1
....................    #define  LCD_DATA6    LCD_DATA2
....................    #define  LCD_DATA7    LCD_DATA3
.................... #endif
.................... 
.................... #ifndef LCD_DATA4
.................... #ifndef LCD_DATA_PORT
....................    #if defined(__PCB__)
....................       #define LCD_DATA_PORT      0x06     //portb
....................       #define set_tris_lcd(x)   set_tris_b(x)
....................    #else
....................      #if defined(PIN_D0)
....................       #define LCD_DATA_PORT      getenv("SFR:PORTD")     //portd
....................      #else
....................       #define LCD_DATA_PORT      getenv("SFR:PORTB")     //portb
....................      #endif
....................    #endif   
.................... #endif
.................... 
.................... #if defined(__PCB__)
....................    LCD_PIN_MAP lcd, lcdlat;
....................    #byte lcd = LCD_DATA_PORT
....................    #byte lcdlat = LCD_DATA_PORT
.................... #elif defined(__PCM__)
....................    LCD_PIN_MAP lcd, lcdlat, lcdtris;
....................    #byte lcd = LCD_DATA_PORT
....................    #byte lcdlat = LCD_DATA_PORT
....................    #byte lcdtris = LCD_DATA_PORT+0x80
.................... #elif defined(__PCH__)
....................    LCD_PIN_MAP lcd, lcdlat, lcdtris;
....................    #byte lcd = LCD_DATA_PORT
....................    #byte lcdlat = LCD_DATA_PORT+9
....................    #byte lcdtris = LCD_DATA_PORT+0x12
.................... #elif defined(__PCD__)
....................    LCD_PIN_MAP lcd, lcdlat, lcdtris;
....................    #word lcd = LCD_DATA_PORT
....................    #word lcdlat = LCD_DATA_PORT+2
....................    #word lcdtris = LCD_DATA_PORT-0x02
.................... #endif
.................... #endif   //LCD_DATA4 not defined
.................... 
.................... #ifndef LCD_TYPE
....................    #define LCD_TYPE 2           // 0=5x7, 1=5x10, 2=2 lines
.................... #endif
.................... 
.................... #ifndef LCD_LINE_TWO
....................    #define LCD_LINE_TWO 0x40    // LCD RAM address for the second line
.................... #endif
.................... 
.................... #ifndef LCD_LINE_LENGTH
....................    #define LCD_LINE_LENGTH 20
.................... #endif
.................... 
.................... unsigned int8 lcd_read_nibble(void);
.................... 
.................... unsigned int8 lcd_read_byte(void)
.................... {
....................    unsigned int8 low,high;
.................... 
....................  #if defined(__PCB__)
....................    set_tris_lcd(LCD_INPUT_MAP);
....................  #else
....................   #if (defined(LCD_DATA4) && defined(LCD_DATA5) && defined(LCD_DATA6) && defined(LCD_DATA7))
....................    output_float(LCD_DATA4);
*
013D:  BSF    0D.4
....................    output_float(LCD_DATA5);
013E:  BSF    0D.5
....................    output_float(LCD_DATA6);
013F:  BSF    0D.6
....................    output_float(LCD_DATA7);
0140:  BSF    0D.7
....................   #else
....................    lcdtris.data = 0xF;
....................   #endif
....................  #endif
....................         
....................    lcd_output_rw(1);
0141:  MOVLB  02
0142:  BSF    0D.3
0143:  MOVLB  01
0144:  BCF    0D.3
....................    delay_cycles(1);
0145:  NOP
....................    lcd_output_enable(1);
0146:  MOVLB  02
0147:  BSF    0D.1
0148:  MOVLB  01
0149:  BCF    0D.1
....................    delay_cycles(1);
014A:  NOP
....................    high = lcd_read_nibble();
014B:  MOVLB  00
014C:  CALL   104
014D:  MOVF   78,W
014E:  MOVWF  47
....................       
....................    lcd_output_enable(0);
014F:  MOVLB  02
0150:  BCF    0D.1
0151:  MOVLB  01
0152:  BCF    0D.1
....................    delay_cycles(1);
0153:  NOP
....................    lcd_output_enable(1);
0154:  MOVLB  02
0155:  BSF    0D.1
0156:  MOVLB  01
0157:  BCF    0D.1
....................    delay_us(1);
0158:  NOP
....................    low = lcd_read_nibble();
0159:  MOVLB  00
015A:  CALL   104
015B:  MOVF   78,W
015C:  MOVWF  46
....................       
....................    lcd_output_enable(0);
015D:  MOVLB  02
015E:  BCF    0D.1
015F:  MOVLB  01
0160:  BCF    0D.1
.................... 
....................  #if defined(__PCB__)
....................    set_tris_lcd(LCD_OUTPUT_MAP);
....................  #else
....................   #if (defined(LCD_DATA4) && defined(LCD_DATA5) && defined(LCD_DATA6) && defined(LCD_DATA7))
....................    output_drive(LCD_DATA4);
0161:  BCF    0D.4
....................    output_drive(LCD_DATA5);
0162:  BCF    0D.5
....................    output_drive(LCD_DATA6);
0163:  BCF    0D.6
....................    output_drive(LCD_DATA7);
0164:  BCF    0D.7
....................   #else
....................    lcdtris.data = 0x0;
....................   #endif
....................  #endif
.................... 
....................    return( (high<<4) | low);
0165:  MOVLB  00
0166:  SWAPF  47,W
0167:  MOVWF  77
0168:  MOVLW  F0
0169:  ANDWF  77,F
016A:  MOVF   77,W
016B:  IORWF  46,W
016C:  MOVWF  78
.................... }
.................... 
.................... unsigned int8 lcd_read_nibble(void)
.................... {
....................   #if (defined(LCD_DATA4) && defined(LCD_DATA5) && defined(LCD_DATA6) && defined(LCD_DATA7))
*
0104:  CLRF   48
....................    unsigned int8 n = 0x00;
.................... 
....................    /* Read the data port */
....................    n |= input(LCD_DATA4);
0105:  MOVLB  01
0106:  BSF    0D.4
0107:  MOVLW  00
0108:  MOVLB  00
0109:  BTFSC  0D.4
010A:  MOVLW  01
010B:  IORWF  48,F
....................    n |= input(LCD_DATA5) << 1;
010C:  MOVLB  01
010D:  BSF    0D.5
010E:  MOVLW  00
010F:  MOVLB  00
0110:  BTFSC  0D.5
0111:  MOVLW  01
0112:  MOVWF  77
0113:  BCF    03.0
0114:  RLF    77,F
0115:  MOVF   77,W
0116:  IORWF  48,F
....................    n |= input(LCD_DATA6) << 2;
0117:  MOVLB  01
0118:  BSF    0D.6
0119:  MOVLW  00
011A:  MOVLB  00
011B:  BTFSC  0D.6
011C:  MOVLW  01
011D:  MOVWF  77
011E:  RLF    77,F
011F:  RLF    77,F
0120:  MOVLW  FC
0121:  ANDWF  77,F
0122:  MOVF   77,W
0123:  IORWF  48,F
....................    n |= input(LCD_DATA7) << 3;
0124:  MOVLB  01
0125:  BSF    0D.7
0126:  MOVLW  00
0127:  MOVLB  00
0128:  BTFSC  0D.7
0129:  MOVLW  01
012A:  MOVWF  77
012B:  RLF    77,F
012C:  RLF    77,F
012D:  RLF    77,F
012E:  MOVLW  F8
012F:  ANDWF  77,F
0130:  MOVF   77,W
0131:  IORWF  48,F
....................    
....................    return(n);
0132:  MOVF   48,W
0133:  MOVWF  78
....................   #else
0134:  RETURN
....................    return(lcd.data);
....................   #endif
.................... }
.................... 
.................... void lcd_send_nibble(unsigned int8 n)
.................... {
....................   #if (defined(LCD_DATA4) && defined(LCD_DATA5) && defined(LCD_DATA6) && defined(LCD_DATA7))
....................    /* Write to the data port */
....................    output_bit(LCD_DATA4, bit_test(n, 0));
*
00CD:  BTFSC  47.0
00CE:  GOTO   0D3
00CF:  MOVLB  02
00D0:  BCF    0D.4
00D1:  GOTO   0D5
00D2:  MOVLB  00
00D3:  MOVLB  02
00D4:  BSF    0D.4
00D5:  MOVLB  01
00D6:  BCF    0D.4
....................    output_bit(LCD_DATA5, bit_test(n, 1));
00D7:  MOVLB  00
00D8:  BTFSC  47.1
00D9:  GOTO   0DE
00DA:  MOVLB  02
00DB:  BCF    0D.5
00DC:  GOTO   0E0
00DD:  MOVLB  00
00DE:  MOVLB  02
00DF:  BSF    0D.5
00E0:  MOVLB  01
00E1:  BCF    0D.5
....................    output_bit(LCD_DATA6, bit_test(n, 2));
00E2:  MOVLB  00
00E3:  BTFSC  47.2
00E4:  GOTO   0E9
00E5:  MOVLB  02
00E6:  BCF    0D.6
00E7:  GOTO   0EB
00E8:  MOVLB  00
00E9:  MOVLB  02
00EA:  BSF    0D.6
00EB:  MOVLB  01
00EC:  BCF    0D.6
....................    output_bit(LCD_DATA7, bit_test(n, 3));
00ED:  MOVLB  00
00EE:  BTFSC  47.3
00EF:  GOTO   0F4
00F0:  MOVLB  02
00F1:  BCF    0D.7
00F2:  GOTO   0F6
00F3:  MOVLB  00
00F4:  MOVLB  02
00F5:  BSF    0D.7
00F6:  MOVLB  01
00F7:  BCF    0D.7
....................   #else      
....................    lcdlat.data = n;
....................   #endif
....................       
....................    delay_cycles(1);
00F8:  NOP
....................    lcd_output_enable(1);
00F9:  MOVLB  02
00FA:  BSF    0D.1
00FB:  MOVLB  01
00FC:  BCF    0D.1
....................    delay_us(2);
00FD:  GOTO   0FE
....................    lcd_output_enable(0);
00FE:  MOVLB  02
00FF:  BCF    0D.1
0100:  MOVLB  01
0101:  BCF    0D.1
0102:  MOVLB  00
0103:  RETURN
.................... }
.................... 
.................... void lcd_send_byte(unsigned int8 address, unsigned int8 n)
.................... {
....................   #if defined(__PCB__)
....................    set_tris_lcd(LCD_OUTPUT_MAP);
....................   #else
....................    lcd_enable_tris();
*
0135:  MOVLB  01
0136:  BCF    0D.1
....................    lcd_rs_tris();
0137:  BCF    0D.2
....................    lcd_rw_tris();
0138:  BCF    0D.3
....................   #endif
.................... 
....................    lcd_output_rs(0);
0139:  MOVLB  02
013A:  BCF    0D.2
013B:  MOVLB  01
013C:  BCF    0D.2
....................    while ( bit_test(lcd_read_byte(),7) ) ;
*
016D:  MOVF   78,W
016E:  MOVWF  46
016F:  BTFSS  46.7
0170:  GOTO   173
0171:  MOVLB  01
0172:  GOTO   13D
....................    lcd_output_rs(address);
0173:  MOVF   44,F
0174:  BTFSS  03.2
0175:  GOTO   17A
0176:  MOVLB  02
0177:  BCF    0D.2
0178:  GOTO   17C
0179:  MOVLB  00
017A:  MOVLB  02
017B:  BSF    0D.2
017C:  MOVLB  01
017D:  BCF    0D.2
....................    delay_cycles(1);
017E:  NOP
....................    lcd_output_rw(0);
017F:  MOVLB  02
0180:  BCF    0D.3
0181:  MOVLB  01
0182:  BCF    0D.3
....................    delay_cycles(1);
0183:  NOP
....................    lcd_output_enable(0);
0184:  MOVLB  02
0185:  BCF    0D.1
0186:  MOVLB  01
0187:  BCF    0D.1
....................    lcd_send_nibble(n >> 4);
0188:  MOVLB  00
0189:  SWAPF  45,W
018A:  MOVWF  46
018B:  MOVLW  0F
018C:  ANDWF  46,F
018D:  MOVF   46,W
018E:  MOVWF  47
018F:  CALL   0CD
....................    lcd_send_nibble(n & 0xf);
0190:  MOVF   45,W
0191:  ANDLW  0F
0192:  MOVWF  46
0193:  MOVWF  47
0194:  CALL   0CD
0195:  RETURN
.................... }
.................... 
.................... #if defined(LCD_EXTENDED_NEWLINE)
.................... unsigned int8 g_LcdX, g_LcdY;
.................... #endif
.................... 
.................... void lcd_init(void) 
.................... {
....................    unsigned int8 i;
....................    unsigned int8 LCD_INIT_STRING[4] = {0x20 | (LCD_TYPE << 2), 0xc, 1, 6};
0196:  MOVLW  28
0197:  MOVWF  32
0198:  MOVLW  0C
0199:  MOVWF  33
019A:  MOVLW  01
019B:  MOVWF  34
019C:  MOVLW  06
019D:  MOVWF  35
....................                              // These bytes need to be sent to the LCD
....................                              // to start it up.
....................    
.................... 
....................    lcd_output_enable(0);
019E:  MOVLB  02
019F:  BCF    0D.1
01A0:  MOVLB  01
01A1:  BCF    0D.1
....................    lcd_output_rs(0);
01A2:  MOVLB  02
01A3:  BCF    0D.2
01A4:  MOVLB  01
01A5:  BCF    0D.2
....................    lcd_output_rw(0);
01A6:  MOVLB  02
01A7:  BCF    0D.3
01A8:  MOVLB  01
01A9:  BCF    0D.3
.................... 
....................  #if defined(__PCB__)
....................    set_tris_lcd(LCD_OUTPUT_MAP);
....................  #else
....................   #if (defined(LCD_DATA4) && defined(LCD_DATA5) && defined(LCD_DATA6) && defined(LCD_DATA7))
....................    output_drive(LCD_DATA4);
01AA:  BCF    0D.4
....................    output_drive(LCD_DATA5);
01AB:  BCF    0D.5
....................    output_drive(LCD_DATA6);
01AC:  BCF    0D.6
....................    output_drive(LCD_DATA7);
01AD:  BCF    0D.7
....................   #else
....................    lcdtris.data = 0x0;
....................   #endif
....................    lcd_enable_tris();
01AE:  BCF    0D.1
....................    lcd_rs_tris();
01AF:  BCF    0D.2
....................    lcd_rw_tris();
01B0:  BCF    0D.3
....................  #endif
....................     
....................    delay_ms(15);
01B1:  MOVLW  0F
01B2:  MOVLB  00
01B3:  MOVWF  40
01B4:  CALL   0B8
....................    for(i=1;i<=3;++i)
01B5:  MOVLW  01
01B6:  MOVWF  31
01B7:  MOVF   31,W
01B8:  SUBLW  03
01B9:  BTFSS  03.0
01BA:  GOTO   1C3
....................    {
....................        lcd_send_nibble(3);
01BB:  MOVLW  03
01BC:  MOVWF  47
01BD:  CALL   0CD
....................        delay_ms(5);
01BE:  MOVLW  05
01BF:  MOVWF  40
01C0:  CALL   0B8
01C1:  INCF   31,F
01C2:  GOTO   1B7
....................    }
....................    
....................    lcd_send_nibble(2);
01C3:  MOVLW  02
01C4:  MOVWF  47
01C5:  CALL   0CD
....................    delay_ms(5);
01C6:  MOVLW  05
01C7:  MOVWF  40
01C8:  CALL   0B8
....................    for(i=0;i<=3;++i)
01C9:  CLRF   31
01CA:  MOVF   31,W
01CB:  SUBLW  03
01CC:  BTFSS  03.0
01CD:  GOTO   1DD
....................       lcd_send_byte(0,LCD_INIT_STRING[i]);
01CE:  MOVLW  12
01CF:  ADDWF  31,W
01D0:  MOVWF  04
01D1:  MOVLW  20
01D2:  MOVWF  05
01D3:  BTFSC  03.0
01D4:  INCF   05,F
01D5:  MOVF   00,W
01D6:  MOVWF  36
01D7:  CLRF   44
01D8:  MOVF   36,W
01D9:  MOVWF  45
01DA:  CALL   135
.................... 
....................   #if defined(LCD_EXTENDED_NEWLINE)
01DB:  INCF   31,F
01DC:  GOTO   1CA
01DD:  MOVLP  00
01DE:  GOTO   39E (RETURN)
....................    g_LcdX = 0;
....................    g_LcdY = 0;
....................   #endif
.................... }
.................... 
.................... void lcd_gotoxy(unsigned int8 x, unsigned int8 y)
.................... {
....................    unsigned int8 address;
....................    
....................    if(y!=1)
*
0202:  DECFSZ 41,W
0203:  GOTO   205
0204:  GOTO   208
....................       address=LCD_LINE_TWO;
0205:  MOVLW  40
0206:  MOVWF  42
0207:  GOTO   209
....................    else
....................       address=0;
0208:  CLRF   42
....................      
....................    address+=x-1;
0209:  MOVLW  01
020A:  SUBWF  40,W
020B:  ADDWF  42,F
....................    lcd_send_byte(0,0x80|address);
020C:  MOVF   42,W
020D:  IORLW  80
020E:  MOVWF  43
020F:  CLRF   44
0210:  MOVF   43,W
0211:  MOVWF  45
0212:  CALL   135
.................... 
....................   #if defined(LCD_EXTENDED_NEWLINE)
0213:  RETURN
....................    g_LcdX = x - 1;
....................    g_LcdY = y - 1;
....................   #endif
.................... }
.................... 
.................... void lcd_putc(char c)
.................... {
....................    switch (c)
0214:  MOVF   3F,W
0215:  XORLW  07
0216:  BTFSC  03.2
0217:  GOTO   222
0218:  XORLW  0B
0219:  BTFSC  03.2
021A:  GOTO   227
021B:  XORLW  06
021C:  BTFSC  03.2
021D:  GOTO   22F
021E:  XORLW  02
021F:  BTFSC  03.2
0220:  GOTO   235
0221:  GOTO   23A
....................    {
....................       case '\a'   :  lcd_gotoxy(1,1);     break;
0222:  MOVLW  01
0223:  MOVWF  40
0224:  MOVWF  41
0225:  CALL   202
0226:  GOTO   23F
.................... 
....................       case '\f'   :  lcd_send_byte(0,1);
0227:  CLRF   44
0228:  MOVLW  01
0229:  MOVWF  45
022A:  CALL   135
....................                      delay_ms(2);
022B:  MOVLW  02
022C:  MOVWF  40
022D:  CALL   0B8
....................                     #if defined(LCD_EXTENDED_NEWLINE)
....................                      g_LcdX = 0;
....................                      g_LcdY = 0;
....................                     #endif
....................                      break;
022E:  GOTO   23F
.................... 
....................      #if defined(LCD_EXTENDED_NEWLINE)
....................       case '\r'   :  lcd_gotoxy(1, g_LcdY+1);   break;
....................       case '\n'   :
....................          while (g_LcdX++ < LCD_LINE_LENGTH)
....................          {
....................             lcd_send_byte(1, ' ');
....................          }
....................          lcd_gotoxy(1, g_LcdY+2);
....................          break;
....................      #else
....................       case '\n'   : lcd_gotoxy(1,2);        break;
022F:  MOVLW  01
0230:  MOVWF  40
0231:  MOVLW  02
0232:  MOVWF  41
0233:  CALL   202
0234:  GOTO   23F
....................      #endif
....................      
....................       case '\b'   : lcd_send_byte(0,0x10);  break;
0235:  CLRF   44
0236:  MOVLW  10
0237:  MOVWF  45
0238:  CALL   135
0239:  GOTO   23F
....................      
....................      #if defined(LCD_EXTENDED_NEWLINE)
....................       default     : 
....................          if (g_LcdX < LCD_LINE_LENGTH)
....................          {
....................             lcd_send_byte(1, c);
....................             g_LcdX++;
....................          }
....................          break;
....................      #else
....................       default     : lcd_send_byte(1,c);     break;
023A:  MOVLW  01
023B:  MOVWF  44
023C:  MOVF   3F,W
023D:  MOVWF  45
023E:  CALL   135
....................      #endif
....................    }
023F:  RETURN
.................... }
....................  
.................... char lcd_getc(unsigned int8 x, unsigned int8 y)
.................... {
....................    char value;
.................... 
....................    lcd_gotoxy(x,y);
....................    while ( bit_test(lcd_read_byte(),7) ); // wait until busy flag is low
....................    lcd_output_rs(1);
....................    value = lcd_read_byte();
....................    lcd_output_rs(0);
....................    
....................    return(value);
.................... }
.................... 
.................... // write a custom character to the ram
.................... // which is 0-7 and specifies which character array we are modifying.
.................... // ptr points to an array of 8 bytes, where each byte is the next row of
.................... //    pixels.  only bits 0-4 are used.  the last row is the cursor row, and
.................... //    usually you will want to leave this byte 0x00.
.................... void lcd_set_cgram_char(unsigned int8 which, unsigned int8 *ptr)
.................... {
....................    unsigned int i;
.................... 
....................    which <<= 3;
....................    which &= 0x38;
.................... 
....................    lcd_send_byte(0, 0x40 | which);  //set cgram address
.................... 
....................    for(i=0; i<8; i++)
....................    {
....................       lcd_send_byte(1, *ptr++);
....................    }
....................   
....................    #if defined(LCD_EXTENDED_NEWLINE)
....................     lcd_gotoxy(g_LcdX+1, g_LcdY+1);  //set ddram address
....................    #endif
.................... }
.................... 
.................... void lcd_cursor_on(int1 on)
.................... {
....................    if (on)
....................    {
....................       lcd_send_byte(0,0x0F);           //turn LCD cursor ON
....................    }
....................    else
....................    {
....................       lcd_send_byte(0,0x0C);           //turn LCD cursor OFF
....................    }
.................... }
.................... 
.................... #endif
.................... 
.................... 
.................... 
.................... /*****************************************************************************
....................  * Funciones de Inicializacion de Perifericos
....................  ****************************************************************************/
.................... 
.................... void Init_GPIO(void);
.................... void Init_ADC(void);
.................... void InitTimer0(void);
.................... 
.................... /*****************************************************************************
.................... * Estados
.................... ****************************************************************************/
.................... typedef enum {
....................     STAND_BY,
....................     ESCRITURA,
....................     LECTURA
.................... } eEstado;
.................... 
.................... eEstado estado_actual = STAND_BY;
.................... 
.................... /*****************************************************************************
.................... * Funciones
.................... ****************************************************************************/
.................... 
.................... void maquina(void);
.................... 
.................... 
.................... /*****************************************************************************
.................... * Variables globales
.................... ****************************************************************************/
.................... 
.................... /* ADC */
.................... int16 resultado_adc=0;
.................... int flag_adc = 0;
.................... 
.................... /* INTERRUPCIONES EXTERNAS */
.................... int flag_RB0 = 0;
.................... 
.................... /* TIMER 0 */
.................... int contador_ms = 0;
.................... int flag_segundo = 0;
.................... 
.................... /*****************************************************************************
.................... * Interrupciones
.................... ****************************************************************************/
.................... 
.................... #INT_TIMER0 // ACA ESCRIBO QUÉ DEBO HACER EN CADA INTERRUPCIÓN
.................... void Timer0_ISR() {
....................   
....................   set_timer0(61);
*
004D:  MOVLW  3D
004E:  MOVWF  15
....................   if(contador_ms >= 20) { //PASO 1 SEG
004F:  MOVF   2D,W
0050:  SUBLW  13
0051:  BTFSC  03.0
0052:  GOTO   056
....................        contador_ms = 0;
0053:  CLRF   2D
....................        flag_segundo = 1; // aviso que ya pasó el tiempo deseado
0054:  MOVLW  01
0055:  MOVWF  2E
....................    }
....................    contador_ms++;
0056:  INCF   2D,F
.................... }
.................... 
0057:  BCF    0B.2
0058:  MOVLP  00
0059:  GOTO   02E
.................... #INT_EXT
.................... void EXT_ISR(void) {
....................  
....................  flag_RB0 = 1;
005A:  MOVLW  01
005B:  MOVWF  2C
.................... }
.................... 
005C:  BCF    0B.1
005D:  MOVLP  00
005E:  GOTO   02E
.................... #INT_AD
.................... void ISR_ADC(void) {
....................    resultado_adc = read_adc(ADC_READ_ONLY);
005F:  MOVLW  11
0060:  MOVWF  77
0061:  MOVLB  01
0062:  BTFSS  1D.1
0063:  GOTO   066
0064:  DECFSZ 77,F
0065:  GOTO   062
0066:  MOVF   1B,W
0067:  MOVWF  78
0068:  MOVF   1C,W
0069:  MOVLB  00
006A:  MOVWF  2A
006B:  MOVF   78,W
006C:  MOVWF  29
....................    flag_adc = 1;
006D:  MOVLW  01
006E:  MOVWF  2B
....................    
006F:  BCF    11.6
0070:  MOVLP  00
0071:  GOTO   02E
.................... }
.................... 
.................... /*****************************************************************************
.................... * Main
.................... ****************************************************************************/
.................... void main()
*
0386:  MOVLW  6A
0387:  MOVLB  01
0388:  MOVWF  19
0389:  MOVLB  00
038A:  CLRF   28
038B:  CLRF   2A
038C:  CLRF   29
038D:  CLRF   2B
038E:  CLRF   2C
038F:  CLRF   2D
0390:  CLRF   2E
0391:  CLRF   30
0392:  CLRF   2F
0393:  MOVLB  03
0394:  CLRF   0C
0395:  CLRF   0D
0396:  MOVLB  02
0397:  CLRF   12
0398:  CLRF   11
0399:  CLRF   14
039A:  CLRF   13
.................... {
.................... 
.................... Init_GPIO();
039B:  MOVLB  00
039C:  GOTO   077
.................... lcd_init();
039D:  GOTO   196
.................... Init_ADC();
039E:  GOTO   1DF
.................... InitTimer0();
039F:  GOTO   1F7
.................... 
....................    while(TRUE) {
....................       maquina();
03A0:  GOTO   240
03A1:  GOTO   3A0
....................    }
.................... 
.................... }
.................... 
03A2:  SLEEP
.................... void Init_GPIO()
.................... {
.................... /* SETEAMOS LOS PINES PB0-PB7 COMO SALIDA */
.................... 
....................    set_tris_b(0b00000001);
*
0077:  MOVLW  01
0078:  MOVLB  01
0079:  MOVWF  0D
....................    set_tris_a(0b00000001);
007A:  MOVWF  0C
....................    
....................    output_low(PIN_B1);
007B:  BCF    0D.1
007C:  MOVLB  02
007D:  BCF    0D.1
....................    output_low(PIN_B2);
007E:  MOVLB  01
007F:  BCF    0D.2
0080:  MOVLB  02
0081:  BCF    0D.2
....................    output_low(PIN_B3);
0082:  MOVLB  01
0083:  BCF    0D.3
0084:  MOVLB  02
0085:  BCF    0D.3
....................    output_low(PIN_B4);
0086:  MOVLB  01
0087:  BCF    0D.4
0088:  MOVLB  02
0089:  BCF    0D.4
....................    output_low(PIN_B5);
008A:  MOVLB  01
008B:  BCF    0D.5
008C:  MOVLB  02
008D:  BCF    0D.5
....................    output_low(PIN_B6);
008E:  MOVLB  01
008F:  BCF    0D.6
0090:  MOVLB  02
0091:  BCF    0D.6
....................    output_low(PIN_B7);
0092:  MOVLB  01
0093:  BCF    0D.7
0094:  MOVLB  02
0095:  BCF    0D.7
....................    
....................    output_low(PIN_A1);
0096:  MOVLB  01
0097:  BCF    0C.1
0098:  MOVLB  02
0099:  BCF    0C.1
....................    output_low(PIN_A2);
009A:  MOVLB  01
009B:  BCF    0C.2
009C:  MOVLB  02
009D:  BCF    0C.2
....................    output_low(PIN_A3);
009E:  MOVLB  01
009F:  BCF    0C.3
00A0:  MOVLB  02
00A1:  BCF    0C.3
....................    output_low(PIN_A4);
00A2:  MOVLB  01
00A3:  BCF    0C.4
00A4:  MOVLB  02
00A5:  BCF    0C.4
....................    output_low(PIN_A5);
00A6:  MOVLB  01
00A7:  BCF    0C.5
00A8:  MOVLB  02
00A9:  BCF    0C.5
....................    output_low(PIN_A6);
00AA:  MOVLB  01
00AB:  BCF    0C.6
00AC:  MOVLB  02
00AD:  BCF    0C.6
....................    output_low(PIN_A7);
00AE:  MOVLB  01
00AF:  BCF    0C.7
00B0:  MOVLB  02
00B1:  BCF    0C.7
....................    
....................    enable_interrupts(INT_EXT);
00B2:  BSF    0B.4
....................    enable_interrupts(GLOBAL);
00B3:  MOVLW  C0
00B4:  IORWF  0B,F
00B5:  MOVLP  00
00B6:  MOVLB  00
00B7:  GOTO   39D (RETURN)
.................... }
.................... 
.................... void maquina(void) {
.................... 
....................  switch(estado_actual) {
*
0240:  MOVF   28,W
0241:  XORLW  02
0242:  BTFSC  03.2
0243:  GOTO   248
0244:  XORLW  03
0245:  BTFSC  03.2
0246:  GOTO   252
0247:  GOTO   382
....................   
....................   case LECTURA:
....................      
....................      read_adc(ADC_START_ONLY); // SIEMPRE ESTOY LEYENDO HASTA PERO ESPERO AL BOTÓN
0248:  MOVLB  01
0249:  BSF    1D.1
....................      
....................       if(flag_RB0 == 1 && flag_adc == 1) {   
024A:  MOVLB  00
024B:  DECFSZ 2C,W
024C:  GOTO   251
024D:  DECFSZ 2B,W
024E:  GOTO   251
....................          estado_actual = ESCRITURA;
024F:  MOVLW  01
0250:  MOVWF  28
....................        }
....................   break;
0251:  GOTO   384
.................... 
....................   case ESCRITURA:
....................     
....................     if(flag_segundo == 1) {
0252:  DECFSZ 2E,W
0253:  GOTO   381
....................       lcd_putc("\f");
0254:  MOVLW  03
0255:  MOVLB  03
0256:  MOVWF  11
0257:  MOVLW  00
0258:  MOVWF  12
....................       printf(LCD_PUTC,"Pot = %ld",resultado_adc);
*
029E:  MOVLW  72
029F:  MOVWF  11
02A0:  MOVLW  00
02A1:  MOVWF  12
02A2:  BCF    03.0
02A3:  MOVLW  06
02A4:  MOVLB  00
02A5:  MOVWF  31
*
02F5:  MOVLW  10
02F6:  MOVWF  04
02F7:  MOVF   2A,W
02F8:  MOVWF  32
02F9:  MOVF   29,W
02FA:  MOVWF  31
....................       flag_segundo = 0;
*
037C:  CLRF   2E
....................       flag_adc = 0;
037D:  CLRF   2B
....................       flag_RB0 = 0;
037E:  CLRF   2C
....................       estado_actual = LECTURA;
037F:  MOVLW  02
0380:  MOVWF  28
....................     }
....................   break;
0381:  GOTO   384
....................   
....................   default:
....................   estado_actual = LECTURA;
0382:  MOVLW  02
0383:  MOVWF  28
.................... 
....................  }
0384:  MOVLP  00
0385:  GOTO   3A1 (RETURN)
.................... }
.................... 
.................... void Init_ADC() {
.................... 
.................... setup_adc_ports(sAN0);
*
01DF:  MOVLB  01
01E0:  BCF    1E.0
01E1:  BCF    1E.1
01E2:  BCF    1E.2
01E3:  MOVLW  01
01E4:  MOVLB  03
01E5:  MOVWF  0C
01E6:  MOVLW  00
01E7:  MOVWF  0D
.................... setup_adc(ADC_CLOCK_INTERNAL);
01E8:  MOVLB  01
01E9:  BSF    1E.4
01EA:  BSF    1E.5
01EB:  BCF    1E.6
01EC:  BSF    1E.7
01ED:  BSF    1D.0
.................... set_adc_channel(0);
01EE:  MOVWF  78
01EF:  MOVF   1D,W
01F0:  ANDLW  83
01F1:  IORWF  78,W
01F2:  MOVWF  1D
.................... enable_interrupts(INT_AD);
01F3:  BSF    11.6
01F4:  MOVLP  00
01F5:  MOVLB  00
01F6:  GOTO   39F (RETURN)
.................... 
.................... }
.................... 
.................... void InitTimer0(void) {
.................... 
....................     setup_timer_0(RTCC_INTERNAL|RTCC_DIV_256); // Configuro prescaler
01F7:  MOVLB  01
01F8:  MOVF   15,W
01F9:  ANDLW  C0
01FA:  IORLW  07
01FB:  MOVWF  15
....................     
....................     set_timer0(61);                  // Reinicio el timer --> Interrupciones cada 50ms
01FC:  MOVLW  3D
01FD:  MOVLB  00
01FE:  MOVWF  15
....................     enable_interrupts(INT_TIMER0);    // Activo Interrupcion timer0
01FF:  BSF    0B.5
0200:  MOVLP  00
0201:  GOTO   3A0 (RETURN)
....................     
.................... }
.................... 

Configuration Fuses:
   Word  1: 3F84   INTRC_IO NOWDT PUT NOMCLR NOPROTECT NOCPD BROWNOUT NOCLKOUT IESO FCMEN
   Word  2: 1EFF   NOWRT PLL_SW STVREN BORV19 NODEBUG NOLVP
