
ROM used:   200/4096 (5%)
            200/4096 (5%) including unused fragments

            0.2 Average locations per line
            4.8 Average locations per statement

RAM used:   9/383 (2%) at main() level
            22/383 (6%) worst case

Stack used: 1 worst case (0 in main + 1 for interrupts)
Stack size: 16

Lines Stmts  %   Files
----- ----- ---  -----
  104    42 100  Ejercicio 4 timer final.c
    6     0   0  Ejercicio 4 timer final.h
  965     0   0  ..\..\..\..\..\..\..\Program Files (x86)\PICC\Devices\16F1827.h
----- -----
 1075    42 Total

Page ROM  %  RAM    Vol Diff  Functions:
---- --- --- ---    --- ----  ----------
0     25  12    0    154  3.1  TIMER0_ISR
0     68  34    2    344  2.8  RB_ISR
0     19  10    0     50  1.3  MAIN
0     30  15    0    134  1.3  InitGPIO
0     13   6    0     84  1.7  InitTimer0
0     10   5    0     37  1.1  InitInterrupts
 Inline         0             @cinit1

Program metrics:
    Functions               6
    Statements              42
    Comments                198
    Volume (V)              1223
    Difficulty (D)          11.6
    Effort to implement (E) 14125
    Time to implement (T)   13 minutes
    Est Delivered Bugs (B)  0
    Cyclomatic Complexity   6
    Maintainability (MI)    137

 Segment     Used  Free
-----------  ----  ----
00000-00002     3  0  
00003-00003     0  1  
00004-00023    32  0  
00024-007FF   165  1847  
00800-00FFF     0  2048  



