
ROM used:   164/4096 (4%)
            164/4096 (4%) including unused fragments

            0.2 Average locations per line
            5.3 Average locations per statement

RAM used:   13/383 (3%) at main() level
            24/383 (6%) worst case

Stack used: 1 worst case (0 in main + 1 for interrupts)
Stack size: 16

Lines Stmts  %   Files
----- ----- ---  -----
   87    31 100  Ejercicio 1 Timer.c
    5     0   0  Ejercicio 1 Timer.h
  965     0   0  ..\..\..\..\..\..\..\Program Files (x86)\PICC\Devices\16F1827.h
----- -----
 1057    31 Total

Page ROM  %  RAM    Vol Diff  Functions:
---- --- --- ---    --- ----  ----------
0     31  19    0    165  4.0  TIMER0_ISR
0     81  49    1    357  5.5  MAIN
0      9   5    0     37  1.1  InitGPIO
0     14   9    0    104  1.7  InitTimer0
 Inline         0     65  1.6  @cinit1

Program metrics:
    Functions               5
    Statements              31
    Comments                187
    Volume (V)              1050
    Difficulty (D)          13.8
    Effort to implement (E) 14524
    Time to implement (T)   13 minutes
    Est Delivered Bugs (B)  0
    Cyclomatic Complexity   5
    Maintainability (MI)    111

 Segment     Used  Free
-----------  ----  ----
00000-00002     3  0  
00003-00003     0  1  
00004-0001D    26  0  
0001E-007FF   135  1883  
00800-00FFF     0  2048  



