
ROM used:   81/4096 (2%)
            81/4096 (2%) including unused fragments

            0.1 Average locations per line
            9.0 Average locations per statement

RAM used:   6/383 (2%) at main() level
            18/383 (5%) worst case

Stack used: 0 worst case (0 in main + 0 for interrupts)
Stack size: 16

Lines Stmts  %   Files
----- ----- ---  -----
   41     9 100  ejercico5b_main.c
    5     0   0  main.h
  965     0   0  ..\..\..\..\Program Files (x86)\PICC\Devices\16F1827.h
----- -----
 1011     9 Total

Page ROM  %  RAM    Vol Diff  Functions:
---- --- --- ---    --- ----  ----------
0     22  27    1             @delay_ms1
0     11  14    0             @const723
0     36  44    2    163  3.9  main
0      9  11    0     37  1.1  Init_GPIO
 Inline         0             @cinit1

Program metrics:
    Functions               2
    Statements              9
    Comments                173
    Volume (V)              241
    Difficulty (D)          4.4
    Effort to implement (E) 1058
    Time to implement (T)   1 minutes
    Est Delivered Bugs (B)  0
    Cyclomatic Complexity   1
    Maintainability (MI)    170

 Segment     Used  Free
-----------  ----  ----
00000-00002     3  0  
00003-007FF    78  1967  
00800-00FFF     0  2048  



