
ROM used:   133/4096 (3%)
            133/4096 (3%) including unused fragments

            0.1 Average locations per line
            7.8 Average locations per statement

RAM used:   11/383 (3%) at main() level
            22/383 (6%) worst case

Stack used: 1 worst case (0 in main + 1 for interrupts)
Stack size: 16

Lines Stmts  %   Files
----- ----- ---  -----
   77    17 100  Ejercicio7_TP2.c
    5     0   0  Ejercicio7_TP2.h
  965     0   0  ..\..\..\..\..\..\..\Program Files (x86)\PICC\Devices\16F1827.h
----- -----
 1047    17 Total

Page ROM  %  RAM    Vol Diff  Functions:
---- --- --- ---    --- ----  ----------
0     39  29    0    110  2.1  ISR_ADC
0     23  17    0     68  1.5  MAIN
0     17  13    0     59  1.6  Init_GPIO
0     16  12    0     48  1.1  Init_ADC
0      6   5    0     30  1.3  Init_DAC
 Inline         0             @cinit1

Program metrics:
    Functions               5
    Statements              17
    Comments                179
    Volume (V)              508
    Difficulty (D)          7.6
    Effort to implement (E) 3863
    Time to implement (T)   4 minutes
    Est Delivered Bugs (B)  0
    Cyclomatic Complexity   1
    Maintainability (MI)    135

 Segment     Used  Free
-----------  ----  ----
00000-00002     3  0  
00003-00003     0  1  
00004-00020    29  0  
00021-007FF   101  1914  
00800-00FFF     0  2048  



