
ROM used:   726/4096 (18%)
            726/4096 (18%) including unused fragments

            0.4 Average locations per line
            2.6 Average locations per statement

RAM used:   30/383 (8%) at main() level
            55/383 (14%) worst case

Stack used: 1 worst case (0 in main + 1 for interrupts)
Stack size: 16

Lines Stmts  %   Files
----- ----- ---  -----
  138    50  18  Ejercicio3_main.c
    5     0   0  Ejercicio3_main.h
  965     0   0  ..\..\..\..\..\..\Program Files (x86)\PICC\Devices\16F1827.h
  435   129  46  ..\..\..\..\..\..\Program Files (x86)\PICC\Drivers\string.h
   32     0   0  ..\..\..\..\..\..\Program Files (x86)\PICC\Drivers\stddef.h
   28     0   0  ..\..\..\..\..\..\Program Files (x86)\PICC\Drivers\ctype.h
  456   100  36  ..\..\..\..\..\..\Program Files (x86)\PICC\Drivers\lcd.c
----- -----
 2059   279 Total

Page ROM  %  RAM    Vol Diff  Functions:
---- --- --- ---    --- ----  ----------
0     22   3    1             @delay_ms1
 Inline         5    129  4.6  strlen
 Inline         3    760  4.5  lcd_read_byte
0     49   7    2    262  3.7  lcd_read_nibble
0     55   8    1    399  2.4  lcd_send_nibble
0     97  13    3    415  3.7  lcd_send_byte
0     73  10    6    852  6.2  lcd_init
0     18   2    4    208  6.3  lcd_gotoxy
0     44   6    1    354  4.7  lcd_putc
0     37   5    0    186  3.1  Timer0_ISR
0     38   5    0     62  1.4  MAIN
0      7   1    0     32  1.0  Init_GPIO
0     13   2    0     84  1.7  InitTimer0
0    124  17    1    828  8.1  maquina
0      8   1    0             @const871
0     74  10    3             @PSTRINGC7_840
0      6   1    0             @const876
 Inline         2             @PSTRINGR_840
 Inline         0             @cinit1

Program metrics:
    Functions               13
    Statements              279
    Comments                432
    Volume (V)              7370
    Difficulty (D)          51.1
    Effort to implement (E) 376724
    Time to implement (T)   5 hours, 49 minutes
    Est Delivered Bugs (B)  2
    Cyclomatic Complexity   18
    Maintainability (MI)    112

 Segment     Used  Free
-----------  ----  ----
00000-00002     3  0  
00003-00003     0  1  
00004-0003D    58  0  
0003E-007FF   665  1321  
00800-00FFF     0  2048  



