
ROM used:   194/4096 (5%)
            194/4096 (5%) including unused fragments

            0.2 Average locations per line
            5.2 Average locations per statement

RAM used:   5/383 (1%) at main() level
            17/383 (4%) worst case

Stack used: 0 worst case (0 in main + 0 for interrupts)
Stack size: 16

Lines Stmts  %   Files
----- ----- ---  -----
   71    37 100  Ejercicio1 compuertas.c
    5     0   0  Ejercicio1 compuertas.h
  965     0   0  ..\..\..\..\..\..\..\Program Files (x86)\PICC\Devices\16F1827.h
----- -----
 1041    37 Total

Page ROM  %  RAM    Vol Diff  Functions:
---- --- --- ---    --- ----  ----------
0     22  11    1             @delay_ms1
0    124  64    1    596  3.3  main
0     45  23    0    202  1.4  InitGPIO
 Inline         0     50  1.3  @cinit1

Program metrics:
    Functions               3
    Statements              37
    Comments                179
    Volume (V)              1053
    Difficulty (D)          6.3
    Effort to implement (E) 6673
    Time to implement (T)   6 minutes
    Est Delivered Bugs (B)  0
    Cyclomatic Complexity   4
    Maintainability (MI)    71

 Segment     Used  Free
-----------  ----  ----
00000-00002     3  0  
00003-007FF   191  1854  
00800-00FFF     0  2048  



