
ROM used:   73/4096 (2%)
            73/4096 (2%) including unused fragments

            0.1 Average locations per line
            8.1 Average locations per statement

RAM used:   5/383 (1%) at main() level
            17/383 (4%) worst case

Stack used: 0 worst case (0 in main + 0 for interrupts)
Stack size: 16

Lines Stmts  %   Files
----- ----- ---  -----
   42     9 100  punto2.c
  965     0   0  ..\..\..\..\..\..\Program Files (x86)\PICC\Devices\16F1827.h
----- -----
 1007     9 Total

Page ROM  %  RAM    Vol Diff  Functions:
---- --- --- ---    --- ----  ----------
0     22  30    1             @delay_ms1
0     39  53    1    106  1.7  main
0      9  12    0     37  1.1  InitGPIO
 Inline         0             @cinit1

Program metrics:
    Functions               2
    Statements              9
    Comments                177
    Volume (V)              180
    Difficulty (D)          2.5
    Effort to implement (E) 458
    Time to implement (T)   0 minutes
    Est Delivered Bugs (B)  0
    Cyclomatic Complexity   1
    Maintainability (MI)    168

 Segment     Used  Free
-----------  ----  ----
00000-00002     3  0  
00003-007FF    70  1975  
00800-00FFF     0  2048  



