
ROM used:   182/4096 (4%)
            182/4096 (4%) including unused fragments

            0.2 Average locations per line
            3.6 Average locations per statement

RAM used:   12/383 (3%) at main() level
            24/383 (6%) worst case

Stack used: 1 worst case (0 in main + 1 for interrupts)
Stack size: 16

Lines Stmts  %   Files
----- ----- ---  -----
  136    51 100  Semaforo.c
    5     0   0  Semaforo.h
  965     0   0  ..\..\..\..\..\..\Program Files (x86)\PICC\Devices\16F1827.h
----- -----
 1106    51 Total

Page ROM  %  RAM    Vol Diff  Functions:
---- --- --- ---    --- ----  ----------
0     13   7    0     96  2.9  Timer0_ISR
0     22  12    0     50  1.3  MAIN
0     80  44    0    613  4.3  MaquinaEstado
0     19  10    0     94  1.7  InitGPIO
0     13   7    0     84  1.7  InitTimer0
0      6   3    1     61  1.6  InicioCuentaTimer
 Inline         0             @cinit1

Program metrics:
    Functions               6
    Statements              51
    Comments                191
    Volume (V)              1435
    Difficulty (D)          13.9
    Effort to implement (E) 19943
    Time to implement (T)   18 minutes
    Est Delivered Bugs (B)  0
    Cyclomatic Complexity   7
    Maintainability (MI)    139

 Segment     Used  Free
-----------  ----  ----
00000-00002     3  0  
00003-00003     0  1  
00004-0001D    26  0  
0001E-007FF   153  1865  
00800-00FFF     0  2048  



