
ROM used:   134/4096 (3%)
            134/4096 (3%) including unused fragments

            0.1 Average locations per line
            5.8 Average locations per statement

RAM used:   14/383 (4%) at main() level
            25/383 (7%) worst case

Stack used: 1 worst case (0 in main + 1 for interrupts)
Stack size: 16

Lines Stmts  %   Files
----- ----- ---  -----
   73    23 100  Ejercicio3_timers.c
    5     0   0  Ejercicio3_timers.h
  965     0   0  ..\..\..\..\..\..\Program Files (x86)\PICC\Devices\16F1827.h
----- -----
 1043    23 Total

Page ROM  %  RAM    Vol Diff  Functions:
---- --- --- ---    --- ----  ----------
0     18  13    0    115  2.9  TIMER0_ISR
0     66  49    4    354  4.7  MAIN
0      9   7    0     37  1.1  InitGPIO
0     12   9    0     94  1.7  InitTimer0
 Inline         0             @cinit1

Program metrics:
    Functions               4
    Statements              23
    Comments                178
    Volume (V)              823
    Difficulty (D)          10.4
    Effort to implement (E) 8559
    Time to implement (T)   8 minutes
    Est Delivered Bugs (B)  0
    Cyclomatic Complexity   3
    Maintainability (MI)    75

 Segment     Used  Free
-----------  ----  ----
00000-00002     3  0  
00003-00003     0  1  
00004-0001D    26  0  
0001E-007FF   105  1913  
00800-00FFF     0  2048  



