
ROM used:   70/4096 (2%)
            70/4096 (2%) including unused fragments

            0.1 Average locations per line
            7.0 Average locations per statement

RAM used:   5/383 (1%) at main() level
            17/383 (4%) worst case

Stack used: 0 worst case (0 in main + 0 for interrupts)
Stack size: 16

Lines Stmts  %   Files
----- ----- ---  -----
   37    10 100  Ejercicio 4 compuertas.c
    5     0   0  Ejercicio 4 compuertas.h
  965     0   0  ..\..\..\..\..\..\..\Program Files (x86)\PICC\Devices\16F1827.h
----- -----
 1007    10 Total

Page ROM  %  RAM    Vol Diff  Functions:
---- --- --- ---    --- ----  ----------
0     23  33    1             @delay_ms1
0     28  40    1    149  3.5  main
0     16  23    0     54  1.2  InitGPIO
 Inline         0     50  1.3  @cinit1

Program metrics:
    Functions               3
    Statements              10
    Comments                169
    Volume (V)              348
    Difficulty (D)          5.8
    Effort to implement (E) 2021
    Time to implement (T)   2 minutes
    Est Delivered Bugs (B)  0
    Cyclomatic Complexity   1
    Maintainability (MI)    86

 Segment     Used  Free
-----------  ----  ----
00000-00002     3  0  
00003-007FF    67  1978  
00800-00FFF     0  2048  



